#
# There is insufficient memory for the Java Runtime Environment to continue.
# Native memory allocation (malloc) failed to allocate 406928 bytes for Chunk::new
# Possible reasons:
#   The system is out of physical RAM or swap space
#   The process is running with CompressedOops enabled, and the Java Heap may be blocking the growth of the native heap
# Possible solutions:
#   Reduce memory load on the system
#   Increase physical memory or swap space
#   Check if swap backing store is full
#   Decrease Java heap size (-Xmx/-Xms)
#   Decrease number of Java threads
#   Decrease Java thread stack sizes (-Xss)
#   Set larger code cache with -XX:ReservedCodeCacheSize=
#   JVM is running with Unscaled Compressed Oops mode in which the Java heap is
#     placed in the first 4GB address space. The Java Heap base address is the
#     maximum limit for the native heap growth. Please use -XX:HeapBaseMinAddress
#     to set the Java Heap base and to place the Java Heap above 4GB virtual address.
# This output file may be truncated or incomplete.
#
#  Out of Memory Error (arena.cpp:168), pid=12300, tid=10760
#
# JRE version: Java(TM) SE Runtime Environment (21.0.2+13) (build 21.0.2+13-LTS-58)
# Java VM: Java HotSpot(TM) 64-Bit Server VM (21.0.2+13-LTS-58, mixed mode, sharing, tiered, compressed oops, compressed class ptrs, g1 gc, windows-amd64)
# No core dump will be written. Minidumps are not enabled by default on client versions of Windows
#

---------------  S U M M A R Y ------------

Command Line: -Dclassworlds.conf=C:\Program Files\NetBeans-21\netbeans\java\maven\bin\m2.conf -Dmaven.home=C:\Program Files\NetBeans-21\netbeans\java\maven -Dlibrary.jansi.path=C:\Program Files\NetBeans-21\netbeans\java\maven\lib\jansi-native -Dmaven.multiModuleProjectDirectory=C:\Users\JM\Documents\NetBeansProjects\SGB org.codehaus.plexus.classworlds.launcher.Launcher -Dmaven.ext.class.path=C:\Program Files\NetBeans-21\netbeans\java\maven-nblib\netbeans-eventspy.jar --no-transfer-progress install

Host: Intel(R) Core(TM) i5-3210M CPU @ 2.50GHz, 4 cores, 7G,  Windows 10 , 64 bit Build 19041 (10.0.19041.3636)
Time: Fri Mar 29 12:24:59 2024 Hora est. Pacífico, Sudamérica elapsed time: 21.961452 seconds (0d 0h 0m 21s)

---------------  T H R E A D  ---------------

Current thread (0x0000028d2813f600):  JavaThread "C2 CompilerThread0" daemon [_thread_in_native, id=10760, stack(0x000000da02b00000,0x000000da02c00000) (1024K)]


Current CompileTask:
C2:  21961 1151   !   4       java.util.concurrent.ConcurrentHashMap::transfer (849 bytes)

Stack: [0x000000da02b00000,0x000000da02c00000]
Native frames: (J=compiled Java code, j=interpreted, Vv=VM code, C=native code)
V  [jvm.dll+0x6cade9]
V  [jvm.dll+0x8569c1]
V  [jvm.dll+0x858d2e]
V  [jvm.dll+0x859413]
V  [jvm.dll+0x280e56]
V  [jvm.dll+0xc3f3d]
V  [jvm.dll+0xc4473]
V  [jvm.dll+0x3b5c2c]
V  [jvm.dll+0x382855]
V  [jvm.dll+0x381cca]
V  [jvm.dll+0x249bd0]
V  [jvm.dll+0x2491b1]
V  [jvm.dll+0x1c9634]
V  [jvm.dll+0x258859]
V  [jvm.dll+0x256e3a]
V  [jvm.dll+0x3ef6c6]
V  [jvm.dll+0x7ff568]
V  [jvm.dll+0x6c953d]
C  [ucrtbase.dll+0x21bb2]
C  [KERNEL32.DLL+0x17344]
C  [ntdll.dll+0x526b1]


---------------  P R O C E S S  ---------------

Threads class SMR info:
_java_thread_list=0x0000028d2830bff0, length=11, elements={
0x0000028d09f77e90, 0x0000028d28136740, 0x0000028d28137660, 0x0000028d2813a840,
0x0000028d2813d3b0, 0x0000028d2813de10, 0x0000028d2813e870, 0x0000028d2813f600,
0x0000028d281a7930, 0x0000028d28334ff0, 0x0000028d28335660
}

Java Threads: ( => current thread )
  0x0000028d09f77e90 JavaThread "main"                              [_thread_in_Java, id=14072, stack(0x000000da01c00000,0x000000da01d00000) (1024K)]
  0x0000028d28136740 JavaThread "Reference Handler"          daemon [_thread_blocked, id=13460, stack(0x000000da02500000,0x000000da02600000) (1024K)]
  0x0000028d28137660 JavaThread "Finalizer"                  daemon [_thread_blocked, id=13944, stack(0x000000da02600000,0x000000da02700000) (1024K)]
  0x0000028d2813a840 JavaThread "Signal Dispatcher"          daemon [_thread_blocked, id=192, stack(0x000000da02700000,0x000000da02800000) (1024K)]
  0x0000028d2813d3b0 JavaThread "Attach Listener"            daemon [_thread_blocked, id=8876, stack(0x000000da02800000,0x000000da02900000) (1024K)]
  0x0000028d2813de10 JavaThread "Service Thread"             daemon [_thread_blocked, id=9512, stack(0x000000da02900000,0x000000da02a00000) (1024K)]
  0x0000028d2813e870 JavaThread "Monitor Deflation Thread"   daemon [_thread_blocked, id=9544, stack(0x000000da02a00000,0x000000da02b00000) (1024K)]
=>0x0000028d2813f600 JavaThread "C2 CompilerThread0"         daemon [_thread_in_native, id=10760, stack(0x000000da02b00000,0x000000da02c00000) (1024K)]
  0x0000028d281a7930 JavaThread "C1 CompilerThread0"         daemon [_thread_blocked, id=8648, stack(0x000000da02c00000,0x000000da02d00000) (1024K)]
  0x0000028d28334ff0 JavaThread "Notification Thread"        daemon [_thread_blocked, id=4000, stack(0x000000da02d00000,0x000000da02e00000) (1024K)]
  0x0000028d28335660 JavaThread "Common-Cleaner"             daemon [_thread_blocked, id=1380, stack(0x000000da02e00000,0x000000da02f00000) (1024K)]
Total: 11

Other Threads:
  0x0000028d28113960 VMThread "VM Thread"                           [id=11524, stack(0x000000da02400000,0x000000da02500000) (1024K)]
  0x0000028d280fd290 WatcherThread "VM Periodic Task Thread"        [id=10128, stack(0x000000da02300000,0x000000da02400000) (1024K)]
  0x0000028d0c0fc0f0 WorkerThread "GC Thread#0"                     [id=10584, stack(0x000000da01e00000,0x000000da01f00000) (1024K)]
  0x0000028d287da4d0 WorkerThread "GC Thread#1"                     [id=13604, stack(0x000000da02f00000,0x000000da03000000) (1024K)]
  0x0000028d287da870 WorkerThread "GC Thread#2"                     [id=3328, stack(0x000000da03000000,0x000000da03100000) (1024K)]
  0x0000028d287aba80 WorkerThread "GC Thread#3"                     [id=17496, stack(0x000000da03100000,0x000000da03200000) (1024K)]
  0x0000028d0c10e4f0 ConcurrentGCThread "G1 Main Marker"            [id=8400, stack(0x000000da01f00000,0x000000da02000000) (1024K)]
  0x0000028d0c10eff0 WorkerThread "G1 Conc#0"                       [id=14668, stack(0x000000da02000000,0x000000da02100000) (1024K)]
  0x0000028d27fd10a0 ConcurrentGCThread "G1 Refine#0"               [id=784, stack(0x000000da02100000,0x000000da02200000) (1024K)]
  0x0000028d0c17d8e0 ConcurrentGCThread "G1 Service"                [id=13000, stack(0x000000da02200000,0x000000da02300000) (1024K)]
Total: 10

Threads with active compile tasks:
C2 CompilerThread0    22144 1151   !   4       java.util.concurrent.ConcurrentHashMap::transfer (849 bytes)
Total: 1

VM state: not at safepoint (normal execution)

VM Mutex/Monitor currently owned by a thread: None

Heap address: 0x0000000082000000, size: 2016 MB, Compressed Oops mode: 32-bit

CDS archive(s) mapped at: [0x0000028d29000000-0x0000028d29c90000-0x0000028d29c90000), size 13172736, SharedBaseAddress: 0x0000028d29000000, ArchiveRelocationMode: 1.
Compressed class space mapped at: 0x0000028d2a000000-0x0000028d6a000000, reserved size: 1073741824
Narrow klass base: 0x0000028d29000000, Narrow klass shift: 0, Narrow klass range: 0x100000000

GC Precious Log:
 CardTable entry size: 512
 Card Set container configuration: InlinePtr #cards 5 size 8 Array Of Cards #cards 12 size 40 Howl #buckets 4 coarsen threshold 1843 Howl Bitmap #cards 512 size 80 coarsen threshold 460 Card regions per heap region 1 cards per card region 2048
 CPUs: 4 total, 4 available
 Memory: 8057M
 Large Page Support: Disabled
 NUMA Support: Disabled
 Compressed Oops: Enabled (32-bit)
 Heap Region Size: 1M
 Heap Min Capacity: 8M
 Heap Initial Capacity: 126M
 Heap Max Capacity: 2016M
 Pre-touch: Disabled
 Parallel Workers: 4
 Concurrent Workers: 1
 Concurrent Refinement Workers: 4
 Periodic GC: Disabled

Heap:
 garbage-first heap   total 129024K, used 15615K [0x0000000082000000, 0x0000000100000000)
  region size 1024K, 15 young (15360K), 2 survivors (2048K)
 Metaspace       used 6029K, committed 6144K, reserved 1114112K
  class space    used 698K, committed 768K, reserved 1048576K

Heap Regions: E=young(eden), S=young(survivor), O=old, HS=humongous(starts), HC=humongous(continues), CS=collection set, F=free, TAMS=top-at-mark-start, PB=parsable bottom
|   0|0x0000000082000000, 0x0000000082100000, 0x0000000082100000|100%| O|  |TAMS 0x0000000082000000| PB 0x0000000082000000| Untracked 
|   1|0x0000000082100000, 0x000000008213ffc0, 0x0000000082200000| 24%| O|  |TAMS 0x0000000082100000| PB 0x0000000082100000| Untracked 
|   2|0x0000000082200000, 0x0000000082200000, 0x0000000082300000|  0%| F|  |TAMS 0x0000000082200000| PB 0x0000000082200000| Untracked 
|   3|0x0000000082300000, 0x0000000082300000, 0x0000000082400000|  0%| F|  |TAMS 0x0000000082300000| PB 0x0000000082300000| Untracked 
|   4|0x0000000082400000, 0x0000000082400000, 0x0000000082500000|  0%| F|  |TAMS 0x0000000082400000| PB 0x0000000082400000| Untracked 
|   5|0x0000000082500000, 0x0000000082500000, 0x0000000082600000|  0%| F|  |TAMS 0x0000000082500000| PB 0x0000000082500000| Untracked 
|   6|0x0000000082600000, 0x0000000082600000, 0x0000000082700000|  0%| F|  |TAMS 0x0000000082600000| PB 0x0000000082600000| Untracked 
|   7|0x0000000082700000, 0x0000000082700000, 0x0000000082800000|  0%| F|  |TAMS 0x0000000082700000| PB 0x0000000082700000| Untracked 
|   8|0x0000000082800000, 0x0000000082800000, 0x0000000082900000|  0%| F|  |TAMS 0x0000000082800000| PB 0x0000000082800000| Untracked 
|   9|0x0000000082900000, 0x0000000082900000, 0x0000000082a00000|  0%| F|  |TAMS 0x0000000082900000| PB 0x0000000082900000| Untracked 
|  10|0x0000000082a00000, 0x0000000082a00000, 0x0000000082b00000|  0%| F|  |TAMS 0x0000000082a00000| PB 0x0000000082a00000| Untracked 
|  11|0x0000000082b00000, 0x0000000082b00000, 0x0000000082c00000|  0%| F|  |TAMS 0x0000000082b00000| PB 0x0000000082b00000| Untracked 
|  12|0x0000000082c00000, 0x0000000082c00000, 0x0000000082d00000|  0%| F|  |TAMS 0x0000000082c00000| PB 0x0000000082c00000| Untracked 
|  13|0x0000000082d00000, 0x0000000082d00000, 0x0000000082e00000|  0%| F|  |TAMS 0x0000000082d00000| PB 0x0000000082d00000| Untracked 
|  14|0x0000000082e00000, 0x0000000082e00000, 0x0000000082f00000|  0%| F|  |TAMS 0x0000000082e00000| PB 0x0000000082e00000| Untracked 
|  15|0x0000000082f00000, 0x0000000082f00000, 0x0000000083000000|  0%| F|  |TAMS 0x0000000082f00000| PB 0x0000000082f00000| Untracked 
|  16|0x0000000083000000, 0x0000000083000000, 0x0000000083100000|  0%| F|  |TAMS 0x0000000083000000| PB 0x0000000083000000| Untracked 
|  17|0x0000000083100000, 0x0000000083100000, 0x0000000083200000|  0%| F|  |TAMS 0x0000000083100000| PB 0x0000000083100000| Untracked 
|  18|0x0000000083200000, 0x0000000083200000, 0x0000000083300000|  0%| F|  |TAMS 0x0000000083200000| PB 0x0000000083200000| Untracked 
|  19|0x0000000083300000, 0x0000000083300000, 0x0000000083400000|  0%| F|  |TAMS 0x0000000083300000| PB 0x0000000083300000| Untracked 
|  20|0x0000000083400000, 0x0000000083400000, 0x0000000083500000|  0%| F|  |TAMS 0x0000000083400000| PB 0x0000000083400000| Untracked 
|  21|0x0000000083500000, 0x0000000083500000, 0x0000000083600000|  0%| F|  |TAMS 0x0000000083500000| PB 0x0000000083500000| Untracked 
|  22|0x0000000083600000, 0x0000000083600000, 0x0000000083700000|  0%| F|  |TAMS 0x0000000083600000| PB 0x0000000083600000| Untracked 
|  23|0x0000000083700000, 0x0000000083700000, 0x0000000083800000|  0%| F|  |TAMS 0x0000000083700000| PB 0x0000000083700000| Untracked 
|  24|0x0000000083800000, 0x0000000083800000, 0x0000000083900000|  0%| F|  |TAMS 0x0000000083800000| PB 0x0000000083800000| Untracked 
|  25|0x0000000083900000, 0x0000000083900000, 0x0000000083a00000|  0%| F|  |TAMS 0x0000000083900000| PB 0x0000000083900000| Untracked 
|  26|0x0000000083a00000, 0x0000000083a00000, 0x0000000083b00000|  0%| F|  |TAMS 0x0000000083a00000| PB 0x0000000083a00000| Untracked 
|  27|0x0000000083b00000, 0x0000000083b00000, 0x0000000083c00000|  0%| F|  |TAMS 0x0000000083b00000| PB 0x0000000083b00000| Untracked 
|  28|0x0000000083c00000, 0x0000000083c00000, 0x0000000083d00000|  0%| F|  |TAMS 0x0000000083c00000| PB 0x0000000083c00000| Untracked 
|  29|0x0000000083d00000, 0x0000000083d00000, 0x0000000083e00000|  0%| F|  |TAMS 0x0000000083d00000| PB 0x0000000083d00000| Untracked 
|  30|0x0000000083e00000, 0x0000000083e00000, 0x0000000083f00000|  0%| F|  |TAMS 0x0000000083e00000| PB 0x0000000083e00000| Untracked 
|  31|0x0000000083f00000, 0x0000000083f00000, 0x0000000084000000|  0%| F|  |TAMS 0x0000000083f00000| PB 0x0000000083f00000| Untracked 
|  32|0x0000000084000000, 0x0000000084000000, 0x0000000084100000|  0%| F|  |TAMS 0x0000000084000000| PB 0x0000000084000000| Untracked 
|  33|0x0000000084100000, 0x0000000084100000, 0x0000000084200000|  0%| F|  |TAMS 0x0000000084100000| PB 0x0000000084100000| Untracked 
|  34|0x0000000084200000, 0x0000000084200000, 0x0000000084300000|  0%| F|  |TAMS 0x0000000084200000| PB 0x0000000084200000| Untracked 
|  35|0x0000000084300000, 0x0000000084300000, 0x0000000084400000|  0%| F|  |TAMS 0x0000000084300000| PB 0x0000000084300000| Untracked 
|  36|0x0000000084400000, 0x0000000084400000, 0x0000000084500000|  0%| F|  |TAMS 0x0000000084400000| PB 0x0000000084400000| Untracked 
|  37|0x0000000084500000, 0x0000000084500000, 0x0000000084600000|  0%| F|  |TAMS 0x0000000084500000| PB 0x0000000084500000| Untracked 
|  38|0x0000000084600000, 0x0000000084600000, 0x0000000084700000|  0%| F|  |TAMS 0x0000000084600000| PB 0x0000000084600000| Untracked 
|  39|0x0000000084700000, 0x0000000084700000, 0x0000000084800000|  0%| F|  |TAMS 0x0000000084700000| PB 0x0000000084700000| Untracked 
|  40|0x0000000084800000, 0x0000000084800000, 0x0000000084900000|  0%| F|  |TAMS 0x0000000084800000| PB 0x0000000084800000| Untracked 
|  41|0x0000000084900000, 0x0000000084900000, 0x0000000084a00000|  0%| F|  |TAMS 0x0000000084900000| PB 0x0000000084900000| Untracked 
|  42|0x0000000084a00000, 0x0000000084a00000, 0x0000000084b00000|  0%| F|  |TAMS 0x0000000084a00000| PB 0x0000000084a00000| Untracked 
|  43|0x0000000084b00000, 0x0000000084b00000, 0x0000000084c00000|  0%| F|  |TAMS 0x0000000084b00000| PB 0x0000000084b00000| Untracked 
|  44|0x0000000084c00000, 0x0000000084c00000, 0x0000000084d00000|  0%| F|  |TAMS 0x0000000084c00000| PB 0x0000000084c00000| Untracked 
|  45|0x0000000084d00000, 0x0000000084d00000, 0x0000000084e00000|  0%| F|  |TAMS 0x0000000084d00000| PB 0x0000000084d00000| Untracked 
|  46|0x0000000084e00000, 0x0000000084e00000, 0x0000000084f00000|  0%| F|  |TAMS 0x0000000084e00000| PB 0x0000000084e00000| Untracked 
|  47|0x0000000084f00000, 0x0000000084f00000, 0x0000000085000000|  0%| F|  |TAMS 0x0000000084f00000| PB 0x0000000084f00000| Untracked 
|  48|0x0000000085000000, 0x0000000085000000, 0x0000000085100000|  0%| F|  |TAMS 0x0000000085000000| PB 0x0000000085000000| Untracked 
|  49|0x0000000085100000, 0x0000000085100000, 0x0000000085200000|  0%| F|  |TAMS 0x0000000085100000| PB 0x0000000085100000| Untracked 
|  50|0x0000000085200000, 0x0000000085200000, 0x0000000085300000|  0%| F|  |TAMS 0x0000000085200000| PB 0x0000000085200000| Untracked 
|  51|0x0000000085300000, 0x0000000085300000, 0x0000000085400000|  0%| F|  |TAMS 0x0000000085300000| PB 0x0000000085300000| Untracked 
|  52|0x0000000085400000, 0x0000000085400000, 0x0000000085500000|  0%| F|  |TAMS 0x0000000085400000| PB 0x0000000085400000| Untracked 
|  53|0x0000000085500000, 0x0000000085500000, 0x0000000085600000|  0%| F|  |TAMS 0x0000000085500000| PB 0x0000000085500000| Untracked 
|  54|0x0000000085600000, 0x0000000085600000, 0x0000000085700000|  0%| F|  |TAMS 0x0000000085600000| PB 0x0000000085600000| Untracked 
|  55|0x0000000085700000, 0x0000000085700000, 0x0000000085800000|  0%| F|  |TAMS 0x0000000085700000| PB 0x0000000085700000| Untracked 
|  56|0x0000000085800000, 0x0000000085800000, 0x0000000085900000|  0%| F|  |TAMS 0x0000000085800000| PB 0x0000000085800000| Untracked 
|  57|0x0000000085900000, 0x0000000085900000, 0x0000000085a00000|  0%| F|  |TAMS 0x0000000085900000| PB 0x0000000085900000| Untracked 
|  58|0x0000000085a00000, 0x0000000085a00000, 0x0000000085b00000|  0%| F|  |TAMS 0x0000000085a00000| PB 0x0000000085a00000| Untracked 
|  59|0x0000000085b00000, 0x0000000085b00000, 0x0000000085c00000|  0%| F|  |TAMS 0x0000000085b00000| PB 0x0000000085b00000| Untracked 
|  60|0x0000000085c00000, 0x0000000085c00000, 0x0000000085d00000|  0%| F|  |TAMS 0x0000000085c00000| PB 0x0000000085c00000| Untracked 
|  61|0x0000000085d00000, 0x0000000085d00000, 0x0000000085e00000|  0%| F|  |TAMS 0x0000000085d00000| PB 0x0000000085d00000| Untracked 
|  62|0x0000000085e00000, 0x0000000085e00000, 0x0000000085f00000|  0%| F|  |TAMS 0x0000000085e00000| PB 0x0000000085e00000| Untracked 
|  63|0x0000000085f00000, 0x0000000085f00000, 0x0000000086000000|  0%| F|  |TAMS 0x0000000085f00000| PB 0x0000000085f00000| Untracked 
|  64|0x0000000086000000, 0x0000000086000000, 0x0000000086100000|  0%| F|  |TAMS 0x0000000086000000| PB 0x0000000086000000| Untracked 
|  65|0x0000000086100000, 0x0000000086100000, 0x0000000086200000|  0%| F|  |TAMS 0x0000000086100000| PB 0x0000000086100000| Untracked 
|  66|0x0000000086200000, 0x0000000086200000, 0x0000000086300000|  0%| F|  |TAMS 0x0000000086200000| PB 0x0000000086200000| Untracked 
|  67|0x0000000086300000, 0x0000000086300000, 0x0000000086400000|  0%| F|  |TAMS 0x0000000086300000| PB 0x0000000086300000| Untracked 
|  68|0x0000000086400000, 0x0000000086400000, 0x0000000086500000|  0%| F|  |TAMS 0x0000000086400000| PB 0x0000000086400000| Untracked 
|  69|0x0000000086500000, 0x0000000086500000, 0x0000000086600000|  0%| F|  |TAMS 0x0000000086500000| PB 0x0000000086500000| Untracked 
|  70|0x0000000086600000, 0x0000000086600000, 0x0000000086700000|  0%| F|  |TAMS 0x0000000086600000| PB 0x0000000086600000| Untracked 
|  71|0x0000000086700000, 0x0000000086700000, 0x0000000086800000|  0%| F|  |TAMS 0x0000000086700000| PB 0x0000000086700000| Untracked 
|  72|0x0000000086800000, 0x0000000086800000, 0x0000000086900000|  0%| F|  |TAMS 0x0000000086800000| PB 0x0000000086800000| Untracked 
|  73|0x0000000086900000, 0x0000000086900000, 0x0000000086a00000|  0%| F|  |TAMS 0x0000000086900000| PB 0x0000000086900000| Untracked 
|  74|0x0000000086a00000, 0x0000000086a00000, 0x0000000086b00000|  0%| F|  |TAMS 0x0000000086a00000| PB 0x0000000086a00000| Untracked 
|  75|0x0000000086b00000, 0x0000000086b00000, 0x0000000086c00000|  0%| F|  |TAMS 0x0000000086b00000| PB 0x0000000086b00000| Untracked 
|  76|0x0000000086c00000, 0x0000000086c00000, 0x0000000086d00000|  0%| F|  |TAMS 0x0000000086c00000| PB 0x0000000086c00000| Untracked 
|  77|0x0000000086d00000, 0x0000000086d00000, 0x0000000086e00000|  0%| F|  |TAMS 0x0000000086d00000| PB 0x0000000086d00000| Untracked 
|  78|0x0000000086e00000, 0x0000000086e00000, 0x0000000086f00000|  0%| F|  |TAMS 0x0000000086e00000| PB 0x0000000086e00000| Untracked 
|  79|0x0000000086f00000, 0x0000000086f00000, 0x0000000087000000|  0%| F|  |TAMS 0x0000000086f00000| PB 0x0000000086f00000| Untracked 
|  80|0x0000000087000000, 0x0000000087000000, 0x0000000087100000|  0%| F|  |TAMS 0x0000000087000000| PB 0x0000000087000000| Untracked 
|  81|0x0000000087100000, 0x0000000087100000, 0x0000000087200000|  0%| F|  |TAMS 0x0000000087100000| PB 0x0000000087100000| Untracked 
|  82|0x0000000087200000, 0x0000000087200000, 0x0000000087300000|  0%| F|  |TAMS 0x0000000087200000| PB 0x0000000087200000| Untracked 
|  83|0x0000000087300000, 0x0000000087300000, 0x0000000087400000|  0%| F|  |TAMS 0x0000000087300000| PB 0x0000000087300000| Untracked 
|  84|0x0000000087400000, 0x0000000087400000, 0x0000000087500000|  0%| F|  |TAMS 0x0000000087400000| PB 0x0000000087400000| Untracked 
|  85|0x0000000087500000, 0x0000000087500000, 0x0000000087600000|  0%| F|  |TAMS 0x0000000087500000| PB 0x0000000087500000| Untracked 
|  86|0x0000000087600000, 0x0000000087600000, 0x0000000087700000|  0%| F|  |TAMS 0x0000000087600000| PB 0x0000000087600000| Untracked 
|  87|0x0000000087700000, 0x0000000087700000, 0x0000000087800000|  0%| F|  |TAMS 0x0000000087700000| PB 0x0000000087700000| Untracked 
|  88|0x0000000087800000, 0x0000000087800000, 0x0000000087900000|  0%| F|  |TAMS 0x0000000087800000| PB 0x0000000087800000| Untracked 
|  89|0x0000000087900000, 0x0000000087900000, 0x0000000087a00000|  0%| F|  |TAMS 0x0000000087900000| PB 0x0000000087900000| Untracked 
|  90|0x0000000087a00000, 0x0000000087a00000, 0x0000000087b00000|  0%| F|  |TAMS 0x0000000087a00000| PB 0x0000000087a00000| Untracked 
|  91|0x0000000087b00000, 0x0000000087b00000, 0x0000000087c00000|  0%| F|  |TAMS 0x0000000087b00000| PB 0x0000000087b00000| Untracked 
|  92|0x0000000087c00000, 0x0000000087c00000, 0x0000000087d00000|  0%| F|  |TAMS 0x0000000087c00000| PB 0x0000000087c00000| Untracked 
|  93|0x0000000087d00000, 0x0000000087d00000, 0x0000000087e00000|  0%| F|  |TAMS 0x0000000087d00000| PB 0x0000000087d00000| Untracked 
|  94|0x0000000087e00000, 0x0000000087e00000, 0x0000000087f00000|  0%| F|  |TAMS 0x0000000087e00000| PB 0x0000000087e00000| Untracked 
|  95|0x0000000087f00000, 0x0000000087f00000, 0x0000000088000000|  0%| F|  |TAMS 0x0000000087f00000| PB 0x0000000087f00000| Untracked 
|  96|0x0000000088000000, 0x0000000088000000, 0x0000000088100000|  0%| F|  |TAMS 0x0000000088000000| PB 0x0000000088000000| Untracked 
|  97|0x0000000088100000, 0x0000000088100000, 0x0000000088200000|  0%| F|  |TAMS 0x0000000088100000| PB 0x0000000088100000| Untracked 
|  98|0x0000000088200000, 0x0000000088200000, 0x0000000088300000|  0%| F|  |TAMS 0x0000000088200000| PB 0x0000000088200000| Untracked 
|  99|0x0000000088300000, 0x0000000088300000, 0x0000000088400000|  0%| F|  |TAMS 0x0000000088300000| PB 0x0000000088300000| Untracked 
| 100|0x0000000088400000, 0x0000000088400000, 0x0000000088500000|  0%| F|  |TAMS 0x0000000088400000| PB 0x0000000088400000| Untracked 
| 101|0x0000000088500000, 0x0000000088500000, 0x0000000088600000|  0%| F|  |TAMS 0x0000000088500000| PB 0x0000000088500000| Untracked 
| 102|0x0000000088600000, 0x0000000088600000, 0x0000000088700000|  0%| F|  |TAMS 0x0000000088600000| PB 0x0000000088600000| Untracked 
| 103|0x0000000088700000, 0x0000000088700000, 0x0000000088800000|  0%| F|  |TAMS 0x0000000088700000| PB 0x0000000088700000| Untracked 
| 104|0x0000000088800000, 0x0000000088800000, 0x0000000088900000|  0%| F|  |TAMS 0x0000000088800000| PB 0x0000000088800000| Untracked 
| 105|0x0000000088900000, 0x0000000088900000, 0x0000000088a00000|  0%| F|  |TAMS 0x0000000088900000| PB 0x0000000088900000| Untracked 
| 106|0x0000000088a00000, 0x0000000088a00000, 0x0000000088b00000|  0%| F|  |TAMS 0x0000000088a00000| PB 0x0000000088a00000| Untracked 
| 107|0x0000000088b00000, 0x0000000088b00000, 0x0000000088c00000|  0%| F|  |TAMS 0x0000000088b00000| PB 0x0000000088b00000| Untracked 
| 108|0x0000000088c00000, 0x0000000088c00000, 0x0000000088d00000|  0%| F|  |TAMS 0x0000000088c00000| PB 0x0000000088c00000| Untracked 
| 109|0x0000000088d00000, 0x0000000088d00000, 0x0000000088e00000|  0%| F|  |TAMS 0x0000000088d00000| PB 0x0000000088d00000| Untracked 
| 110|0x0000000088e00000, 0x0000000088e00000, 0x0000000088f00000|  0%| F|  |TAMS 0x0000000088e00000| PB 0x0000000088e00000| Untracked 
| 111|0x0000000088f00000, 0x0000000089000000, 0x0000000089000000|100%| S|CS|TAMS 0x0000000088f00000| PB 0x0000000088f00000| Complete 
| 112|0x0000000089000000, 0x0000000089100000, 0x0000000089100000|100%| S|CS|TAMS 0x0000000089000000| PB 0x0000000089000000| Complete 
| 113|0x0000000089100000, 0x0000000089200000, 0x0000000089200000|100%| E|  |TAMS 0x0000000089100000| PB 0x0000000089100000| Complete 
| 114|0x0000000089200000, 0x0000000089300000, 0x0000000089300000|100%| E|CS|TAMS 0x0000000089200000| PB 0x0000000089200000| Complete 
| 115|0x0000000089300000, 0x0000000089400000, 0x0000000089400000|100%| E|CS|TAMS 0x0000000089300000| PB 0x0000000089300000| Complete 
| 116|0x0000000089400000, 0x0000000089500000, 0x0000000089500000|100%| E|CS|TAMS 0x0000000089400000| PB 0x0000000089400000| Complete 
| 117|0x0000000089500000, 0x0000000089600000, 0x0000000089600000|100%| E|CS|TAMS 0x0000000089500000| PB 0x0000000089500000| Complete 
| 118|0x0000000089600000, 0x0000000089700000, 0x0000000089700000|100%| E|CS|TAMS 0x0000000089600000| PB 0x0000000089600000| Complete 
| 119|0x0000000089700000, 0x0000000089800000, 0x0000000089800000|100%| E|CS|TAMS 0x0000000089700000| PB 0x0000000089700000| Complete 
| 120|0x0000000089800000, 0x0000000089900000, 0x0000000089900000|100%| E|CS|TAMS 0x0000000089800000| PB 0x0000000089800000| Complete 
| 121|0x0000000089900000, 0x0000000089a00000, 0x0000000089a00000|100%| E|CS|TAMS 0x0000000089900000| PB 0x0000000089900000| Complete 
| 122|0x0000000089a00000, 0x0000000089b00000, 0x0000000089b00000|100%| E|CS|TAMS 0x0000000089a00000| PB 0x0000000089a00000| Complete 
| 123|0x0000000089b00000, 0x0000000089c00000, 0x0000000089c00000|100%| E|CS|TAMS 0x0000000089b00000| PB 0x0000000089b00000| Complete 
| 124|0x0000000089c00000, 0x0000000089d00000, 0x0000000089d00000|100%| E|CS|TAMS 0x0000000089c00000| PB 0x0000000089c00000| Complete 
| 125|0x0000000089d00000, 0x0000000089e00000, 0x0000000089e00000|100%| E|CS|TAMS 0x0000000089d00000| PB 0x0000000089d00000| Complete 

Card table byte_map: [0x0000028d23910000,0x0000028d23d00000] _byte_map_base: 0x0000028d23500000

Marking Bits: (CMBitMap*) 0x0000028d0c0fd000
 Bits: [0x0000028d23d00000, 0x0000028d25c80000)

Polling page: 0x0000028d0b880000

Metaspace:

Usage:
  Non-class:      5.21 MB used.
      Class:    698.19 KB used.
       Both:      5.89 MB used.

Virtual space:
  Non-class space:       64.00 MB reserved,       5.25 MB (  8%) committed,  1 nodes.
      Class space:        1.00 GB reserved,     768.00 KB ( <1%) committed,  1 nodes.
             Both:        1.06 GB reserved,       6.00 MB ( <1%) committed. 

Chunk freelists:
   Non-Class:  9.00 MB
       Class:  15.25 MB
        Both:  24.25 MB

MaxMetaspaceSize: unlimited
CompressedClassSpaceSize: 1.00 GB
Initial GC threshold: 21.00 MB
Current GC threshold: 21.00 MB
CDS: on
 - commit_granule_bytes: 65536.
 - commit_granule_words: 8192.
 - virtual_space_node_default_size: 8388608.
 - enlarge_chunks_in_place: 1.
 - use_allocation_guard: 0.


Internal statistics:

num_allocs_failed_limit: 0.
num_arena_births: 54.
num_arena_deaths: 0.
num_vsnodes_births: 2.
num_vsnodes_deaths: 0.
num_space_committed: 96.
num_space_uncommitted: 0.
num_chunks_returned_to_freelist: 0.
num_chunks_taken_from_freelist: 221.
num_chunk_merges: 0.
num_chunk_splits: 144.
num_chunks_enlarged: 120.
num_inconsistent_stats: 0.

CodeHeap 'non-profiled nmethods': size=120000Kb used=411Kb max_used=411Kb free=119588Kb
 bounds [0x0000028d1bff0000, 0x0000028d1c260000, 0x0000028d23520000]
CodeHeap 'profiled nmethods': size=120000Kb used=2431Kb max_used=2431Kb free=117568Kb
 bounds [0x0000028d14520000, 0x0000028d14790000, 0x0000028d1ba50000]
CodeHeap 'non-nmethods': size=5760Kb used=1351Kb max_used=1378Kb free=4408Kb
 bounds [0x0000028d1ba50000, 0x0000028d1bcc0000, 0x0000028d1bff0000]
 total_blobs=1696 nmethods=1237 adapters=364
 compilation: enabled
              stopped_count=0, restarted_count=0
 full_count=0

Compilation events (20 events):
Event: 21.255 Thread 0x0000028d2813f600 nmethod 1138 0x0000028d1c050690 code [0x0000028d1c050820, 0x0000028d1c050ac0]
Event: 21.255 Thread 0x0000028d2813f600 1140       4       java.nio.CharBuffer::limit (6 bytes)
Event: 21.256 Thread 0x0000028d2813f600 nmethod 1140 0x0000028d1c050c10 code [0x0000028d1c050da0, 0x0000028d1c050ec8]
Event: 21.327 Thread 0x0000028d281a7930 1146       3       java.util.Collections::emptyMap (4 bytes)
Event: 21.327 Thread 0x0000028d281a7930 nmethod 1146 0x0000028d14752690 code [0x0000028d14752820, 0x0000028d14752918]
Event: 21.332 Thread 0x0000028d281a7930 1147 %     3       org.codehaus.plexus.util.InterpolationFilterReader::read @ 3 (48 bytes)
Event: 21.333 Thread 0x0000028d281a7930 nmethod 1147% 0x0000028d14752990 code [0x0000028d14752b60, 0x0000028d14752f68]
Event: 21.333 Thread 0x0000028d281a7930 1148       3       org.codehaus.plexus.util.InterpolationFilterReader::read (48 bytes)
Event: 21.333 Thread 0x0000028d281a7930 nmethod 1148 0x0000028d14753110 code [0x0000028d147532e0, 0x0000028d14753610]
Event: 21.337 Thread 0x0000028d281a7930 1149       3       org.codehaus.plexus.util.xml.pull.MXParser::require (443 bytes)
Event: 21.341 Thread 0x0000028d281a7930 nmethod 1149 0x0000028d14753790 code [0x0000028d14753fe0, 0x0000028d14757798]
Event: 21.342 Thread 0x0000028d2813f600 1150       4       org.codehaus.plexus.util.xml.pull.MXParser::parseEndTag (429 bytes)
Event: 21.362 Thread 0x0000028d2813f600 nmethod 1150 0x0000028d1c051010 code [0x0000028d1c051220, 0x0000028d1c051ac0]
Event: 21.487 Thread 0x0000028d2813f600 1151   !   4       java.util.concurrent.ConcurrentHashMap::transfer (849 bytes)
Event: 21.489 Thread 0x0000028d281a7930 1152       3       org.eclipse.sisu.space.URLClassSpace::deferLoadClass (10 bytes)
Event: 21.489 Thread 0x0000028d281a7930 nmethod 1152 0x0000028d14758b90 code [0x0000028d14758d40, 0x0000028d14759078]
Event: 21.489 Thread 0x0000028d281a7930 1153       3       org.eclipse.sisu.space.NamedClass::<init> (15 bytes)
Event: 21.489 Thread 0x0000028d281a7930 nmethod 1153 0x0000028d14759190 code [0x0000028d14759340, 0x0000028d147595c0]
Event: 21.490 Thread 0x0000028d281a7930 1154       3       org.eclipse.sisu.space.AbstractDeferredClass::<init> (5 bytes)
Event: 21.490 Thread 0x0000028d281a7930 nmethod 1154 0x0000028d14759690 code [0x0000028d14759840, 0x0000028d147599a8]

GC Heap History (2 events):
Event: 14.809 GC heap before
{Heap before GC invocations=0 (full 0):
 garbage-first heap   total 129024K, used 13312K [0x0000000082000000, 0x0000000100000000)
  region size 1024K, 13 young (13312K), 0 survivors (0K)
 Metaspace       used 4069K, committed 4224K, reserved 1114112K
  class space    used 416K, committed 512K, reserved 1048576K
}
Event: 16.007 GC heap after
{Heap after GC invocations=1 (full 0):
 garbage-first heap   total 129024K, used 3327K [0x0000000082000000, 0x0000000100000000)
  region size 1024K, 2 young (2048K), 2 survivors (2048K)
 Metaspace       used 4069K, committed 4224K, reserved 1114112K
  class space    used 416K, committed 512K, reserved 1048576K
}

Dll operation events (8 events):
Event: 0.668 Loaded shared library C:\Program Files\Java\jdk-21\bin\java.dll
Event: 1.705 Loaded shared library C:\Program Files\Java\jdk-21\bin\jsvml.dll
Event: 3.129 Loaded shared library C:\Program Files\Java\jdk-21\bin\net.dll
Event: 3.512 Loaded shared library C:\Program Files\Java\jdk-21\bin\nio.dll
Event: 3.520 Loaded shared library C:\Program Files\Java\jdk-21\bin\zip.dll
Event: 6.941 Loaded shared library C:\Program Files\Java\jdk-21\bin\jimage.dll
Event: 8.344 Loaded shared library C:\Program Files\NetBeans-21\netbeans\java\maven\lib\jansi-native\Windows\x86_64\jansi.dll
Event: 8.372 Loaded shared library C:\Program Files\Java\jdk-21\bin\verify.dll

Deoptimization events (20 events):
Event: 19.903 Thread 0x0000028d09f77e90 DEOPT PACKING pc=0x0000028d1c03804c sp=0x000000da01cfcfb0
Event: 19.903 Thread 0x0000028d09f77e90 DEOPT UNPACKING pc=0x0000028d1baa46a2 sp=0x000000da01cfcf28 mode 2
Event: 19.903 Thread 0x0000028d09f77e90 Uncommon trap: trap_request=0xffffffde fr.pc=0x0000028d1c03804c relative=0x000000000000012c
Event: 19.903 Thread 0x0000028d09f77e90 Uncommon trap: reason=class_check action=maybe_recompile pc=0x0000028d1c03804c method=jdk.internal.misc.Unsafe.allocateUninitializedArray(Ljava/lang/Class;I)Ljava/lang/Object; @ 51 c2
Event: 19.903 Thread 0x0000028d09f77e90 DEOPT PACKING pc=0x0000028d1c03804c sp=0x000000da01cfcfb0
Event: 19.903 Thread 0x0000028d09f77e90 DEOPT UNPACKING pc=0x0000028d1baa46a2 sp=0x000000da01cfcf28 mode 2
Event: 19.904 Thread 0x0000028d09f77e90 Uncommon trap: trap_request=0xffffffde fr.pc=0x0000028d1c03804c relative=0x000000000000012c
Event: 19.904 Thread 0x0000028d09f77e90 Uncommon trap: reason=class_check action=maybe_recompile pc=0x0000028d1c03804c method=jdk.internal.misc.Unsafe.allocateUninitializedArray(Ljava/lang/Class;I)Ljava/lang/Object; @ 51 c2
Event: 19.904 Thread 0x0000028d09f77e90 DEOPT PACKING pc=0x0000028d1c03804c sp=0x000000da01cfcfc0
Event: 19.904 Thread 0x0000028d09f77e90 DEOPT UNPACKING pc=0x0000028d1baa46a2 sp=0x000000da01cfcf38 mode 2
Event: 20.811 Thread 0x0000028d09f77e90 Uncommon trap: trap_request=0xffffff6e fr.pc=0x0000028d1c0249e0 relative=0x0000000000000420
Event: 20.811 Thread 0x0000028d09f77e90 Uncommon trap: reason=loop_limit_check action=maybe_recompile pc=0x0000028d1c0249e0 method=java.lang.StringLatin1.indexOf([BI[BII)I @ 37 c2
Event: 20.811 Thread 0x0000028d09f77e90 DEOPT PACKING pc=0x0000028d1c0249e0 sp=0x000000da01cfde30
Event: 20.811 Thread 0x0000028d09f77e90 DEOPT UNPACKING pc=0x0000028d1baa46a2 sp=0x000000da01cfdd90 mode 2
Event: 20.816 Thread 0x0000028d09f77e90 Uncommon trap: trap_request=0xffffff76 fr.pc=0x0000028d1c01d98c relative=0x000000000000032c
Event: 20.816 Thread 0x0000028d09f77e90 Uncommon trap: reason=predicate action=maybe_recompile pc=0x0000028d1c01d98c method=java.util.regex.Pattern$BmpCharPropertyGreedy.match(Ljava/util/regex/Matcher;ILjava/lang/CharSequence;)Z @ 12 c2
Event: 20.816 Thread 0x0000028d09f77e90 DEOPT PACKING pc=0x0000028d1c01d98c sp=0x000000da01cfe230
Event: 20.816 Thread 0x0000028d09f77e90 DEOPT UNPACKING pc=0x0000028d1baa46a2 sp=0x000000da01cfe1e8 mode 2
Event: 20.932 Thread 0x0000028d09f77e90 DEOPT PACKING pc=0x0000028d1456c570 sp=0x000000da01cfe250
Event: 20.932 Thread 0x0000028d09f77e90 DEOPT UNPACKING pc=0x0000028d1baa4e42 sp=0x000000da01cfd828 mode 0

Classes loaded (20 events):
Event: 20.143 Loading class java/util/concurrent/CancellationException
Event: 20.143 Loading class java/util/concurrent/CancellationException done
Event: 20.147 Loading class java/util/concurrent/TimeoutException
Event: 20.147 Loading class java/util/concurrent/TimeoutException done
Event: 20.147 Loading class java/security/PrivilegedActionException
Event: 20.148 Loading class java/security/PrivilegedActionException done
Event: 20.148 Loading class sun/misc/Unsafe
Event: 20.148 Loading class sun/misc/Unsafe done
Event: 20.150 Loading class java/lang/invoke/DirectMethodHandle$StaticAccessor
Event: 20.150 Loading class java/lang/invoke/DirectMethodHandle$StaticAccessor done
Event: 20.600 Loading class java/lang/reflect/ParameterizedType
Event: 20.600 Loading class java/lang/reflect/ParameterizedType done
Event: 20.626 Loading class java/lang/reflect/WildcardType
Event: 20.626 Loading class java/lang/reflect/WildcardType done
Event: 20.638 Loading class sun/reflect/generics/tree/TypeVariableSignature
Event: 20.638 Loading class sun/reflect/generics/tree/TypeVariableSignature done
Event: 20.803 Loading class java/lang/annotation/IncompleteAnnotationException
Event: 20.803 Loading class java/lang/annotation/IncompleteAnnotationException done
Event: 21.127 Loading class java/lang/foreign/MemorySegment
Event: 21.193 Loading class java/lang/foreign/MemorySegment done

Classes unloaded (0 events):
No events

Classes redefined (0 events):
No events

Internal exceptions (20 events):
Event: 8.353 Thread 0x0000028d09f77e90 Exception <a 'java/lang/NullPointerException'{0x00000000899e76d0}> (0x00000000899e76d0) 
thrown [s\open\src\hotspot\share\interpreter\linkResolver.cpp, line 1372]
Event: 8.353 Thread 0x0000028d09f77e90 Exception <a 'java/lang/NullPointerException'{0x00000000899e79b0}> (0x00000000899e79b0) 
thrown [s\open\src\hotspot\share\interpreter\linkResolver.cpp, line 1372]
Event: 8.353 Thread 0x0000028d09f77e90 Exception <a 'java/lang/NullPointerException'{0x00000000899e7c90}> (0x00000000899e7c90) 
thrown [s\open\src\hotspot\share\interpreter\linkResolver.cpp, line 1372]
Event: 8.353 Thread 0x0000028d09f77e90 Exception <a 'java/lang/NullPointerException'{0x00000000899e7f70}> (0x00000000899e7f70) 
thrown [s\open\src\hotspot\share\interpreter\linkResolver.cpp, line 1372]
Event: 8.366 Thread 0x0000028d09f77e90 Exception <a 'sun/nio/fs/WindowsException'{0x0000000089812188}> (0x0000000089812188) 
thrown [s\open\src\hotspot\share\prims\jni.cpp, line 520]
Event: 8.368 Thread 0x0000028d09f77e90 Exception <a 'sun/nio/fs/WindowsException'{0x00000000898128a8}> (0x00000000898128a8) 
thrown [s\open\src\hotspot\share\prims\jni.cpp, line 520]
Event: 8.368 Thread 0x0000028d09f77e90 Exception <a 'sun/nio/fs/WindowsException'{0x0000000089812e20}> (0x0000000089812e20) 
thrown [s\open\src\hotspot\share\prims\jni.cpp, line 520]
Event: 8.368 Thread 0x0000028d09f77e90 Exception <a 'sun/nio/fs/WindowsException'{0x0000000089813330}> (0x0000000089813330) 
thrown [s\open\src\hotspot\share\prims\jni.cpp, line 520]
Event: 8.369 Thread 0x0000028d09f77e90 Exception <a 'sun/nio/fs/WindowsException'{0x0000000089813838}> (0x0000000089813838) 
thrown [s\open\src\hotspot\share\prims\jni.cpp, line 520]
Event: 8.369 Thread 0x0000028d09f77e90 Exception <a 'sun/nio/fs/WindowsException'{0x0000000089813cf8}> (0x0000000089813cf8) 
thrown [s\open\src\hotspot\share\prims\jni.cpp, line 520]
Event: 8.801 Thread 0x0000028d09f77e90 Exception <a 'java/lang/NoSuchMethodError'{0x00000000898837f0}: 'void java.lang.invoke.DirectMethodHandle$Holder.invokeStatic(java.lang.Object, java.lang.Object, java.lang.Object)'> (0x00000000898837f0) 
thrown [s\open\src\hotspot\share\interpreter\linkResolver.cpp, line 773]
Event: 9.846 Thread 0x0000028d09f77e90 Exception <a 'java/lang/NoSuchMethodError'{0x0000000089634048}: 'java.lang.Object java.lang.invoke.DirectMethodHandle$Holder.invokeSpecialIFC(java.lang.Object, java.lang.Object, java.lang.Object, java.lang.Object)'> (0x0000000089634048) 
thrown [s\open\src\hotspot\share\interpreter\linkResolver.cpp, line 773]
Event: 14.537 Thread 0x0000028d09f77e90 Exception <a 'java/lang/NoSuchMethodError'{0x00000000891979d0}: 'void java.lang.invoke.DirectMethodHandle$Holder.invokeSpecial(java.lang.Object, java.lang.Object, java.lang.Object)'> (0x00000000891979d0) 
thrown [s\open\src\hotspot\share\interpreter\linkResolver.cpp, line 773]
Event: 17.452 Thread 0x0000028d09f77e90 Exception <a 'java/lang/NoSuchMethodError'{0x0000000089df4ca0}: 'java.lang.Object java.lang.invoke.DirectMethodHandle$Holder.invokeInterface(java.lang.Object, java.lang.Object)'> (0x0000000089df4ca0) 
thrown [s\open\src\hotspot\share\interpreter\linkResolver.cpp, line 773]
Event: 18.810 Thread 0x0000028d09f77e90 Exception <a 'java/lang/NoSuchMethodError'{0x0000000089ca39f8}: 'int java.lang.invoke.DirectMethodHandle$Holder.invokeStatic(java.lang.Object, java.lang.Object, java.lang.Object, java.lang.Object)'> (0x0000000089ca39f8) 
thrown [s\open\src\hotspot\share\interpreter\linkResolver.cpp, line 773]
Event: 18.813 Thread 0x0000028d09f77e90 Exception <a 'java/lang/NoSuchMethodError'{0x0000000089ca7078}: 'java.lang.Object java.lang.invoke.Invokers$Holder.invokeExact_MT(java.lang.Object, java.lang.Object, java.lang.Object, java.lang.Object, java.lang.Object, java.lang.Object)'> (0x0000000089ca7078) 
thrown [s\open\src\hotspot\share\interpreter\linkResolver.cpp, line 773]
Event: 18.825 Thread 0x0000028d09f77e90 Exception <a 'java/lang/NoSuchMethodError'{0x0000000089cb5768}: 'int java.lang.invoke.DirectMethodHandle$Holder.invokeSpecialIFC(java.lang.Object, java.lang.Object, java.lang.Object, java.lang.Object, java.lang.Object)'> (0x0000000089cb5768) 
thrown [s\open\src\hotspot\share\interpreter\linkResolver.cpp, line 773]
Event: 19.896 Thread 0x0000028d09f77e90 Exception <a 'java/lang/NoSuchMethodError'{0x0000000089a2c110}: 'java.lang.Object java.lang.invoke.DirectMethodHandle$Holder.newInvokeSpecial(java.lang.Object, java.lang.Object, java.lang.Object, java.lang.Object, java.lang.Object)'> (0x0000000089a2c110) 
thrown [s\open\src\hotspot\share\interpreter\linkResolver.cpp, line 773]
Event: 20.650 Thread 0x0000028d09f77e90 Exception <a 'java/lang/NoSuchMethodError'{0x00000000899225b0}: 'int java.lang.invoke.DirectMethodHandle$Holder.invokeStaticInit(java.lang.Object, java.lang.Object)'> (0x00000000899225b0) 
thrown [s\open\src\hotspot\share\interpreter\linkResolver.cpp, line 773]
Event: 20.804 Thread 0x0000028d09f77e90 Exception <a 'java/lang/NoClassDefFoundError'{0x00000000899568e8}: javax/enterprise/inject/Typed> (0x00000000899568e8) 
thrown [s\open\src\hotspot\share\classfile\systemDictionary.cpp, line 301]

ZGC Phase Switch (0 events):
No events

VM Operations (20 events):
Event: 10.084 Executing VM operation: Cleanup
Event: 10.084 Executing VM operation: Cleanup done
Event: 11.097 Executing VM operation: Cleanup
Event: 11.367 Executing VM operation: Cleanup done
Event: 12.370 Executing VM operation: Cleanup
Event: 12.370 Executing VM operation: Cleanup done
Event: 13.375 Executing VM operation: Cleanup
Event: 13.661 Executing VM operation: Cleanup done
Event: 14.666 Executing VM operation: Cleanup
Event: 14.666 Executing VM operation: Cleanup done
Event: 14.809 Executing VM operation: G1CollectForAllocation (G1 Evacuation Pause)
Event: 16.007 Executing VM operation: G1CollectForAllocation (G1 Evacuation Pause) done
Event: 17.205 Executing VM operation: Cleanup
Event: 17.447 Executing VM operation: Cleanup done
Event: 18.455 Executing VM operation: Cleanup
Event: 18.455 Executing VM operation: Cleanup done
Event: 19.461 Executing VM operation: Cleanup
Event: 19.589 Executing VM operation: Cleanup done
Event: 20.603 Executing VM operation: Cleanup
Event: 20.603 Executing VM operation: Cleanup done

Events (11 events):
Event: 1.196 Thread 0x0000028d09f77e90 Thread added: 0x0000028d09f77e90
Event: 1.513 Thread 0x0000028d28136740 Thread added: 0x0000028d28136740
Event: 1.513 Thread 0x0000028d28137660 Thread added: 0x0000028d28137660
Event: 1.514 Thread 0x0000028d2813a840 Thread added: 0x0000028d2813a840
Event: 1.514 Thread 0x0000028d2813d3b0 Thread added: 0x0000028d2813d3b0
Event: 1.514 Thread 0x0000028d2813de10 Thread added: 0x0000028d2813de10
Event: 1.514 Thread 0x0000028d2813e870 Thread added: 0x0000028d2813e870
Event: 1.514 Thread 0x0000028d2813f600 Thread added: 0x0000028d2813f600
Event: 1.728 Thread 0x0000028d281a7930 Thread added: 0x0000028d281a7930
Event: 2.374 Thread 0x0000028d28334ff0 Thread added: 0x0000028d28334ff0
Event: 2.380 Thread 0x0000028d28335660 Thread added: 0x0000028d28335660


Dynamic libraries:
0x00007ff652d90000 - 0x00007ff652da0000 	C:\Program Files\Java\jdk-21\bin\java.exe
0x00007ff9c74f0000 - 0x00007ff9c76e8000 	C:\Windows\SYSTEM32\ntdll.dll
0x00007ff9c73e0000 - 0x00007ff9c749d000 	C:\Windows\System32\KERNEL32.DLL
0x00007ff9c5040000 - 0x00007ff9c5336000 	C:\Windows\System32\KERNELBASE.dll
0x00007ff9c5390000 - 0x00007ff9c5490000 	C:\Windows\System32\ucrtbase.dll
0x00007ff9c1810000 - 0x00007ff9c1829000 	C:\Program Files\Java\jdk-21\bin\jli.dll
0x00007ff9c6bc0000 - 0x00007ff9c6c70000 	C:\Windows\System32\ADVAPI32.dll
0x00007ff9c6a70000 - 0x00007ff9c6b0e000 	C:\Windows\System32\msvcrt.dll
0x00007ff9c67f0000 - 0x00007ff9c6890000 	C:\Windows\System32\sechost.dll
0x00007ff9c72b0000 - 0x00007ff9c73d5000 	C:\Windows\System32\RPCRT4.dll
0x00007ff9c4ec0000 - 0x00007ff9c4ee7000 	C:\Windows\System32\bcrypt.dll
0x00007ff9c5610000 - 0x00007ff9c57ae000 	C:\Windows\System32\USER32.dll
0x00007ff9c4ef0000 - 0x00007ff9c4f12000 	C:\Windows\System32\win32u.dll
0x00007ff9c66f0000 - 0x00007ff9c671b000 	C:\Windows\System32\GDI32.dll
0x00007ff9c4f20000 - 0x00007ff9c5037000 	C:\Windows\System32\gdi32full.dll
0x00007ff9c4e20000 - 0x00007ff9c4ebd000 	C:\Windows\System32\msvcp_win.dll
0x00007ff9be6c0000 - 0x00007ff9be6db000 	C:\Program Files\Java\jdk-21\bin\VCRUNTIME140.dll
0x00007ff9b5df0000 - 0x00007ff9b608a000 	C:\Windows\WinSxS\amd64_microsoft.windows.common-controls_6595b64144ccf1df_6.0.19041.3636_none_60b6a03d71f818d5\COMCTL32.dll
0x00007ff9b33c0000 - 0x00007ff9b33ca000 	C:\Windows\SYSTEM32\VERSION.dll
0x00007ff9c5520000 - 0x00007ff9c5552000 	C:\Windows\System32\IMM32.DLL
0x00007ff9c0660000 - 0x00007ff9c066c000 	C:\Program Files\Java\jdk-21\bin\vcruntime140_1.dll
0x00007ff9b2fe0000 - 0x00007ff9b306e000 	C:\Program Files\Java\jdk-21\bin\msvcp140.dll
0x00007ff99aba0000 - 0x00007ff99b8b7000 	C:\Program Files\Java\jdk-21\bin\server\jvm.dll
0x00007ff9c6780000 - 0x00007ff9c67eb000 	C:\Windows\System32\WS2_32.dll
0x00007ff9c4140000 - 0x00007ff9c418b000 	C:\Windows\SYSTEM32\POWRPROF.dll
0x00007ff9b6c60000 - 0x00007ff9b6c87000 	C:\Windows\SYSTEM32\WINMM.dll
0x00007ff9c3fb0000 - 0x00007ff9c3fc2000 	C:\Windows\SYSTEM32\UMPDC.dll
0x00007ff9c2a50000 - 0x00007ff9c2a62000 	C:\Windows\SYSTEM32\kernel.appcore.dll
0x00007ff9bf6d0000 - 0x00007ff9bf6da000 	C:\Program Files\Java\jdk-21\bin\jimage.dll
0x00007ff9b0000000 - 0x00007ff9b01e4000 	C:\Windows\SYSTEM32\DBGHELP.DLL
0x00007ff9affc0000 - 0x00007ff9afff4000 	C:\Windows\SYSTEM32\dbgcore.DLL
0x00007ff9c5490000 - 0x00007ff9c5512000 	C:\Windows\System32\bcryptPrimitives.dll
0x00007ff9be6a0000 - 0x00007ff9be6bf000 	C:\Program Files\Java\jdk-21\bin\java.dll
0x00007ff9c58d0000 - 0x00007ff9c603b000 	C:\Windows\System32\SHELL32.dll
0x00007ff9c2c50000 - 0x00007ff9c33ee000 	C:\Windows\SYSTEM32\windows.storage.dll
0x00007ff9c6c70000 - 0x00007ff9c6fc3000 	C:\Windows\System32\combase.dll
0x00007ff9c45d0000 - 0x00007ff9c45fe000 	C:\Windows\SYSTEM32\Wldp.dll
0x00007ff9c6040000 - 0x00007ff9c610d000 	C:\Windows\System32\OLEAUT32.dll
0x00007ff9c5560000 - 0x00007ff9c560d000 	C:\Windows\System32\SHCORE.dll
0x00007ff9c6170000 - 0x00007ff9c61c5000 	C:\Windows\System32\shlwapi.dll
0x00007ff9c4ad0000 - 0x00007ff9c4af5000 	C:\Windows\SYSTEM32\profapi.dll
0x00007ff9b30a0000 - 0x00007ff9b3177000 	C:\Program Files\Java\jdk-21\bin\jsvml.dll
0x00007ff9bdf60000 - 0x00007ff9bdf70000 	C:\Program Files\Java\jdk-21\bin\net.dll
0x00007ff9ba400000 - 0x00007ff9ba50a000 	C:\Windows\SYSTEM32\WINHTTP.dll
0x00007ff9c4330000 - 0x00007ff9c439a000 	C:\Windows\system32\mswsock.dll
0x00007ff9ba3b0000 - 0x00007ff9ba3c6000 	C:\Program Files\Java\jdk-21\bin\nio.dll
0x00007ff9b3080000 - 0x00007ff9b3098000 	C:\Program Files\Java\jdk-21\bin\zip.dll
0x0000000069ac0000 - 0x0000000069ae4000 	C:\Program Files\NetBeans-21\netbeans\java\maven\lib\jansi-native\Windows\x86_64\jansi.dll
0x00007ff9bdf50000 - 0x00007ff9bdf60000 	C:\Program Files\Java\jdk-21\bin\verify.dll

dbghelp: loaded successfully - version: 4.0.5 - missing functions: none
symbol engine: initialized successfully - sym options: 0x614 - pdb path: .;C:\Program Files\Java\jdk-21\bin;C:\Windows\SYSTEM32;C:\Windows\WinSxS\amd64_microsoft.windows.common-controls_6595b64144ccf1df_6.0.19041.3636_none_60b6a03d71f818d5;C:\Program Files\Java\jdk-21\bin\server;C:\Program Files\NetBeans-21\netbeans\java\maven\lib\jansi-native\Windows\x86_64

VM Arguments:
jvm_args: -Dclassworlds.conf=C:\Program Files\NetBeans-21\netbeans\java\maven\bin\m2.conf -Dmaven.home=C:\Program Files\NetBeans-21\netbeans\java\maven -Dlibrary.jansi.path=C:\Program Files\NetBeans-21\netbeans\java\maven\lib\jansi-native -Dmaven.multiModuleProjectDirectory=C:\Users\JM\Documents\NetBeansProjects\SGB 
java_command: org.codehaus.plexus.classworlds.launcher.Launcher -Dmaven.ext.class.path=C:\Program Files\NetBeans-21\netbeans\java\maven-nblib\netbeans-eventspy.jar --no-transfer-progress install
java_class_path (initial): C:\Program Files\NetBeans-21\netbeans\java\maven\boot\plexus-classworlds-2.7.0.jar
Launcher Type: SUN_STANDARD

[Global flags]
     intx CICompilerCount                          = 3                                         {product} {ergonomic}
     uint ConcGCThreads                            = 1                                         {product} {ergonomic}
     uint G1ConcRefinementThreads                  = 4                                         {product} {ergonomic}
   size_t G1HeapRegionSize                         = 1048576                                   {product} {ergonomic}
    uintx GCDrainStackTargetSize                   = 64                                        {product} {ergonomic}
   size_t InitialHeapSize                          = 132120576                                 {product} {ergonomic}
   size_t MarkStackSize                            = 4194304                                   {product} {ergonomic}
   size_t MaxHeapSize                              = 2113929216                                {product} {ergonomic}
   size_t MaxNewSize                               = 1267728384                                {product} {ergonomic}
   size_t MinHeapDeltaBytes                        = 1048576                                   {product} {ergonomic}
   size_t MinHeapSize                              = 8388608                                   {product} {ergonomic}
    uintx NonNMethodCodeHeapSize                   = 5832780                                {pd product} {ergonomic}
    uintx NonProfiledCodeHeapSize                  = 122912730                              {pd product} {ergonomic}
    uintx ProfiledCodeHeapSize                     = 122912730                              {pd product} {ergonomic}
    uintx ReservedCodeCacheSize                    = 251658240                              {pd product} {ergonomic}
     bool SegmentedCodeCache                       = true                                      {product} {ergonomic}
   size_t SoftMaxHeapSize                          = 2113929216                             {manageable} {ergonomic}
     bool UseCompressedOops                        = true                           {product lp64_product} {ergonomic}
     bool UseG1GC                                  = true                                      {product} {ergonomic}
     bool UseLargePagesIndividualAllocation        = false                                  {pd product} {ergonomic}

Logging:
Log output configuration:
 #0: stdout all=warning uptime,level,tags foldmultilines=false
 #1: stderr all=off uptime,level,tags foldmultilines=false

Environment Variables:
JAVA_HOME=C:\Program Files\Java\jdk-21
PATH=C:\Program Files\Common Files\Oracle\Java\javapath;C:\Windows\system32;C:\Windows;C:\Windows\System32\Wbem;C:\Windows\System32\WindowsPowerShell\v1.0\;C:\Windows\System32\OpenSSH\;C:\Program Files\Git\cmd;C:\Program Files\nodejs\;C:\Users\JM\AppData\Local\Microsoft\WindowsApps;;C:\Program Files\JetBrains\IntelliJ IDEA 2023.3.5\bin;;C:\Users\JM\AppData\Roaming\npm
USERNAME=JM
OS=Windows_NT
PROCESSOR_IDENTIFIER=Intel64 Family 6 Model 58 Stepping 9, GenuineIntel
TMP=C:\Users\JM\AppData\Local\Temp
TEMP=C:\Users\JM\AppData\Local\Temp




Periodic native trim disabled

---------------  S Y S T E M  ---------------

OS:
 Windows 10 , 64 bit Build 19041 (10.0.19041.3636)
OS uptime: 2 days 4:54 hours

CPU: total 4 (initial active 4) (2 cores per cpu, 2 threads per core) family 6 model 58 stepping 9 microcode 0x21, cx8, cmov, fxsr, ht, mmx, sse, sse2, sse3, ssse3, sse4.1, sse4.2, popcnt, tsc, tscinvbit, avx, aes, erms, clmul, vzeroupper, clflush, rdtscp, f16c
Processor Information for all 4 processors :
  Max Mhz: 2501, Current Mhz: 2501, Mhz Limit: 2501

Memory: 4k page, system-wide physical 8057M (394M free)
TotalPageFile size 22281M (AvailPageFile size 21M)
current process WorkingSet (physical memory assigned to process): 71M, peak: 71M
current process commit charge ("private bytes"): 215M, peak: 216M

vm_info: Java HotSpot(TM) 64-Bit Server VM (21.0.2+13-LTS-58) for windows-amd64 JRE (21.0.2+13-LTS-58), built on 2024-01-05T18:32:24Z by "mach5one" with MS VC++ 17.1 (VS2022)

END.
