#
# A fatal error has been detected by the Java Runtime Environment:
#
#  EXCEPTION_ACCESS_VIOLATION (0xc0000005) at pc=0x00007ff905058ed9, pid=8068, tid=11860
#
# JRE version: Java(TM) SE Runtime Environment (21.0.2+13) (build 21.0.2+13-LTS-58)
# Java VM: Java HotSpot(TM) 64-Bit Server VM (21.0.2+13-LTS-58, mixed mode, sharing, tiered, compressed oops, compressed class ptrs, g1 gc, windows-amd64)
# Problematic frame:
# V  [jvm.dll+0x358ed9]
#
# No core dump will be written. Minidumps are not enabled by default on client versions of Windows
#
# If you would like to submit a bug report, please visit:
#   https://bugreport.java.com/bugreport/crash.jsp
#

---------------  S U M M A R Y ------------

Command Line: -Dclassworlds.conf=C:\Program Files\NetBeans-21\netbeans\java\maven\bin\m2.conf -Dmaven.home=C:\Program Files\NetBeans-21\netbeans\java\maven -Dlibrary.jansi.path=C:\Program Files\NetBeans-21\netbeans\java\maven\lib\jansi-native -Dmaven.multiModuleProjectDirectory=C:\Users\JM\Documents\NetBeansProjects\SGB org.codehaus.plexus.classworlds.launcher.Launcher -Dnetbeans.deploy=true -Dexec.vmArgs= -Dexec.appArgs= -Dmaven.ext.class.path=C:\Program Files\NetBeans-21\netbeans\java\maven-nblib\netbeans-eventspy.jar --no-transfer-progress package

Host: Intel(R) Core(TM) i5-3210M CPU @ 2.50GHz, 4 cores, 7G,  Windows 10 , 64 bit Build 19041 (10.0.19041.3636)
Time: Sun Mar 31 22:00:25 2024 Hora est. Pacífico, Sudamérica elapsed time: 7.505583 seconds (0d 0h 0m 7s)

---------------  T H R E A D  ---------------

Current thread (0x0000025d6f0087b0):  WorkerThread "GC Thread#1"    [id=11860, stack(0x000000961b400000,0x000000961b500000) (1024K)]

Stack: [0x000000961b400000,0x000000961b500000],  sp=0x000000961b4fe1e0,  free space=1016k
Native frames: (J=compiled Java code, j=interpreted, Vv=VM code, C=native code)
V  [jvm.dll+0x358ed9]
V  [jvm.dll+0x3555de]
V  [jvm.dll+0x3667d2]
V  [jvm.dll+0x6b9499]
V  [jvm.dll+0x315f9a]
V  [jvm.dll+0x3158ed]
V  [jvm.dll+0x3ee1d5]
V  [jvm.dll+0x7ff8d6]
V  [jvm.dll+0x809331]
V  [jvm.dll+0x366d6a]
V  [jvm.dll+0x366c04]
V  [jvm.dll+0x36e3d4]
V  [jvm.dll+0x36e54b]
V  [jvm.dll+0x883eb7]
V  [jvm.dll+0x7ff568]
V  [jvm.dll+0x6c953d]
C  [ucrtbase.dll+0x21bb2]
C  [KERNEL32.DLL+0x17344]
C  [ntdll.dll+0x526b1]

JavaThread 0x0000025d0affd840 (nid = 3560) was being processed
Java frames: (J=compiled Java code, j=interpreted, Vv=VM code)
v  ~RuntimeStub::_new_array_nozero_Java 0x0000025d1c2ba929
J 829 c2 java.lang.AbstractStringBuilder.append(Ljava/lang/String;)Ljava/lang/AbstractStringBuilder; java.base@21.0.2 (45 bytes) @ 0x0000025d1c77c640 [0x0000025d1c77c1e0+0x0000000000000460]
J 5330 c1 jdk.internal.jimage.ImageLocation.buildName(ZZZ)Ljava/lang/String; java.base@21.0.2 (128 bytes) @ 0x0000025d157a8ec4 [0x0000025d157a8b60+0x0000000000000364]
J 5299 c1 jdk.internal.jimage.ImageReader$SharedImageReader.lambda$handleModulesSubTree$1(Ljdk/internal/jimage/ImageReader$Directory;Ljdk/internal/jimage/ImageLocation;)V java.base@21.0.2 (58 bytes) @ 0x0000025d157980d4 [0x0000025d15797f00+0x00000000000001d4]
J 5298 c1 jdk.internal.jimage.ImageReader$SharedImageReader$$Lambda+0x0000025d2b1d7e68.visit(Ljdk/internal/jimage/ImageLocation;)V java.base@21.0.2 (13 bytes) @ 0x0000025d15797ad4 [0x0000025d15797a40+0x0000000000000094]
j  jdk.internal.jimage.ImageReader$SharedImageReader.visitLocation(Ljdk/internal/jimage/ImageLocation;Ljdk/internal/jimage/ImageReader$SharedImageReader$LocationVisitor;)V+61 java.base@21.0.2
j  jdk.internal.jimage.ImageReader$SharedImageReader.handleModulesSubTree(Ljava/lang/String;Ljdk/internal/jimage/ImageLocation;)Ljdk/internal/jimage/ImageReader$Node;+42 java.base@21.0.2
j  jdk.internal.jimage.ImageReader$SharedImageReader.buildNode(Ljava/lang/String;)Ljdk/internal/jimage/ImageReader$Node;+69 java.base@21.0.2
J 5461 c1 jdk.internal.jimage.ImageReader$SharedImageReader.findNode(Ljava/lang/String;)Ljdk/internal/jimage/ImageReader$Node; java.base@21.0.2 (36 bytes) @ 0x0000025d157f014c [0x0000025d157efd80+0x00000000000003cc]
J 5458 c1 jdk.internal.jrtfs.SystemImage$1.findNode(Ljava/lang/String;)Ljdk/internal/jimage/ImageReader$Node; java.base@21.0.2 (9 bytes) @ 0x0000025d157ede1c [0x0000025d157edce0+0x000000000000013c]
J 5462 c1 jdk.internal.jrtfs.JrtFileSystem.lookup(Ljava/lang/String;)Ljdk/internal/jimage/ImageReader$Node; java.base@21.0.2 (23 bytes) @ 0x0000025d157f077c [0x0000025d157f0660+0x000000000000011c]
J 5459 c1 jdk.internal.jrtfs.JrtFileSystem.checkNode(Ljdk/internal/jrtfs/JrtPath;)Ljdk/internal/jimage/ImageReader$Node; java.base@21.0.2 (40 bytes) @ 0x0000025d157ee4f4 [0x0000025d157ee3a0+0x0000000000000154]
J 5317 c1 jdk.internal.jrtfs.JrtFileSystem.getFileAttributes(Ljdk/internal/jrtfs/JrtPath;[Ljava/nio/file/LinkOption;)Ljdk/internal/jrtfs/JrtFileAttributes; java.base@21.0.2 (42 bytes) @ 0x0000025d157a0be4 [0x0000025d157a0b60+0x0000000000000084]
J 5314 c1 jdk.internal.jrtfs.JrtFileSystemProvider.readAttributes(Ljava/nio/file/Path;Ljava/lang/Class;[Ljava/nio/file/LinkOption;)Ljava/nio/file/attribute/BasicFileAttributes; java.base@21.0.2 (25 bytes) @ 0x0000025d1579ffd4 [0x0000025d1579fbc0+0x0000000000000414]
J 5321 c1 java.nio.file.spi.FileSystemProvider.readAttributesIfExists(Ljava/nio/file/Path;Ljava/lang/Class;[Ljava/nio/file/LinkOption;)Ljava/nio/file/attribute/BasicFileAttributes; java.base@21.0.2 (12 bytes) @ 0x0000025d157a2ac4 [0x0000025d157a29c0+0x0000000000000104]
J 5322 c1 java.nio.file.Files.isDirectory(Ljava/nio/file/Path;[Ljava/nio/file/LinkOption;)Z java.base@21.0.2 (35 bytes) @ 0x0000025d157a314c [0x0000025d157a2ea0+0x00000000000002ac]
j  com.sun.tools.javac.file.JavacFileManager$DirectoryContainer.list(Ljava/nio/file/Path;Lcom/sun/tools/javac/file/RelativePath$RelativeDirectory;Ljava/util/Set;ZLcom/sun/tools/javac/util/ListBuffer;)V+209 jdk.compiler@21.0.2
j  com.sun.tools.javac.file.JavacFileManager.list(Ljavax/tools/JavaFileManager$Location;Ljava/lang/String;Ljava/util/Set;Z)Ljava/lang/Iterable;+91 jdk.compiler@21.0.2
j  com.sun.tools.javac.code.ClassFinder.list(Ljavax/tools/JavaFileManager$Location;Lcom/sun/tools/javac/code/Symbol$PackageSymbol;Ljava/lang/String;Ljava/util/Set;)Ljava/lang/Iterable;+13 jdk.compiler@21.0.2
j  com.sun.tools.javac.code.ClassFinder.scanModulePaths(Lcom/sun/tools/javac/code/Symbol$PackageSymbol;Lcom/sun/tools/javac/code/Symbol$ModuleSymbol;)V+233 jdk.compiler@21.0.2
j  com.sun.tools.javac.code.ClassFinder.fillIn(Lcom/sun/tools/javac/code/Symbol$PackageSymbol;)V+132 jdk.compiler@21.0.2
j  com.sun.tools.javac.code.ClassFinder.complete(Lcom/sun/tools/javac/code/Symbol;)V+129 jdk.compiler@21.0.2
j  com.sun.tools.javac.code.ClassFinder$$Lambda+0x0000025d2b290c60.complete(Lcom/sun/tools/javac/code/Symbol;)V+5 jdk.compiler@21.0.2
J 4983 c1 com.sun.tools.javac.code.Symbol.complete()V jdk.compiler@21.0.2 (30 bytes) @ 0x0000025d157071dc [0x0000025d15707040+0x000000000000019c]
j  com.sun.tools.javac.code.Symbol$PackageSymbol.flags()J+1 jdk.compiler@21.0.2
j  com.sun.tools.javac.comp.Attr.visitSelect(Lcom/sun/tools/javac/tree/JCTree$JCFieldAccess;)V+1097 jdk.compiler@21.0.2
j  com.sun.tools.javac.tree.JCTree$JCFieldAccess.accept(Lcom/sun/tools/javac/tree/JCTree$Visitor;)V+2 jdk.compiler@21.0.2
j  com.sun.tools.javac.comp.Attr.attribTree(Lcom/sun/tools/javac/tree/JCTree;Lcom/sun/tools/javac/comp/Env;Lcom/sun/tools/javac/comp/Attr$ResultInfo;)Lcom/sun/tools/javac/code/Type;+48 jdk.compiler@21.0.2
j  com.sun.tools.javac.comp.Attr.attribImportQualifier(Lcom/sun/tools/javac/tree/JCTree$JCImport;Lcom/sun/tools/javac/comp/Env;)Lcom/sun/tools/javac/code/Type;+38 jdk.compiler@21.0.2
j  com.sun.tools.javac.comp.TypeEnter$ImportsPhase.doImport(Lcom/sun/tools/javac/tree/JCTree$JCImport;)V+30 jdk.compiler@21.0.2
j  com.sun.tools.javac.comp.TypeEnter$ImportsPhase.resolveImports(Lcom/sun/tools/javac/tree/JCTree$JCCompilationUnit;Lcom/sun/tools/javac/comp/Env;)V+177 jdk.compiler@21.0.2
j  com.sun.tools.javac.comp.TypeEnter$ImportsPhase.runPhase(Lcom/sun/tools/javac/comp/Env;)V+35 jdk.compiler@21.0.2
j  com.sun.tools.javac.comp.TypeEnter$Phase.doCompleteEnvs(Lcom/sun/tools/javac/util/List;)V+101 jdk.compiler@21.0.2
j  com.sun.tools.javac.comp.TypeEnter$Phase.completeEnvs(Lcom/sun/tools/javac/util/List;)Lcom/sun/tools/javac/util/List;+29 jdk.compiler@21.0.2
j  com.sun.tools.javac.comp.TypeEnter.complete(Lcom/sun/tools/javac/code/Symbol;)V+85 jdk.compiler@21.0.2
J 4983 c1 com.sun.tools.javac.code.Symbol.complete()V jdk.compiler@21.0.2 (30 bytes) @ 0x0000025d157071dc [0x0000025d15707040+0x000000000000019c]
j  com.sun.tools.javac.code.Symbol$ClassSymbol.complete()V+6 jdk.compiler@21.0.2
j  com.sun.tools.javac.comp.Enter.complete(Lcom/sun/tools/javac/util/List;Lcom/sun/tools/javac/code/Symbol$ClassSymbol;)V+88 jdk.compiler@21.0.2
j  com.sun.tools.javac.comp.Enter.main(Lcom/sun/tools/javac/util/List;)V+3 jdk.compiler@21.0.2
j  com.sun.tools.javac.main.JavaCompiler.enterTrees(Lcom/sun/tools/javac/util/List;)Lcom/sun/tools/javac/util/List;+64 jdk.compiler@21.0.2
j  com.sun.tools.javac.main.JavaCompiler.compile(Ljava/util/Collection;Ljava/util/Collection;Ljava/lang/Iterable;Ljava/util/Collection;)V+281 jdk.compiler@21.0.2
j  com.sun.tools.javac.api.JavacTaskImpl.lambda$doCall$0()Lcom/sun/tools/javac/main/Main$Result;+45 jdk.compiler@21.0.2
j  com.sun.tools.javac.api.JavacTaskImpl$$Lambda+0x0000025d2b26e468.call()Ljava/lang/Object;+4 jdk.compiler@21.0.2
j  com.sun.tools.javac.api.JavacTaskImpl.invocationHelper(Ljava/util/concurrent/Callable;)Lcom/sun/tools/javac/util/Pair;+20 jdk.compiler@21.0.2
j  com.sun.tools.javac.api.JavacTaskImpl.doCall()Lcom/sun/tools/javac/main/Main$Result;+7 jdk.compiler@21.0.2
j  com.sun.tools.javac.api.JavacTaskImpl.call()Ljava/lang/Boolean;+1 jdk.compiler@21.0.2
j  org.codehaus.plexus.compiler.javac.JavaxToolsCompiler.compileInProcess([Ljava/lang/String;Lorg/codehaus/plexus/compiler/CompilerConfiguration;[Ljava/lang/String;)Lorg/codehaus/plexus/compiler/CompilerResult;+129
j  org.codehaus.plexus.compiler.javac.JavacCompiler.performCompile(Lorg/codehaus/plexus/compiler/CompilerConfiguration;)Lorg/codehaus/plexus/compiler/CompilerResult;+211
j  org.apache.maven.plugin.compiler.AbstractCompilerMojo.execute()V+3204
j  org.apache.maven.plugin.compiler.CompilerMojo.execute()V+44
j  org.apache.maven.plugin.DefaultBuildPluginManager.executeMojo(Lorg/apache/maven/execution/MavenSession;Lorg/apache/maven/plugin/MojoExecution;)V+152
j  org.apache.maven.lifecycle.internal.MojoExecutor.doExecute2(Lorg/apache/maven/execution/MavenSession;Lorg/apache/maven/plugin/MojoExecution;)V+20
j  org.apache.maven.lifecycle.internal.MojoExecutor.doExecute(Lorg/apache/maven/execution/MavenSession;Lorg/apache/maven/plugin/MojoExecution;Lorg/apache/maven/lifecycle/internal/ProjectIndex;Lorg/apache/maven/lifecycle/internal/DependencyContext;)V+40
j  org.apache.maven.lifecycle.internal.MojoExecutor.execute(Lorg/apache/maven/execution/MavenSession;Lorg/apache/maven/plugin/MojoExecution;Lorg/apache/maven/lifecycle/internal/ProjectIndex;Lorg/apache/maven/lifecycle/internal/DependencyContext;)V+183
j  org.apache.maven.lifecycle.internal.MojoExecutor.execute(Lorg/apache/maven/execution/MavenSession;Lorg/apache/maven/plugin/MojoExecution;Lorg/apache/maven/lifecycle/internal/ProjectIndex;Lorg/apache/maven/lifecycle/internal/DependencyContext;Lorg/apache/maven/lifecycle/internal/PhaseRecorder;)V+6
j  org.apache.maven.lifecycle.internal.MojoExecutor.access$000(Lorg/apache/maven/lifecycle/internal/MojoExecutor;Lorg/apache/maven/execution/MavenSession;Lorg/apache/maven/plugin/MojoExecution;Lorg/apache/maven/lifecycle/internal/ProjectIndex;Lorg/apache/maven/lifecycle/internal/DependencyContext;Lorg/apache/maven/lifecycle/internal/PhaseRecorder;)V+8
j  org.apache.maven.lifecycle.internal.MojoExecutor$1.run(Lorg/apache/maven/plugin/MojoExecution;)V+21
j  org.apache.maven.plugin.DefaultMojosExecutionStrategy.execute(Ljava/util/List;Lorg/apache/maven/execution/MavenSession;Lorg/apache/maven/plugin/MojoExecutionRunner;)V+33
j  org.apache.maven.lifecycle.internal.MojoExecutor.execute(Lorg/apache/maven/execution/MavenSession;Ljava/util/List;Lorg/apache/maven/lifecycle/internal/ProjectIndex;)V+72
j  org.apache.maven.lifecycle.internal.LifecycleModuleBuilder.buildProject(Lorg/apache/maven/execution/MavenSession;Lorg/apache/maven/execution/MavenSession;Lorg/apache/maven/lifecycle/internal/ReactorContext;Lorg/apache/maven/project/MavenProject;Lorg/apache/maven/lifecycle/internal/TaskSegment;)V+151
j  org.apache.maven.lifecycle.internal.LifecycleModuleBuilder.buildProject(Lorg/apache/maven/execution/MavenSession;Lorg/apache/maven/lifecycle/internal/ReactorContext;Lorg/apache/maven/project/MavenProject;Lorg/apache/maven/lifecycle/internal/TaskSegment;)V+7
j  org.apache.maven.lifecycle.internal.builder.singlethreaded.SingleThreadedBuilder.build(Lorg/apache/maven/execution/MavenSession;Lorg/apache/maven/lifecycle/internal/ReactorContext;Lorg/apache/maven/lifecycle/internal/ProjectBuildList;Ljava/util/List;Lorg/apache/maven/lifecycle/internal/ReactorBuildStatus;)V+77
j  org.apache.maven.lifecycle.internal.LifecycleStarter.execute(Lorg/apache/maven/execution/MavenSession;)V+343
j  org.apache.maven.DefaultMaven.doExecute(Lorg/apache/maven/execution/MavenExecutionRequest;Lorg/apache/maven/execution/MavenSession;Lorg/apache/maven/execution/MavenExecutionResult;Lorg/eclipse/aether/DefaultRepositorySystemSession;)Lorg/apache/maven/execution/MavenExecutionResult;+418
j  org.apache.maven.DefaultMaven.doExecute(Lorg/apache/maven/execution/MavenExecutionRequest;)Lorg/apache/maven/execution/MavenExecutionResult;+98
j  org.apache.maven.DefaultMaven.execute(Lorg/apache/maven/execution/MavenExecutionRequest;)Lorg/apache/maven/execution/MavenExecutionResult;+2
j  org.apache.maven.cli.MavenCli.execute(Lorg/apache/maven/cli/CliRequest;)I+27
j  org.apache.maven.cli.MavenCli.doMain(Lorg/apache/maven/cli/CliRequest;)I+66
j  org.apache.maven.cli.MavenCli.main([Ljava/lang/String;Lorg/codehaus/plexus/classworlds/ClassWorld;)I+24
j  java.lang.invoke.DirectMethodHandle$Holder.invokeStatic(Ljava/lang/Object;Ljava/lang/Object;Ljava/lang/Object;)I+11 java.base@21.0.2
j  java.lang.invoke.LambdaForm$MH+0x0000025d2b009400.invoke(Ljava/lang/Object;Ljava/lang/Object;Ljava/lang/Object;Ljava/lang/Object;)Ljava/lang/Object;+54 java.base@21.0.2
j  java.lang.invoke.LambdaForm$MH+0x0000025d2b009800.invokeExact_MT(Ljava/lang/Object;Ljava/lang/Object;Ljava/lang/Object;Ljava/lang/Object;Ljava/lang/Object;)Ljava/lang/Object;+22 java.base@21.0.2
j  jdk.internal.reflect.DirectMethodHandleAccessor.invokeImpl(Ljava/lang/Object;[Ljava/lang/Object;)Ljava/lang/Object;+72 java.base@21.0.2
j  jdk.internal.reflect.DirectMethodHandleAccessor.invoke(Ljava/lang/Object;[Ljava/lang/Object;)Ljava/lang/Object;+23 java.base@21.0.2
j  java.lang.reflect.Method.invoke(Ljava/lang/Object;[Ljava/lang/Object;)Ljava/lang/Object;+102 java.base@21.0.2
j  org.codehaus.plexus.classworlds.launcher.Launcher.launchEnhanced([Ljava/lang/String;)V+45
j  org.codehaus.plexus.classworlds.launcher.Launcher.launch([Ljava/lang/String;)V+2
j  org.codehaus.plexus.classworlds.launcher.Launcher.mainWithExitCode([Ljava/lang/String;)I+108
j  org.codehaus.plexus.classworlds.launcher.Launcher.main([Ljava/lang/String;)V+1
v  ~StubRoutines::call_stub 0x0000025d1c1a100d

siginfo: EXCEPTION_ACCESS_VIOLATION (0xc0000005), reading address 0x0000000000020000


Registers:
RAX=0x0000000000000000, RBX=0x0000025d6f3e5590, RCX=0x0000000000000014, RDX=0x0000000000000000
RSP=0x000000961b4fe1e0, RBP=0x0000000000000152, RSI=0x0000025d0b011f20, RDI=0x0000000082e98864
R8 =0x0000000082e98820, R9 =0x0000000000000010, R10=0x0000000000020000, R11=0x0000000000000001
R12=0x0000000000000449, R13=0x000000961b4fe3f0, R14=0x0000000000000040, R15=0x0000000000000000
RIP=0x00007ff905058ed9, EFLAGS=0x0000000000010246


Register to memory mapping:

RAX=0x0 is null
RBX=0x0000025d6f3e5590 points into unknown readable memory: 0x00007ff9056d83e8 | e8 83 6d 05 f9 7f 00 00
RCX=0x0000000000000014 is an unknown value
RDX=0x0 is null
RSP=0x000000961b4fe1e0 points into unknown readable memory: 0x0000025d6f3e0000 | 00 00 3e 6f 5d 02 00 00
RBP=0x0000000000000152 is an unknown value
RSI=0x0000025d0b011f20 points into unknown readable memory: 0x0000000000000000 | 00 00 00 00 00 00 00 00
RDI=0x0000000082e98864 is pointing into object: [Ljava.util.HashMap$Node; 
{0x0000000082e98820} - klass: 'java/util/HashMap$Node'[]
 - length: 16
R8 =0x0000000082e98820 is an oop: [Ljava.util.HashMap$Node; 
{0x0000000082e98820} - klass: 'java/util/HashMap$Node'[]
 - length: 16
R9 =0x0000000000000010 is an unknown value
R10=0x0000000000020000 is an unknown value
R11=0x0000000000000001 is an unknown value
R12=0x0000000000000449 is an unknown value
R13=0x000000961b4fe3f0 points into unknown readable memory: 0x0000025d6c302728 | 28 27 30 6c 5d 02 00 00
R14=0x0000000000000040 is an unknown value
R15=0x0 is null

Top of Stack: (sp=0x000000961b4fe1e0)
0x000000961b4fe1e0:   0000025d6f3e0000 0000025d0b010100
0x000000961b4fe1f0:   0000025d00000000 0000000000000050
0x000000961b4fe200:   0000000000000009 000000961b4fe368
0x000000961b4fe210:   0000025d707ce718 0000000000001155
0x000000961b4fe220:   0000000000000008 00007ff9050555de
0x000000961b4fe230:   0000000000000449 0000025d6f3e5590
0x000000961b4fe240:   000000961b4fe368 000000961b4fe3f0
0x000000961b4fe250:   0000000004754071 0000000456570d75
0x000000961b4fe260:   0000000000001155 0000000000000008
0x000000961b4fe270:   000000961a2fda50 00007ff9050667d2
0x000000961b4fe280:   0000000000000000 0000000000000100
0x000000961b4fe290:   0000009600000000 00000000000000c8
0x000000961b4fe2a0:   0000000000000000 00007ff9053b9499
0x000000961b4fe2b0:   0000000000000001 0000000000001155
0x000000961b4fe2c0:   0000000000000449 000000961b4fe3f0
0x000000961b4fe2d0:   0000025d6f008440 0000025d707ce718
0x000000961b4fe2e0:   00000000000003d8 00007ff905015f9a
0x000000961b4fe2f0:   000000961b4fe3f0 0000000000000000
0x000000961b4fe300:   0000025d707ce7c0 000000961b4fe5d0
0x000000961b4fe310:   0000044915706e01 0000025d6c302728
0x000000961b4fe320:   0000025d6f0087b0 0000025d2a4866d8
0x000000961b4fe330:   0000000000000000 0000025d15707040
0x000000961b4fe340:   0000025d15707040 0000025d15706e90
0x000000961b4fe350:   0000025d6c302551 0000025d000000b6
0x000000961b4fe360:   0000025d6c302728 00007ff9056cfa20
0x000000961b4fe370:   000000961b4fe5d0 0000025d707ce718
0x000000961b4fe380:   0000000b00000009 0000025d15707040
0x000000961b4fe390:   0000025d15707290 0000025d157072d8
0x000000961b4fe3a0:   00007ff9056b59a8 000000961b4fe330
0x000000961b4fe3b0:   000000000000000c 0000000000000000
0x000000961b4fe3c0:   0000025d15706e90 0000b359adb86595
0x000000961b4fe3d0:   0000025d6f008440 000000961b4fe460 

Instructions: (pc=0x00007ff905058ed9)
0x00007ff905058dd9:   fd ff ff 48 8d 57 fe 48 8b cb e8 98 f3 ff ff e9
0x00007ff905058de9:   d3 fd ff ff 0f 1f 00 48 8b 73 10 8b ae 80 00 00
0x00007ff905058df9:   00 8b cd 8b 86 00 01 00 00 2b c8 81 e1 ff ff 01
0x00007ff905058e09:   00 41 3b ce 0f 86 4b 02 00 00 ff cd 81 e5 ff ff
0x00007ff905058e19:   01 00 89 ae 80 00 00 00 e8 5a 2c 36 00 90 8b d5
0x00007ff905058e29:   48 8b 86 80 01 00 00 8b cd 48 8b 3c e8 8b 86 00
0x00007ff905058e39:   01 00 00 2b c8 81 e1 ff ff 01 00 81 f9 ff ff 01
0x00007ff905058e49:   00 41 0f 44 cf 85 c9 75 3d 90 89 6c 24 50 48 8b
0x00007ff905058e59:   86 00 01 00 00 48 8b c8 48 c1 e9 20 ff c1 89 4c
0x00007ff905058e69:   24 54 3b e8 0f 85 d9 01 00 00 48 c1 e1 20 48 0b
0x00007ff905058e79:   ca f0 48 0f b1 8e 00 01 00 00 0f 85 c3 01 00 00
0x00007ff905058e89:   8b 86 00 01 00 00 40 f6 c7 01 0f 84 a7 00 00 00
0x00007ff905058e99:   8b 0d c9 30 86 00 48 ff cf 48 8b 43 08 44 8b 17
0x00007ff905058ea9:   49 d3 e2 8b 88 b0 05 00 00 48 8b 80 a0 05 00 00
0x00007ff905058eb9:   4c 03 15 a0 30 86 00 49 8b d2 48 d3 ea 0f b7 14
0x00007ff905058ec9:   50 0f b7 c2 66 c1 e8 08 84 c0 0f 88 17 ff ff ff
0x00007ff905058ed9:   4d 8b 02 41 0f b6 c0 24 03 3c 03 75 06 49 83 e0
0x00007ff905058ee9:   fc eb 11 4d 8b c8 48 8b cb 4d 8b c2 e8 26 ed ff
0x00007ff905058ef9:   ff 4c 8b c0 8b 0d 65 30 86 00 49 8b d0 48 2b 15
0x00007ff905058f09:   53 30 86 00 48 d3 ea 89 17 49 8b d0 8b 0d f5 be
0x00007ff905058f19:   8c 00 48 33 d7 48 d3 ea 48 85 d2 0f 84 c6 fe ff
0x00007ff905058f29:   ff 48 8b 43 08 8b 88 b0 05 00 00 4c 8b 88 a0 05
0x00007ff905058f39:   00 00 e9 87 00 00 00 40 f6 c7 03 0f 85 f1 00 00
0x00007ff905058f49:   00 48 8b 43 08 4c 8b 17 49 8b d2 8b 88 b0 05 00
0x00007ff905058f59:   00 48 8b 80 a0 05 00 00 48 d3 ea 0f b7 14 50 0f
0x00007ff905058f69:   b7 c2 66 c1 e8 08 84 c0 0f 88 79 fe ff ff 4d 8b
0x00007ff905058f79:   02 41 0f b6 c0 24 03 3c 03 75 06 49 83 e0 fc eb
0x00007ff905058f89:   11 4d 8b c8 48 8b cb 4d 8b c2 e8 88 ec ff ff 4c
0x00007ff905058f99:   8b c0 49 8b d0 4c 89 07 8b 0d 69 be 8c 00 48 33
0x00007ff905058fa9:   d7 48 d3 ea 48 85 d2 0f 84 3a fe ff ff 48 8b 53
0x00007ff905058fb9:   08 8b 8a b0 05 00 00 4c 8b 8a a0 05 00 00 48 8b
0x00007ff905058fc9:   c7 48 d3 e8 41 0f b7 14 41 66 c1 ea 08 80 fa fe 


Stack slot to memory mapping:

stack at sp + 0 slots: 0x0000025d6f3e0000 points into unknown readable memory: 0x0000000000000000 | 00 00 00 00 00 00 00 00
stack at sp + 1 slots: 0x0000025d0b010100 points into unknown readable memory: 0x0000000000000000 | 00 00 00 00 00 00 00 00
stack at sp + 2 slots: 0x0000025d00000000 is an unknown value
stack at sp + 3 slots: 0x0000000000000050 is an unknown value
stack at sp + 4 slots: 0x0000000000000009 is an unknown value
stack at sp + 5 slots: 0x000000961b4fe368 points into unknown readable memory: 0x00007ff9056cfa20 | 20 fa 6c 05 f9 7f 00 00
stack at sp + 6 slots: 0x0000025d707ce718 points into unknown readable memory: 0x00007ff9056da0e0 | e0 a0 6d 05 f9 7f 00 00
stack at sp + 7 slots: 0x0000000000001155 is an unknown value


---------------  P R O C E S S  ---------------

Threads class SMR info:
_java_thread_list=0x0000025d6fd48780, length=12, elements={
0x0000025d0affd840, 0x0000025d29019910, 0x0000025d2901a830, 0x0000025d2901f7a0,
0x0000025d29020200, 0x0000025d29022c70, 0x0000025d290236d0, 0x0000025d29031980,
0x0000025d29032420, 0x0000025d29293fa0, 0x0000025d29296bf0, 0x0000025d6f98fe20
}

Java Threads: ( => current thread )
  0x0000025d0affd840 JavaThread "main"                              [_thread_blocked, id=3560, stack(0x000000961a200000,0x000000961a300000) (1024K)]
  0x0000025d29019910 JavaThread "Reference Handler"          daemon [_thread_blocked, id=5592, stack(0x000000961aa00000,0x000000961ab00000) (1024K)]
  0x0000025d2901a830 JavaThread "Finalizer"                  daemon [_thread_blocked, id=8884, stack(0x000000961ab00000,0x000000961ac00000) (1024K)]
  0x0000025d2901f7a0 JavaThread "Signal Dispatcher"          daemon [_thread_blocked, id=6916, stack(0x000000961ac00000,0x000000961ad00000) (1024K)]
  0x0000025d29020200 JavaThread "Attach Listener"            daemon [_thread_blocked, id=7128, stack(0x000000961ad00000,0x000000961ae00000) (1024K)]
  0x0000025d29022c70 JavaThread "Service Thread"             daemon [_thread_blocked, id=12620, stack(0x000000961ae00000,0x000000961af00000) (1024K)]
  0x0000025d290236d0 JavaThread "Monitor Deflation Thread"   daemon [_thread_blocked, id=756, stack(0x000000961af00000,0x000000961b000000) (1024K)]
  0x0000025d29031980 JavaThread "C2 CompilerThread0"         daemon [_thread_blocked, id=9356, stack(0x000000961b000000,0x000000961b100000) (1024K)]
  0x0000025d29032420 JavaThread "C1 CompilerThread0"         daemon [_thread_blocked, id=10172, stack(0x000000961b100000,0x000000961b200000) (1024K)]
  0x0000025d29293fa0 JavaThread "Notification Thread"        daemon [_thread_blocked, id=1612, stack(0x000000961b200000,0x000000961b300000) (1024K)]
  0x0000025d29296bf0 JavaThread "Common-Cleaner"             daemon [_thread_blocked, id=10924, stack(0x000000961b300000,0x000000961b400000) (1024K)]
  0x0000025d6f98fe20 JavaThread "C2 CompilerThread1"         daemon [_thread_blocked, id=7936, stack(0x000000961b700000,0x000000961b800000) (1024K)]
Total: 12

Other Threads:
  0x0000025d28ff9f30 VMThread "VM Thread"                           [id=5164, stack(0x000000961a900000,0x000000961aa00000) (1024K)]
  0x0000025d28fe2c00 WatcherThread "VM Periodic Task Thread"        [id=13116, stack(0x000000961a800000,0x000000961a900000) (1024K)]
  0x0000025d0b04f490 WorkerThread "GC Thread#0"                     [id=8644, stack(0x000000961a300000,0x000000961a400000) (1024K)]
=>0x0000025d6f0087b0 WorkerThread "GC Thread#1"                     [id=11860, stack(0x000000961b400000,0x000000961b500000) (1024K)]
  0x0000025d6f008b50 WorkerThread "GC Thread#2"                     [id=6532, stack(0x000000961b500000,0x000000961b600000) (1024K)]
  0x0000025d2944dad0 WorkerThread "GC Thread#3"                     [id=6960, stack(0x000000961b600000,0x000000961b700000) (1024K)]
  0x0000025d0b060d40 ConcurrentGCThread "G1 Main Marker"            [id=12572, stack(0x000000961a400000,0x000000961a500000) (1024K)]
  0x0000025d0b061ef0 WorkerThread "G1 Conc#0"                       [id=12948, stack(0x000000961a500000,0x000000961a600000) (1024K)]
  0x0000025d0b0ce120 ConcurrentGCThread "G1 Refine#0"               [id=11196, stack(0x000000961a600000,0x000000961a700000) (1024K)]
  0x0000025d0b0ceba0 ConcurrentGCThread "G1 Service"                [id=1740, stack(0x000000961a700000,0x000000961a800000) (1024K)]
Total: 10

Threads with active compile tasks:
C2 CompilerThread0     7568 5426       4       jdk.internal.jimage.BasicImageReader::getString (35 bytes)
C2 CompilerThread1     7568 5427       4       jdk.internal.jimage.ImageLocation::getAttributeString (54 bytes)
Total: 2

VM state: at safepoint (normal execution)

VM Mutex/Monitor currently owned by a thread:  ([mutex/lock_event])
[0x00007ff90593cd68] Threads_lock - owner thread: 0x0000025d28ff9f30
[0x00007ff90593ce68] Heap_lock - owner thread: 0x0000025d0affd840

Heap address: 0x0000000082000000, size: 2016 MB, Compressed Oops mode: 32-bit

CDS archive(s) mapped at: [0x0000025d2a000000-0x0000025d2ac90000-0x0000025d2ac90000), size 13172736, SharedBaseAddress: 0x0000025d2a000000, ArchiveRelocationMode: 1.
Compressed class space mapped at: 0x0000025d2b000000-0x0000025d6b000000, reserved size: 1073741824
Narrow klass base: 0x0000025d2a000000, Narrow klass shift: 0, Narrow klass range: 0x100000000

GC Precious Log:
 CardTable entry size: 512
 Card Set container configuration: InlinePtr #cards 5 size 8 Array Of Cards #cards 12 size 40 Howl #buckets 4 coarsen threshold 1843 Howl Bitmap #cards 512 size 80 coarsen threshold 460 Card regions per heap region 1 cards per card region 2048
 CPUs: 4 total, 4 available
 Memory: 8057M
 Large Page Support: Disabled
 NUMA Support: Disabled
 Compressed Oops: Enabled (32-bit)
 Heap Region Size: 1M
 Heap Min Capacity: 8M
 Heap Initial Capacity: 126M
 Heap Max Capacity: 2016M
 Pre-touch: Disabled
 Parallel Workers: 4
 Concurrent Workers: 1
 Concurrent Refinement Workers: 4
 Periodic GC: Disabled

Heap:
 garbage-first heap   total 55296K, used 41992K [0x0000000082000000, 0x0000000100000000)
  region size 1024K, 32 young (32768K), 4 survivors (4096K)
 Metaspace       used 26229K, committed 26560K, reserved 1114112K
  class space    used 2961K, committed 3136K, reserved 1048576K

Heap Regions: E=young(eden), S=young(survivor), O=old, HS=humongous(starts), HC=humongous(continues), CS=collection set, F=free, TAMS=top-at-mark-start, PB=parsable bottom
|   0|0x0000000082000000, 0x0000000082100000, 0x0000000082100000|100%| O|  |TAMS 0x0000000082000000| PB 0x0000000082000000| Untracked 
|   1|0x0000000082100000, 0x0000000082200000, 0x0000000082200000|100%| O|  |TAMS 0x0000000082100000| PB 0x0000000082100000| Untracked 
|   2|0x0000000082200000, 0x0000000082300000, 0x0000000082300000|100%| O|  |TAMS 0x0000000082200000| PB 0x0000000082200000| Untracked 
|   3|0x0000000082300000, 0x0000000082400000, 0x0000000082400000|100%| O|  |TAMS 0x0000000082300000| PB 0x0000000082300000| Untracked 
|   4|0x0000000082400000, 0x0000000082500000, 0x0000000082500000|100%| O|  |TAMS 0x0000000082400000| PB 0x0000000082400000| Untracked 
|   5|0x0000000082500000, 0x0000000082600000, 0x0000000082600000|100%| O|  |TAMS 0x0000000082500000| PB 0x0000000082500000| Untracked 
|   6|0x0000000082600000, 0x0000000082700000, 0x0000000082700000|100%| O|  |TAMS 0x0000000082600000| PB 0x0000000082600000| Untracked 
|   7|0x0000000082700000, 0x0000000082800000, 0x0000000082800000|100%| O|  |TAMS 0x0000000082700000| PB 0x0000000082700000| Untracked 
|   8|0x0000000082800000, 0x0000000082900000, 0x0000000082900000|100%| O|  |TAMS 0x0000000082800000| PB 0x0000000082800000| Untracked 
|   9|0x0000000082900000, 0x0000000082962380, 0x0000000082a00000| 38%| O|Cm|TAMS 0x0000000082900000| PB 0x0000000082900000| Complete 
|  10|0x0000000082a00000, 0x0000000082b00000, 0x0000000082b00000|100%| O|  |TAMS 0x0000000082a00000| PB 0x0000000082a00000| Untracked 
|  11|0x0000000082b00000, 0x0000000082c00000, 0x0000000082c00000|100%| O|  |TAMS 0x0000000082b00000| PB 0x0000000082b00000| Untracked 
|  12|0x0000000082c00000, 0x0000000082d00000, 0x0000000082d00000|100%| O|  |TAMS 0x0000000082c00000| PB 0x0000000082c00000| Untracked 
|  13|0x0000000082d00000, 0x0000000082e00000, 0x0000000082e00000|100%| O|  |TAMS 0x0000000082d00000| PB 0x0000000082d00000| Untracked 
|  14|0x0000000082e00000, 0x0000000082f00000, 0x0000000082f00000|100%| O|  |TAMS 0x0000000082e00000| PB 0x0000000082e00000| Untracked 
|  15|0x0000000082f00000, 0x0000000083000000, 0x0000000083000000|100%| O|  |TAMS 0x0000000082f00000| PB 0x0000000082f00000| Untracked 
|  16|0x0000000083000000, 0x0000000083080000, 0x0000000083100000| 50%| O|  |TAMS 0x0000000083000000| PB 0x0000000083000000| Untracked 
|  17|0x0000000083100000, 0x0000000083100000, 0x0000000083200000|  0%| F|  |TAMS 0x0000000083100000| PB 0x0000000083100000| Untracked 
|  18|0x0000000083200000, 0x0000000083300000, 0x0000000083300000|100%| S|  |TAMS 0x0000000083200000| PB 0x0000000083200000| Complete 
|  19|0x0000000083300000, 0x0000000083400000, 0x0000000083400000|100%| S|  |TAMS 0x0000000083300000| PB 0x0000000083300000| Complete 
|  20|0x0000000083400000, 0x0000000083500000, 0x0000000083500000|100%| S|  |TAMS 0x0000000083400000| PB 0x0000000083400000| Complete 
|  21|0x0000000083500000, 0x0000000083600000, 0x0000000083600000|100%| S|  |TAMS 0x0000000083500000| PB 0x0000000083500000| Complete 
|  22|0x0000000083600000, 0x0000000083700000, 0x0000000083700000|100%| E|CS|TAMS 0x0000000083600000| PB 0x0000000083600000| Complete 
|  23|0x0000000083700000, 0x0000000083800000, 0x0000000083800000|100%| E|CS|TAMS 0x0000000083700000| PB 0x0000000083700000| Complete 
|  24|0x0000000083800000, 0x0000000083900000, 0x0000000083900000|100%| E|CS|TAMS 0x0000000083800000| PB 0x0000000083800000| Complete 
|  25|0x0000000083900000, 0x0000000083a00000, 0x0000000083a00000|100%| E|CS|TAMS 0x0000000083900000| PB 0x0000000083900000| Complete 
|  26|0x0000000083a00000, 0x0000000083b00000, 0x0000000083b00000|100%| E|CS|TAMS 0x0000000083a00000| PB 0x0000000083a00000| Complete 
|  27|0x0000000083b00000, 0x0000000083c00000, 0x0000000083c00000|100%| E|CS|TAMS 0x0000000083b00000| PB 0x0000000083b00000| Complete 
|  28|0x0000000083c00000, 0x0000000083d00000, 0x0000000083d00000|100%| E|CS|TAMS 0x0000000083c00000| PB 0x0000000083c00000| Complete 
|  29|0x0000000083d00000, 0x0000000083e00000, 0x0000000083e00000|100%| E|CS|TAMS 0x0000000083d00000| PB 0x0000000083d00000| Complete 
|  30|0x0000000083e00000, 0x0000000083f00000, 0x0000000083f00000|100%| E|CS|TAMS 0x0000000083e00000| PB 0x0000000083e00000| Complete 
|  31|0x0000000083f00000, 0x0000000084000000, 0x0000000084000000|100%| E|CS|TAMS 0x0000000083f00000| PB 0x0000000083f00000| Complete 
|  32|0x0000000084000000, 0x0000000084100000, 0x0000000084100000|100%| E|CS|TAMS 0x0000000084000000| PB 0x0000000084000000| Complete 
|  33|0x0000000084100000, 0x0000000084200000, 0x0000000084200000|100%| E|CS|TAMS 0x0000000084100000| PB 0x0000000084100000| Complete 
|  34|0x0000000084200000, 0x0000000084300000, 0x0000000084300000|100%| E|CS|TAMS 0x0000000084200000| PB 0x0000000084200000| Complete 
|  35|0x0000000084300000, 0x0000000084400000, 0x0000000084400000|100%| E|CS|TAMS 0x0000000084300000| PB 0x0000000084300000| Complete 
|  36|0x0000000084400000, 0x0000000084500000, 0x0000000084500000|100%| E|CS|TAMS 0x0000000084400000| PB 0x0000000084400000| Complete 
|  37|0x0000000084500000, 0x0000000084600000, 0x0000000084600000|100%| E|CS|TAMS 0x0000000084500000| PB 0x0000000084500000| Complete 
|  38|0x0000000084600000, 0x0000000084700000, 0x0000000084700000|100%| E|CS|TAMS 0x0000000084600000| PB 0x0000000084600000| Complete 
|  39|0x0000000084700000, 0x0000000084800000, 0x0000000084800000|100%| E|CS|TAMS 0x0000000084700000| PB 0x0000000084700000| Complete 
|  40|0x0000000084800000, 0x0000000084900000, 0x0000000084900000|100%| E|CS|TAMS 0x0000000084800000| PB 0x0000000084800000| Complete 
|  41|0x0000000084900000, 0x0000000084a00000, 0x0000000084a00000|100%| E|CS|TAMS 0x0000000084900000| PB 0x0000000084900000| Complete 
|  42|0x0000000084a00000, 0x0000000084b00000, 0x0000000084b00000|100%| E|CS|TAMS 0x0000000084a00000| PB 0x0000000084a00000| Complete 
|  43|0x0000000084b00000, 0x0000000084c00000, 0x0000000084c00000|100%| E|CS|TAMS 0x0000000084b00000| PB 0x0000000084b00000| Complete 
|  44|0x0000000084c00000, 0x0000000084d00000, 0x0000000084d00000|100%| E|CS|TAMS 0x0000000084c00000| PB 0x0000000084c00000| Complete 
|  45|0x0000000084d00000, 0x0000000084e00000, 0x0000000084e00000|100%| E|CS|TAMS 0x0000000084d00000| PB 0x0000000084d00000| Complete 
|  46|0x0000000084e00000, 0x0000000084f00000, 0x0000000084f00000|100%| E|CS|TAMS 0x0000000084e00000| PB 0x0000000084e00000| Complete 
|  47|0x0000000084f00000, 0x0000000085000000, 0x0000000085000000|100%| E|CS|TAMS 0x0000000084f00000| PB 0x0000000084f00000| Complete 
|  75|0x0000000086b00000, 0x0000000086b9ff80, 0x0000000086c00000| 62%| E|CS|TAMS 0x0000000086b00000| PB 0x0000000086b00000| Complete 
|  76|0x0000000086c00000, 0x0000000086d00000, 0x0000000086d00000|100%| E|CS|TAMS 0x0000000086c00000| PB 0x0000000086c00000| Complete 
|  77|0x0000000086d00000, 0x0000000086e00000, 0x0000000086e00000|100%| E|CS|TAMS 0x0000000086d00000| PB 0x0000000086d00000| Complete 
|  78|0x0000000086e00000, 0x0000000086f00000, 0x0000000086f00000|100%| E|CS|TAMS 0x0000000086e00000| PB 0x0000000086e00000| Complete 
| 124|0x0000000089c00000, 0x0000000089d00000, 0x0000000089d00000|100%| E|CS|TAMS 0x0000000089c00000| PB 0x0000000089c00000| Complete 
| 125|0x0000000089d00000, 0x0000000089e00000, 0x0000000089e00000|100%| E|CS|TAMS 0x0000000089d00000| PB 0x0000000089d00000| Complete 

Card table byte_map: [0x0000025d24680000,0x0000025d24a70000] _byte_map_base: 0x0000025d24270000

Marking Bits: (CMBitMap*) 0x0000025d0b0506b0
 Bits: [0x0000025d24a70000, 0x0000025d269f0000)

Polling page: 0x0000025d0b0d0000

Metaspace:

Usage:
  Non-class:     22.72 MB used.
      Class:      2.89 MB used.
       Both:     25.61 MB used.

Virtual space:
  Non-class space:       64.00 MB reserved,      22.88 MB ( 36%) committed,  1 nodes.
      Class space:        1.00 GB reserved,       3.06 MB ( <1%) committed,  1 nodes.
             Both:        1.06 GB reserved,      25.94 MB (  2%) committed. 

Chunk freelists:
   Non-Class:  8.83 MB
       Class:  12.91 MB
        Both:  21.74 MB

MaxMetaspaceSize: unlimited
CompressedClassSpaceSize: 1.00 GB
Initial GC threshold: 21.00 MB
Current GC threshold: 35.25 MB
CDS: on
 - commit_granule_bytes: 65536.
 - commit_granule_words: 8192.
 - virtual_space_node_default_size: 8388608.
 - enlarge_chunks_in_place: 1.
 - use_allocation_guard: 0.


Internal statistics:

num_allocs_failed_limit: 3.
num_arena_births: 216.
num_arena_deaths: 0.
num_vsnodes_births: 2.
num_vsnodes_deaths: 0.
num_space_committed: 415.
num_space_uncommitted: 0.
num_chunks_returned_to_freelist: 3.
num_chunks_taken_from_freelist: 1103.
num_chunk_merges: 3.
num_chunk_splits: 805.
num_chunks_enlarged: 659.
num_inconsistent_stats: 0.

CodeHeap 'non-profiled nmethods': size=120000Kb used=2576Kb max_used=2576Kb free=117423Kb
 bounds [0x0000025d1c740000, 0x0000025d1c9d0000, 0x0000025d23c70000]
CodeHeap 'profiled nmethods': size=120000Kb used=11788Kb max_used=11788Kb free=108211Kb
 bounds [0x0000025d14c70000, 0x0000025d15800000, 0x0000025d1c1a0000]
CodeHeap 'non-nmethods': size=5760Kb used=1442Kb max_used=1478Kb free=4317Kb
 bounds [0x0000025d1c1a0000, 0x0000025d1c410000, 0x0000025d1c740000]
 total_blobs=5987 nmethods=5458 adapters=433
 compilation: enabled
              stopped_count=0, restarted_count=0
 full_count=0

Compilation events (20 events):
Event: 7.468 Thread 0x0000025d29032420 5460  s    3       jdk.internal.jimage.ImageReader$SharedImageReader::buildRootDirectory (71 bytes)
Event: 7.469 Thread 0x0000025d29032420 nmethod 5460 0x0000025d157eea90 code [0x0000025d157eed20, 0x0000025d157ef800]
Event: 7.469 Thread 0x0000025d29032420 5461  s    3       jdk.internal.jimage.ImageReader$SharedImageReader::findNode (36 bytes)
Event: 7.470 Thread 0x0000025d29032420 nmethod 5461 0x0000025d157efb90 code [0x0000025d157efd80, 0x0000025d157f02e0]
Event: 7.470 Thread 0x0000025d29032420 5462   !   3       jdk.internal.jrtfs.JrtFileSystem::lookup (23 bytes)
Event: 7.470 Thread 0x0000025d29032420 nmethod 5462 0x0000025d157f0490 code [0x0000025d157f0660, 0x0000025d157f0a08]
Event: 7.470 Thread 0x0000025d29032420 5463       3       jdk.internal.jrtfs.JrtPath::getResolvedPath (39 bytes)
Event: 7.471 Thread 0x0000025d29032420 nmethod 5463 0x0000025d157f0b90 code [0x0000025d157f0de0, 0x0000025d157f16b8]
Event: 7.472 Thread 0x0000025d29031980 nmethod 5350 0x0000025d1c9c1590 code [0x0000025d1c9c17c0, 0x0000025d1c9c2838]
Event: 7.472 Thread 0x0000025d29031980 5452       4       jdk.internal.jrtfs.JrtPath::normalize (97 bytes)
Event: 7.474 Thread 0x0000025d6f98fe20 nmethod 5441% 0x0000025d1c9c2f90 code [0x0000025d1c9c3140, 0x0000025d1c9c3438]
Event: 7.474 Thread 0x0000025d6f98fe20 5443       4       java.lang.StringLatin1::lastIndexOf (125 bytes)
Event: 7.475 Thread 0x0000025d29032420 5464       3       jdk.internal.jimage.ImageReader$SharedImageReader::makeDirectories (54 bytes)
Event: 7.475 Thread 0x0000025d29031980 nmethod 5452 0x0000025d1c9c3610 code [0x0000025d1c9c37c0, 0x0000025d1c9c3a20]
Event: 7.475 Thread 0x0000025d29031980 5426       4       jdk.internal.jimage.BasicImageReader::getString (35 bytes)
Event: 7.476 Thread 0x0000025d29032420 nmethod 5464 0x0000025d157f1a10 code [0x0000025d157f1ca0, 0x0000025d157f2818]
Event: 7.476 Thread 0x0000025d29032420 5465       3       jdk.internal.misc.Unsafe::getIntUnaligned (12 bytes)
Event: 7.476 Thread 0x0000025d29032420 nmethod 5465 0x0000025d157f2c90 code [0x0000025d157f2e40, 0x0000025d157f30a0]
Event: 7.477 Thread 0x0000025d6f98fe20 nmethod 5443 0x0000025d1c9c3c90 code [0x0000025d1c9c3e20, 0x0000025d1c9c3fb8]
Event: 7.477 Thread 0x0000025d6f98fe20 5427       4       jdk.internal.jimage.ImageLocation::getAttributeString (54 bytes)

GC Heap History (9 events):
Event: 0.645 GC heap before
{Heap before GC invocations=0 (full 0):
 garbage-first heap   total 129024K, used 12288K [0x0000000082000000, 0x0000000100000000)
  region size 1024K, 13 young (13312K), 0 survivors (0K)
 Metaspace       used 4042K, committed 4224K, reserved 1114112K
  class space    used 416K, committed 512K, reserved 1048576K
}
Event: 0.652 GC heap after
{Heap after GC invocations=1 (full 0):
 garbage-first heap   total 129024K, used 3349K [0x0000000082000000, 0x0000000100000000)
  region size 1024K, 2 young (2048K), 2 survivors (2048K)
 Metaspace       used 4042K, committed 4224K, reserved 1114112K
  class space    used 416K, committed 512K, reserved 1048576K
}
Event: 1.165 GC heap before
{Heap before GC invocations=1 (full 0):
 garbage-first heap   total 129024K, used 19733K [0x0000000082000000, 0x0000000100000000)
  region size 1024K, 18 young (18432K), 2 survivors (2048K)
 Metaspace       used 6453K, committed 6656K, reserved 1114112K
  class space    used 740K, committed 832K, reserved 1048576K
}
Event: 1.170 GC heap after
{Heap after GC invocations=2 (full 0):
 garbage-first heap   total 129024K, used 4271K [0x0000000082000000, 0x0000000100000000)
  region size 1024K, 1 young (1024K), 1 survivors (1024K)
 Metaspace       used 6453K, committed 6656K, reserved 1114112K
  class space    used 740K, committed 832K, reserved 1048576K
}
Event: 4.845 GC heap before
{Heap before GC invocations=2 (full 0):
 garbage-first heap   total 129024K, used 79023K [0x0000000082000000, 0x0000000100000000)
  region size 1024K, 75 young (76800K), 1 survivors (1024K)
 Metaspace       used 16204K, committed 16512K, reserved 1114112K
  class space    used 1878K, committed 1984K, reserved 1048576K
}
Event: 4.858 GC heap after
{Heap after GC invocations=3 (full 0):
 garbage-first heap   total 129024K, used 9954K [0x0000000082000000, 0x0000000100000000)
  region size 1024K, 7 young (7168K), 7 survivors (7168K)
 Metaspace       used 16204K, committed 16512K, reserved 1114112K
  class space    used 1878K, committed 1984K, reserved 1048576K
}
Event: 6.395 GC heap before
{Heap before GC invocations=3 (full 0):
 garbage-first heap   total 129024K, used 57058K [0x0000000082000000, 0x0000000100000000)
  region size 1024K, 54 young (55296K), 7 survivors (7168K)
 Metaspace       used 21169K, committed 21504K, reserved 1114112K
  class space    used 2440K, committed 2560K, reserved 1048576K
}
Event: 6.409 GC heap after
{Heap after GC invocations=4 (full 0):
 garbage-first heap   total 129024K, used 13320K [0x0000000082000000, 0x0000000100000000)
  region size 1024K, 4 young (4096K), 4 survivors (4096K)
 Metaspace       used 21169K, committed 21504K, reserved 1114112K
  class space    used 2440K, committed 2560K, reserved 1048576K
}
Event: 7.479 GC heap before
{Heap before GC invocations=5 (full 0):
 garbage-first heap   total 55296K, used 41992K [0x0000000082000000, 0x0000000100000000)
  region size 1024K, 32 young (32768K), 4 survivors (4096K)
 Metaspace       used 26229K, committed 26560K, reserved 1114112K
  class space    used 2961K, committed 3136K, reserved 1048576K
}

Dll operation events (8 events):
Event: 0.009 Loaded shared library C:\Program Files\Java\jdk-21\bin\java.dll
Event: 0.050 Loaded shared library C:\Program Files\Java\jdk-21\bin\jsvml.dll
Event: 0.080 Loaded shared library C:\Program Files\Java\jdk-21\bin\net.dll
Event: 0.082 Loaded shared library C:\Program Files\Java\jdk-21\bin\nio.dll
Event: 0.086 Loaded shared library C:\Program Files\Java\jdk-21\bin\zip.dll
Event: 0.242 Loaded shared library C:\Program Files\Java\jdk-21\bin\jimage.dll
Event: 0.253 Loaded shared library C:\Program Files\NetBeans-21\netbeans\java\maven\lib\jansi-native\Windows\x86_64\jansi.dll
Event: 0.268 Loaded shared library C:\Program Files\Java\jdk-21\bin\verify.dll

Deoptimization events (20 events):
Event: 7.133 Thread 0x0000025d0affd840 Uncommon trap: trap_request=0xffffffde fr.pc=0x0000025d1c8e58cc relative=0x00000000000021ec
Event: 7.133 Thread 0x0000025d0affd840 Uncommon trap: reason=class_check action=maybe_recompile pc=0x0000025d1c8e58cc method=java.util.zip.InflaterInputStream.read([BII)I @ 78 c2
Event: 7.133 Thread 0x0000025d0affd840 DEOPT PACKING pc=0x0000025d1c8e58cc sp=0x000000961a2fccc0
Event: 7.133 Thread 0x0000025d0affd840 DEOPT UNPACKING pc=0x0000025d1c1f46a2 sp=0x000000961a2fcd10 mode 2
Event: 7.140 Thread 0x0000025d0affd840 Uncommon trap: trap_request=0xffffffde fr.pc=0x0000025d1c8e58cc relative=0x00000000000021ec
Event: 7.140 Thread 0x0000025d0affd840 Uncommon trap: reason=class_check action=maybe_recompile pc=0x0000025d1c8e58cc method=java.util.zip.InflaterInputStream.read([BII)I @ 78 c2
Event: 7.140 Thread 0x0000025d0affd840 DEOPT PACKING pc=0x0000025d1c8e58cc sp=0x000000961a2fccc0
Event: 7.140 Thread 0x0000025d0affd840 DEOPT UNPACKING pc=0x0000025d1c1f46a2 sp=0x000000961a2fcd10 mode 2
Event: 7.243 Thread 0x0000025d0affd840 Uncommon trap: trap_request=0xffffff45 fr.pc=0x0000025d1c99ff04 relative=0x0000000000000144
Event: 7.243 Thread 0x0000025d0affd840 Uncommon trap: reason=unstable_if action=reinterpret pc=0x0000025d1c99ff04 method=java.util.Arrays.binarySearch0([Ljava/lang/Object;IILjava/lang/Object;)I @ 45 c2
Event: 7.243 Thread 0x0000025d0affd840 DEOPT PACKING pc=0x0000025d1c99ff04 sp=0x000000961a2fcd20
Event: 7.243 Thread 0x0000025d0affd840 DEOPT UNPACKING pc=0x0000025d1c1f46a2 sp=0x000000961a2fcca8 mode 2
Event: 7.284 Thread 0x0000025d0affd840 DEOPT PACKING pc=0x0000025d14f8523c sp=0x000000961a2fd650
Event: 7.284 Thread 0x0000025d0affd840 DEOPT UNPACKING pc=0x0000025d1c1f4e42 sp=0x000000961a2fcb40 mode 0
Event: 7.339 Thread 0x0000025d0affd840 DEOPT PACKING pc=0x0000025d156d1670 sp=0x000000961a2fcdf0
Event: 7.339 Thread 0x0000025d0affd840 DEOPT UNPACKING pc=0x0000025d1c1f4e42 sp=0x000000961a2fc298 mode 0
Event: 7.391 Thread 0x0000025d0affd840 Uncommon trap: trap_request=0xffffff45 fr.pc=0x0000025d1c9a75ac relative=0x000000000000052c
Event: 7.391 Thread 0x0000025d0affd840 Uncommon trap: reason=unstable_if action=reinterpret pc=0x0000025d1c9a75ac method=java.nio.file.FileTreeWalker.visit(Ljava/nio/file/Path;ZZ)Ljava/nio/file/FileTreeWalker$Event; @ 84 c2
Event: 7.391 Thread 0x0000025d0affd840 DEOPT PACKING pc=0x0000025d1c9a75ac sp=0x000000961a2fd620
Event: 7.391 Thread 0x0000025d0affd840 DEOPT UNPACKING pc=0x0000025d1c1f46a2 sp=0x000000961a2fd5e0 mode 2

Classes loaded (20 events):
Event: 7.278 Loading class java/util/ComparableTimSort
Event: 7.278 Loading class java/util/ComparableTimSort done
Event: 7.282 Loading class sun/nio/fs/WindowsDirectoryStream
Event: 7.282 Loading class sun/nio/fs/WindowsDirectoryStream done
Event: 7.282 Loading class sun/nio/fs/WindowsDirectoryStream$WindowsDirectoryIterator
Event: 7.282 Loading class sun/nio/fs/WindowsDirectoryStream$WindowsDirectoryIterator done
Event: 7.283 Loading class java/nio/file/Files$2
Event: 7.283 Loading class java/nio/file/Files$2 done
Event: 7.283 Loading class java/util/ImmutableCollections$Access
Event: 7.283 Loading class java/util/ImmutableCollections$Access done
Event: 7.283 Loading class java/util/ImmutableCollections$Access$1
Event: 7.283 Loading class jdk/internal/access/JavaUtilCollectionAccess
Event: 7.283 Loading class jdk/internal/access/JavaUtilCollectionAccess done
Event: 7.283 Loading class java/util/ImmutableCollections$Access$1 done
Event: 7.283 Loading class java/util/stream/Nodes$SpinedNodeBuilder
Event: 7.284 Loading class java/util/stream/Nodes$SpinedNodeBuilder done
Event: 7.285 Loading class sun/nio/fs/WindowsPath$WindowsPathWithAttributes
Event: 7.285 Loading class sun/nio/fs/WindowsPath$WindowsPathWithAttributes done
Event: 7.390 Loading class java/nio/file/FileTreeWalker$1
Event: 7.390 Loading class java/nio/file/FileTreeWalker$1 done

Classes unloaded (0 events):
No events

Classes redefined (0 events):
No events

Internal exceptions (20 events):
Event: 7.398 Thread 0x0000025d0affd840 Exception <a 'sun/nio/fs/WindowsException'{0x0000000083b1e278}> (0x0000000083b1e278) 
thrown [s\open\src\hotspot\share\prims\jni.cpp, line 520]
Event: 7.398 Thread 0x0000025d0affd840 Exception <a 'sun/nio/fs/WindowsException'{0x0000000083b1ee98}> (0x0000000083b1ee98) 
thrown [s\open\src\hotspot\share\prims\jni.cpp, line 520]
Event: 7.400 Thread 0x0000025d0affd840 Exception <a 'sun/nio/fs/WindowsException'{0x0000000083b27148}> (0x0000000083b27148) 
thrown [s\open\src\hotspot\share\prims\jni.cpp, line 520]
Event: 7.401 Thread 0x0000025d0affd840 Exception <a 'sun/nio/fs/WindowsException'{0x0000000083b28bf8}> (0x0000000083b28bf8) 
thrown [s\open\src\hotspot\share\prims\jni.cpp, line 520]
Event: 7.401 Thread 0x0000025d0affd840 Exception <a 'sun/nio/fs/WindowsException'{0x0000000083b29978}> (0x0000000083b29978) 
thrown [s\open\src\hotspot\share\prims\jni.cpp, line 520]
Event: 7.401 Thread 0x0000025d0affd840 Exception <a 'sun/nio/fs/WindowsException'{0x0000000083b2a5c0}> (0x0000000083b2a5c0) 
thrown [s\open\src\hotspot\share\prims\jni.cpp, line 520]
Event: 7.402 Thread 0x0000025d0affd840 Exception <a 'sun/nio/fs/WindowsException'{0x0000000083b2bd28}> (0x0000000083b2bd28) 
thrown [s\open\src\hotspot\share\prims\jni.cpp, line 520]
Event: 7.405 Thread 0x0000025d0affd840 Exception <a 'sun/nio/fs/WindowsException'{0x0000000083b4e808}> (0x0000000083b4e808) 
thrown [s\open\src\hotspot\share\prims\jni.cpp, line 520]
Event: 7.411 Thread 0x0000025d0affd840 Exception <a 'sun/nio/fs/WindowsException'{0x0000000083b86348}> (0x0000000083b86348) 
thrown [s\open\src\hotspot\share\prims\jni.cpp, line 520]
Event: 7.411 Thread 0x0000025d0affd840 Exception <a 'sun/nio/fs/WindowsException'{0x0000000083b86ce8}> (0x0000000083b86ce8) 
thrown [s\open\src\hotspot\share\prims\jni.cpp, line 520]
Event: 7.412 Thread 0x0000025d0affd840 Exception <a 'java/lang/NoSuchMethodError'{0x0000000083b89be0}: 'java.lang.Object java.lang.invoke.DirectMethodHandle$Holder.invokeVirtual(java.lang.Object, java.lang.Object, java.lang.Object, int, int)'> (0x0000000083b89be0) 
thrown [s\open\src\hotspot\share\interpreter\linkResolver.cpp, line 773]
Event: 7.415 Thread 0x0000025d0affd840 Exception <a 'sun/nio/fs/WindowsException'{0x0000000083b91e58}> (0x0000000083b91e58) 
thrown [s\open\src\hotspot\share\prims\jni.cpp, line 520]
Event: 7.418 Thread 0x0000025d0affd840 Exception <a 'sun/nio/fs/WindowsException'{0x0000000083bb2a38}> (0x0000000083bb2a38) 
thrown [s\open\src\hotspot\share\prims\jni.cpp, line 520]
Event: 7.423 Thread 0x0000025d0affd840 Exception <a 'sun/nio/fs/WindowsException'{0x0000000083bea8a8}> (0x0000000083bea8a8) 
thrown [s\open\src\hotspot\share\prims\jni.cpp, line 520]
Event: 7.423 Thread 0x0000025d0affd840 Exception <a 'sun/nio/fs/WindowsException'{0x0000000083beb270}> (0x0000000083beb270) 
thrown [s\open\src\hotspot\share\prims\jni.cpp, line 520]
Event: 7.434 Thread 0x0000025d0affd840 Exception <a 'java/lang/NoSuchMethodError'{0x0000000083a06670}: 'void java.lang.invoke.DirectMethodHandle$Holder.invokeSpecial(java.lang.Object, java.lang.Object, java.lang.Object, java.lang.Object, java.lang.Object)'> (0x0000000083a06670) 
thrown [s\open\src\hotspot\share\interpreter\linkResolver.cpp, line 773]
Event: 7.443 Thread 0x0000025d0affd840 Exception <a 'sun/nio/fs/WindowsException'{0x0000000083a2a620}> (0x0000000083a2a620) 
thrown [s\open\src\hotspot\share\prims\jni.cpp, line 520]
Event: 7.443 Thread 0x0000025d0affd840 Exception <a 'sun/nio/fs/WindowsException'{0x0000000083a2b178}> (0x0000000083a2b178) 
thrown [s\open\src\hotspot\share\prims\jni.cpp, line 520]
Event: 7.443 Thread 0x0000025d0affd840 Exception <a 'sun/nio/fs/WindowsException'{0x0000000083a2bf20}> (0x0000000083a2bf20) 
thrown [s\open\src\hotspot\share\prims\jni.cpp, line 520]
Event: 7.443 Thread 0x0000025d0affd840 Exception <a 'sun/nio/fs/WindowsException'{0x0000000083a2cb38}> (0x0000000083a2cb38) 
thrown [s\open\src\hotspot\share\prims\jni.cpp, line 520]

ZGC Phase Switch (0 events):
No events

VM Operations (20 events):
Event: 6.439 Executing VM operation: G1PauseCleanup done
Event: 6.568 Executing VM operation: HandshakeAllThreads (Deoptimize)
Event: 6.568 Executing VM operation: HandshakeAllThreads (Deoptimize) done
Event: 6.569 Executing VM operation: HandshakeAllThreads (Deoptimize)
Event: 6.569 Executing VM operation: HandshakeAllThreads (Deoptimize) done
Event: 6.852 Executing VM operation: HandshakeAllThreads (Deoptimize)
Event: 6.852 Executing VM operation: HandshakeAllThreads (Deoptimize) done
Event: 6.853 Executing VM operation: HandshakeAllThreads (Deoptimize)
Event: 6.853 Executing VM operation: HandshakeAllThreads (Deoptimize) done
Event: 6.861 Executing VM operation: HandshakeAllThreads (Deoptimize)
Event: 6.861 Executing VM operation: HandshakeAllThreads (Deoptimize) done
Event: 6.996 Executing VM operation: HandshakeAllThreads (Deoptimize)
Event: 6.996 Executing VM operation: HandshakeAllThreads (Deoptimize) done
Event: 7.284 Executing VM operation: HandshakeAllThreads (Deoptimize)
Event: 7.284 Executing VM operation: HandshakeAllThreads (Deoptimize) done
Event: 7.285 Executing VM operation: HandshakeAllThreads (Deoptimize)
Event: 7.285 Executing VM operation: HandshakeAllThreads (Deoptimize) done
Event: 7.405 Executing VM operation: ICBufferFull
Event: 7.405 Executing VM operation: ICBufferFull done
Event: 7.479 Executing VM operation: G1CollectForAllocation (G1 Evacuation Pause)

Events (16 events):
Event: 0.026 Thread 0x0000025d0affd840 Thread added: 0x0000025d0affd840
Event: 0.047 Thread 0x0000025d29019910 Thread added: 0x0000025d29019910
Event: 0.048 Thread 0x0000025d2901a830 Thread added: 0x0000025d2901a830
Event: 0.048 Thread 0x0000025d2901f7a0 Thread added: 0x0000025d2901f7a0
Event: 0.048 Thread 0x0000025d29020200 Thread added: 0x0000025d29020200
Event: 0.048 Thread 0x0000025d29022c70 Thread added: 0x0000025d29022c70
Event: 0.048 Thread 0x0000025d290236d0 Thread added: 0x0000025d290236d0
Event: 0.048 Thread 0x0000025d29031980 Thread added: 0x0000025d29031980
Event: 0.049 Thread 0x0000025d29032420 Thread added: 0x0000025d29032420
Event: 0.074 Thread 0x0000025d29293fa0 Thread added: 0x0000025d29293fa0
Event: 0.077 Thread 0x0000025d29296bf0 Thread added: 0x0000025d29296bf0
Event: 0.884 Thread 0x0000025d6f018e90 Thread added: 0x0000025d6f018e90
Event: 3.224 Thread 0x0000025d6f018e90 Thread exited: 0x0000025d6f018e90
Event: 3.326 Thread 0x0000025d6f990bc0 Thread added: 0x0000025d6f990bc0
Event: 3.877 Thread 0x0000025d6f990bc0 Thread exited: 0x0000025d6f990bc0
Event: 4.246 Thread 0x0000025d6f98fe20 Thread added: 0x0000025d6f98fe20


Dynamic libraries:
0x00007ff65cd30000 - 0x00007ff65cd40000 	C:\Program Files\Java\jdk-21\bin\java.exe
0x00007ff926990000 - 0x00007ff926b88000 	C:\Windows\SYSTEM32\ntdll.dll
0x00007ff926580000 - 0x00007ff92663d000 	C:\Windows\System32\KERNEL32.DLL
0x00007ff924040000 - 0x00007ff924336000 	C:\Windows\System32\KERNELBASE.dll
0x00007ff9246f0000 - 0x00007ff9247f0000 	C:\Windows\System32\ucrtbase.dll
0x00007ff91dad0000 - 0x00007ff91dae9000 	C:\Program Files\Java\jdk-21\bin\jli.dll
0x00007ff91eab0000 - 0x00007ff91eacb000 	C:\Program Files\Java\jdk-21\bin\VCRUNTIME140.dll
0x00007ff925420000 - 0x00007ff9254d0000 	C:\Windows\System32\ADVAPI32.dll
0x00007ff926640000 - 0x00007ff9266de000 	C:\Windows\System32\msvcrt.dll
0x00007ff926310000 - 0x00007ff9263b0000 	C:\Windows\System32\sechost.dll
0x00007ff926740000 - 0x00007ff926865000 	C:\Windows\System32\RPCRT4.dll
0x00007ff9247f0000 - 0x00007ff924817000 	C:\Windows\System32\bcrypt.dll
0x00007ff925f60000 - 0x00007ff9260fe000 	C:\Windows\System32\USER32.dll
0x00007ff924820000 - 0x00007ff924842000 	C:\Windows\System32\win32u.dll
0x00007ff924e30000 - 0x00007ff924e5b000 	C:\Windows\System32\GDI32.dll
0x00007ff9245d0000 - 0x00007ff9246e7000 	C:\Windows\System32\gdi32full.dll
0x00007ff915140000 - 0x00007ff9153da000 	C:\Windows\WinSxS\amd64_microsoft.windows.common-controls_6595b64144ccf1df_6.0.19041.3636_none_60b6a03d71f818d5\COMCTL32.dll
0x00007ff924530000 - 0x00007ff9245cd000 	C:\Windows\System32\msvcp_win.dll
0x00007ff9124c0000 - 0x00007ff9124ca000 	C:\Windows\SYSTEM32\VERSION.dll
0x00007ff925f20000 - 0x00007ff925f52000 	C:\Windows\System32\IMM32.DLL
0x00007ff91e2c0000 - 0x00007ff91e2cc000 	C:\Program Files\Java\jdk-21\bin\vcruntime140_1.dll
0x00007ff906110000 - 0x00007ff90619e000 	C:\Program Files\Java\jdk-21\bin\msvcp140.dll
0x00007ff904d00000 - 0x00007ff905a17000 	C:\Program Files\Java\jdk-21\bin\server\jvm.dll
0x00007ff9252d0000 - 0x00007ff92533b000 	C:\Windows\System32\WS2_32.dll
0x00007ff9235e0000 - 0x00007ff92362b000 	C:\Windows\SYSTEM32\POWRPROF.dll
0x00007ff90e610000 - 0x00007ff90e637000 	C:\Windows\SYSTEM32\WINMM.dll
0x00007ff923450000 - 0x00007ff923462000 	C:\Windows\SYSTEM32\UMPDC.dll
0x00007ff921ef0000 - 0x00007ff921f02000 	C:\Windows\SYSTEM32\kernel.appcore.dll
0x00007ff917460000 - 0x00007ff91746a000 	C:\Program Files\Java\jdk-21\bin\jimage.dll
0x00007ff90f6b0000 - 0x00007ff90f894000 	C:\Windows\SYSTEM32\DBGHELP.DLL
0x00007ff90f670000 - 0x00007ff90f6a4000 	C:\Windows\SYSTEM32\dbgcore.DLL
0x00007ff9244a0000 - 0x00007ff924522000 	C:\Windows\System32\bcryptPrimitives.dll
0x00007ff913d30000 - 0x00007ff913d4f000 	C:\Program Files\Java\jdk-21\bin\java.dll
0x00007ff9256c0000 - 0x00007ff925e2b000 	C:\Windows\System32\SHELL32.dll
0x00007ff9220f0000 - 0x00007ff92288e000 	C:\Windows\SYSTEM32\windows.storage.dll
0x00007ff924f60000 - 0x00007ff9252b3000 	C:\Windows\System32\combase.dll
0x00007ff923a70000 - 0x00007ff923a9e000 	C:\Windows\SYSTEM32\Wldp.dll
0x00007ff925340000 - 0x00007ff92540d000 	C:\Windows\System32\OLEAUT32.dll
0x00007ff925610000 - 0x00007ff9256bd000 	C:\Windows\System32\SHCORE.dll
0x00007ff924f00000 - 0x00007ff924f55000 	C:\Windows\System32\shlwapi.dll
0x00007ff923f70000 - 0x00007ff923f95000 	C:\Windows\SYSTEM32\profapi.dll
0x00007ff906000000 - 0x00007ff9060d7000 	C:\Program Files\Java\jdk-21\bin\jsvml.dll
0x00007ff913cc0000 - 0x00007ff913cd0000 	C:\Program Files\Java\jdk-21\bin\net.dll
0x00007ff91a810000 - 0x00007ff91a91a000 	C:\Windows\SYSTEM32\WINHTTP.dll
0x00007ff9237d0000 - 0x00007ff92383a000 	C:\Windows\system32\mswsock.dll
0x00007ff90bc90000 - 0x00007ff90bca6000 	C:\Program Files\Java\jdk-21\bin\nio.dll
0x00007ff907b50000 - 0x00007ff907b68000 	C:\Program Files\Java\jdk-21\bin\zip.dll
0x0000000069ac0000 - 0x0000000069ae4000 	C:\Program Files\NetBeans-21\netbeans\java\maven\lib\jansi-native\Windows\x86_64\jansi.dll
0x00007ff90bc80000 - 0x00007ff90bc90000 	C:\Program Files\Java\jdk-21\bin\verify.dll

dbghelp: loaded successfully - version: 4.0.5 - missing functions: none
symbol engine: initialized successfully - sym options: 0x614 - pdb path: .;C:\Program Files\Java\jdk-21\bin;C:\Windows\SYSTEM32;C:\Windows\WinSxS\amd64_microsoft.windows.common-controls_6595b64144ccf1df_6.0.19041.3636_none_60b6a03d71f818d5;C:\Program Files\Java\jdk-21\bin\server;C:\Program Files\NetBeans-21\netbeans\java\maven\lib\jansi-native\Windows\x86_64

VM Arguments:
jvm_args: -Dclassworlds.conf=C:\Program Files\NetBeans-21\netbeans\java\maven\bin\m2.conf -Dmaven.home=C:\Program Files\NetBeans-21\netbeans\java\maven -Dlibrary.jansi.path=C:\Program Files\NetBeans-21\netbeans\java\maven\lib\jansi-native -Dmaven.multiModuleProjectDirectory=C:\Users\JM\Documents\NetBeansProjects\SGB 
java_command: org.codehaus.plexus.classworlds.launcher.Launcher -Dnetbeans.deploy=true -Dexec.vmArgs= -Dexec.appArgs= -Dmaven.ext.class.path=C:\Program Files\NetBeans-21\netbeans\java\maven-nblib\netbeans-eventspy.jar --no-transfer-progress package
java_class_path (initial): C:\Program Files\NetBeans-21\netbeans\java\maven\boot\plexus-classworlds-2.7.0.jar
Launcher Type: SUN_STANDARD

[Global flags]
     intx CICompilerCount                          = 3                                         {product} {ergonomic}
     uint ConcGCThreads                            = 1                                         {product} {ergonomic}
     uint G1ConcRefinementThreads                  = 4                                         {product} {ergonomic}
   size_t G1HeapRegionSize                         = 1048576                                   {product} {ergonomic}
    uintx GCDrainStackTargetSize                   = 64                                        {product} {ergonomic}
   size_t InitialHeapSize                          = 132120576                                 {product} {ergonomic}
   size_t MarkStackSize                            = 4194304                                   {product} {ergonomic}
   size_t MaxHeapSize                              = 2113929216                                {product} {ergonomic}
   size_t MaxNewSize                               = 1267728384                                {product} {ergonomic}
   size_t MinHeapDeltaBytes                        = 1048576                                   {product} {ergonomic}
   size_t MinHeapSize                              = 8388608                                   {product} {ergonomic}
    uintx NonNMethodCodeHeapSize                   = 5832780                                {pd product} {ergonomic}
    uintx NonProfiledCodeHeapSize                  = 122912730                              {pd product} {ergonomic}
    uintx ProfiledCodeHeapSize                     = 122912730                              {pd product} {ergonomic}
    uintx ReservedCodeCacheSize                    = 251658240                              {pd product} {ergonomic}
     bool SegmentedCodeCache                       = true                                      {product} {ergonomic}
   size_t SoftMaxHeapSize                          = 2113929216                             {manageable} {ergonomic}
     bool UseCompressedOops                        = true                           {product lp64_product} {ergonomic}
     bool UseG1GC                                  = true                                      {product} {ergonomic}
     bool UseLargePagesIndividualAllocation        = false                                  {pd product} {ergonomic}

Logging:
Log output configuration:
 #0: stdout all=warning uptime,level,tags foldmultilines=false
 #1: stderr all=off uptime,level,tags foldmultilines=false

Environment Variables:
JAVA_HOME=C:\Program Files\Java\jdk-21
PATH=C:\Program Files\Common Files\Oracle\Java\javapath;C:\Windows\system32;C:\Windows;C:\Windows\System32\Wbem;C:\Windows\System32\WindowsPowerShell\v1.0\;C:\Windows\System32\OpenSSH\;C:\Program Files\Git\cmd;C:\Program Files\nodejs\;C:\Users\JM\AppData\Local\Microsoft\WindowsApps;;C:\Program Files\JetBrains\IntelliJ IDEA 2023.3.5\bin;;C:\Users\JM\AppData\Roaming\npm
USERNAME=JM
OS=Windows_NT
PROCESSOR_IDENTIFIER=Intel64 Family 6 Model 58 Stepping 9, GenuineIntel
TMP=C:\Users\JM\AppData\Local\Temp
TEMP=C:\Users\JM\AppData\Local\Temp




Periodic native trim disabled

---------------  S Y S T E M  ---------------

OS:
 Windows 10 , 64 bit Build 19041 (10.0.19041.3636)
OS uptime: 0 days 0:34 hours

CPU: total 4 (initial active 4) (2 cores per cpu, 2 threads per core) family 6 model 58 stepping 9 microcode 0x21, cx8, cmov, fxsr, ht, mmx, sse, sse2, sse3, ssse3, sse4.1, sse4.2, popcnt, tsc, tscinvbit, avx, aes, erms, clmul, vzeroupper, clflush, rdtscp, f16c
Processor Information for all 4 processors :
  Max Mhz: 2501, Current Mhz: 2501, Mhz Limit: 2501

Memory: 4k page, system-wide physical 8057M (3317M free)
TotalPageFile size 11001M (AvailPageFile size 5389M)
current process WorkingSet (physical memory assigned to process): 173M, peak: 195M
current process commit charge ("private bytes"): 200M, peak: 261M

vm_info: Java HotSpot(TM) 64-Bit Server VM (21.0.2+13-LTS-58) for windows-amd64 JRE (21.0.2+13-LTS-58), built on 2024-01-05T18:32:24Z by "mach5one" with MS VC++ 17.1 (VS2022)

END.
