#
# There is insufficient memory for the Java Runtime Environment to continue.
# Native memory allocation (mmap) failed to map 65536 bytes for Failed to commit metaspace.
# Possible reasons:
#   The system is out of physical RAM or swap space
#   The process is running with CompressedOops enabled, and the Java Heap may be blocking the growth of the native heap
# Possible solutions:
#   Reduce memory load on the system
#   Increase physical memory or swap space
#   Check if swap backing store is full
#   Decrease Java heap size (-Xmx/-Xms)
#   Decrease number of Java threads
#   Decrease Java thread stack sizes (-Xss)
#   Set larger code cache with -XX:ReservedCodeCacheSize=
#   JVM is running with Unscaled Compressed Oops mode in which the Java heap is
#     placed in the first 4GB address space. The Java Heap base address is the
#     maximum limit for the native heap growth. Please use -XX:HeapBaseMinAddress
#     to set the Java Heap base and to place the Java Heap above 4GB virtual address.
# This output file may be truncated or incomplete.
#
#  Out of Memory Error (virtualSpaceNode.cpp:112), pid=13976, tid=16448
#
# JRE version: Java(TM) SE Runtime Environment (21.0.2+13) (build 21.0.2+13-LTS-58)
# Java VM: Java HotSpot(TM) 64-Bit Server VM (21.0.2+13-LTS-58, mixed mode, sharing, tiered, compressed oops, compressed class ptrs, g1 gc, windows-amd64)
# No core dump will be written. Minidumps are not enabled by default on client versions of Windows
#

---------------  S U M M A R Y ------------

Command Line: -Dclassworlds.conf=C:\Program Files\NetBeans-21\netbeans\java\maven\bin\m2.conf -Dmaven.home=C:\Program Files\NetBeans-21\netbeans\java\maven -Dlibrary.jansi.path=C:\Program Files\NetBeans-21\netbeans\java\maven\lib\jansi-native -Dmaven.multiModuleProjectDirectory=C:\Users\JM\Documents\NetBeansProjects\SGB org.codehaus.plexus.classworlds.launcher.Launcher -Dmaven.ext.class.path=C:\Program Files\NetBeans-21\netbeans\java\maven-nblib\netbeans-eventspy.jar --no-transfer-progress install

Host: Intel(R) Core(TM) i5-3210M CPU @ 2.50GHz, 4 cores, 7G,  Windows 10 , 64 bit Build 19041 (10.0.19041.3636)
Time: Fri Mar 29 12:24:59 2024 Hora est. Pacífico, Sudamérica elapsed time: 11.981059 seconds (0d 0h 0m 11s)

---------------  T H R E A D  ---------------

Current thread (0x000001c11ede7e90):  JavaThread "main"             [_thread_in_vm, id=16448, stack(0x0000004b8fe00000,0x0000004b8ff00000) (1024K)]

Stack: [0x0000004b8fe00000,0x0000004b8ff00000]
Native frames: (J=compiled Java code, j=interpreted, Vv=VM code, C=native code)
V  [jvm.dll+0x6cade9]
V  [jvm.dll+0x8569c1]
V  [jvm.dll+0x858d2e]
V  [jvm.dll+0x859413]
V  [jvm.dll+0x280e56]
V  [jvm.dll+0x8526ee]
V  [jvm.dll+0x66e705]
V  [jvm.dll+0x66e76a]
V  [jvm.dll+0x670f96]
V  [jvm.dll+0x670e62]
V  [jvm.dll+0x66f0de]
V  [jvm.dll+0x27dd76]
V  [jvm.dll+0x720355]
V  [jvm.dll+0x720e9f]
V  [jvm.dll+0x3c2e8f]
V  [jvm.dll+0x3c1f37]
V  [jvm.dll+0x3c1ed8]
V  [jvm.dll+0x5d4219]
V  [jvm.dll+0x5d311c]
V  [jvm.dll+0x3d7870]
V  [jvm.dll+0x3d6eed]
C  0x000001c130919675

The last pc belongs to invokestatic (printed below).
Java frames: (J=compiled Java code, j=interpreted, Vv=VM code)
j  java.util.regex.CharPredicates.forUnicodeBlock(Ljava/lang/String;)Ljava/util/regex/Pattern$CharPredicate;+1 java.base@21.0.2
j  java.util.regex.Pattern.family(ZZ)Ljava/util/regex/Pattern$CharPredicate;+504 java.base@21.0.2
j  java.util.regex.Pattern.sequence(Ljava/util/regex/Pattern$Node;)Ljava/util/regex/Pattern$Node;+329 java.base@21.0.2
j  java.util.regex.Pattern.expr(Ljava/util/regex/Pattern$Node;)Ljava/util/regex/Pattern$Node;+12 java.base@21.0.2
j  java.util.regex.Pattern.compile()V+222 java.base@21.0.2
j  java.util.regex.Pattern.<init>(Ljava/lang/String;I)V+108 java.base@21.0.2
j  java.util.regex.Pattern.compile(Ljava/lang/String;)Ljava/util/regex/Pattern;+6 java.base@21.0.2
j  org.apache.commons.lang3.StringUtils.<clinit>()V+3
v  ~StubRoutines::call_stub 0x000001c13090100d
j  org.apache.maven.cli.CLIReportingUtils.createMavenVersionString(Ljava/util/Properties;)Ljava/lang/String;+154
j  org.apache.maven.cli.MavenCli.populateProperties(Lorg/apache/maven/cli/CliRequest;Ljava/util/Properties;Ljava/util/Properties;)V+271
j  org.apache.maven.cli.MavenCli.properties(Lorg/apache/maven/cli/CliRequest;)V+9
j  org.apache.maven.cli.MavenCli.doMain(Lorg/apache/maven/cli/CliRequest;)I+14
j  org.apache.maven.cli.MavenCli.main([Ljava/lang/String;Lorg/codehaus/plexus/classworlds/ClassWorld;)I+24
j  java.lang.invoke.DirectMethodHandle$Holder.invokeStatic(Ljava/lang/Object;Ljava/lang/Object;Ljava/lang/Object;)I+11 java.base@21.0.2
j  java.lang.invoke.LambdaForm$MH+0x000001c13f009400.invoke(Ljava/lang/Object;Ljava/lang/Object;Ljava/lang/Object;Ljava/lang/Object;)Ljava/lang/Object;+54 java.base@21.0.2
j  java.lang.invoke.LambdaForm$MH+0x000001c13f009800.invokeExact_MT(Ljava/lang/Object;Ljava/lang/Object;Ljava/lang/Object;Ljava/lang/Object;Ljava/lang/Object;)Ljava/lang/Object;+22 java.base@21.0.2
j  jdk.internal.reflect.DirectMethodHandleAccessor.invokeImpl(Ljava/lang/Object;[Ljava/lang/Object;)Ljava/lang/Object;+72 java.base@21.0.2
j  jdk.internal.reflect.DirectMethodHandleAccessor.invoke(Ljava/lang/Object;[Ljava/lang/Object;)Ljava/lang/Object;+23 java.base@21.0.2
j  java.lang.reflect.Method.invoke(Ljava/lang/Object;[Ljava/lang/Object;)Ljava/lang/Object;+102 java.base@21.0.2
j  org.codehaus.plexus.classworlds.launcher.Launcher.launchEnhanced([Ljava/lang/String;)V+45
j  org.codehaus.plexus.classworlds.launcher.Launcher.launch([Ljava/lang/String;)V+2
j  org.codehaus.plexus.classworlds.launcher.Launcher.mainWithExitCode([Ljava/lang/String;)I+108
j  org.codehaus.plexus.classworlds.launcher.Launcher.main([Ljava/lang/String;)V+1
v  ~StubRoutines::call_stub 0x000001c13090100d
invokestatic  184 invokestatic  [0x000001c1309195c0, 0x000001c130919868]  680 bytes
[MachCode]
  0x000001c1309195c0: 4883 ec08 | c5fa 1104 | 24eb 1f48 | 83ec 10c5 | fb11 0424 | eb14 4883 | ec10 4889 | 0424 48c7 
  0x000001c1309195e0: 4424 0800 | 0000 00eb | 0150 4c89 | 6dc0 410f | b755 0148 | 8b4d d0c1 | e202 8b5c | d138 c1eb 
  0x000001c130919600: 1081 e3ff | 0000 0081 | fbb8 0000 | 000f 84b4 | 0000 00bb | b800 0000 | e805 0000 | 00e9 9900 
  0x000001c130919620: 0000 488b | d348 8d44 | 2408 4c89 | 6dc0 498b | cfc5 f877 | 4989 afa8 | 0300 0049 | 8987 9803 
  0x000001c130919640: 0000 4883 | ec20 40f6 | c40f 0f84 | 1900 0000 | 4883 ec08 | 48b8 806e | f79a f97f | 0000 ffd0 
  0x000001c130919660: 4883 c408 | e90c 0000 | 0048 b880 | 6ef7 9af9 | 7f00 00ff | d048 83c4 | 2049 c787 | 9803 0000 
  0x000001c130919680: 0000 0000 | 49c7 87a8 | 0300 0000 | 0000 0049 | c787 a003 | 0000 0000 | 0000 c5f8 | 7749 837f 
  0x000001c1309196a0: 0800 0f84 | 0500 0000 | e953 78fe | ff4c 8b6d | c04c 8b75 | c84e 8d74 | f500 c341 | 0fb7 5501 
  0x000001c1309196c0: 488b 4dd0 | c1e2 0248 | 8b5c d140 | 488b 5b08 | 488b 5b08 | 488b 5b18 | 80bb 2001 | 0000 050f 
  0x000001c1309196e0: 840d 0000 | 004c 3bbb | 3001 0000 | 0f85 21ff | ffff 488b | 5cd1 408b | 54d1 50c1 | ea1c 49ba 
  0x000001c130919700: 10c6 7e9b | f97f 0000 | 498b 14d2 | 5248 8b45 | d848 85c0 | 0f84 1200 | 0000 4883 | 4008 0148 
  0x000001c130919720: 8358 0800 | 4883 c010 | 4889 45d8 | 488b 45d8 | 4885 c00f | 8423 0100 | 0080 78f0 | 0a0f 8519 
  0x000001c130919740: 0100 0048 | 83c0 084c | 8b68 f841 | 83ed 0041 | 83fd 020f | 8cf8 0000 | 004c 8b6b | 0845 0fb7 
  0x000001c130919760: 6d2e 4c2b | 2841 83ed | 014e 8b6c | ec08 4d85 | ed75 0748 | 8348 0801 | eb4a 458b | 6d08 49ba 
  0x000001c130919780: 0000 003e | c101 0000 | 4d03 ea4c | 3368 0849 | f7c5 fcff | ffff 742c | 41f6 c502 | 7526 4883 
  0x000001c1309197a0: 7808 0074 | 1b48 8378 | 0801 7414 | 4c33 6808 | 49f7 c5fc | ffff ff74 | 0b48 8348 | 0802 eb04 
  0x000001c1309197c0: 4c89 6808 | 4883 c010 | 4c8b 68e8 | 4183 ed02 | 4183 fd02 | 0f8c 7700 | 0000 4c8b | 6b08 450f 
  0x000001c1309197e0: b76d 2e4c | 2b28 4183 | ed01 4e8b | 6cec 084d | 85ed 7507 | 4883 4808 | 01eb 4a45 | 8b6d 0849 
  0x000001c130919800: ba00 0000 | 3ec1 0100 | 004d 03ea | 4c33 6808 | 49f7 c5fc | ffff ff74 | 2c41 f6c5 | 0275 2648 
  0x000001c130919820: 8378 0800 | 741b 4883 | 7808 0174 | 144c 3368 | 0849 f7c5 | fcff ffff | 740b 4883 | 4808 02eb 
  0x000001c130919840: 044c 8968 | 0848 83c0 | 104c 8b68 | d841 83ed | 0441 c1e5 | 0349 03c5 | 4889 45d8 | 4c8d 6c24 
  0x000001c130919860: 084c 896d | f0ff 6350 
[/MachCode]

---------------  P R O C E S S  ---------------

Threads class SMR info:
_java_thread_list=0x000001c13d21d990, length=11, elements={
0x000001c11ede7e90, 0x000001c13cfd5870, 0x000001c13cfd6940, 0x000001c13cfd9720,
0x000001c13cfdc690, 0x000001c13cfdd0f0, 0x000001c13cfddb50, 0x000001c13cfde8e0,
0x000001c13cfe1550, 0x000001c13d24aa90, 0x000001c13d24b6d0
}

Java Threads: ( => current thread )
=>0x000001c11ede7e90 JavaThread "main"                              [_thread_in_vm, id=16448, stack(0x0000004b8fe00000,0x0000004b8ff00000) (1024K)]
  0x000001c13cfd5870 JavaThread "Reference Handler"          daemon [_thread_blocked, id=16856, stack(0x0000004b90700000,0x0000004b90800000) (1024K)]
  0x000001c13cfd6940 JavaThread "Finalizer"                  daemon [_thread_blocked, id=16860, stack(0x0000004b90800000,0x0000004b90900000) (1024K)]
  0x000001c13cfd9720 JavaThread "Signal Dispatcher"          daemon [_thread_blocked, id=16864, stack(0x0000004b90900000,0x0000004b90a00000) (1024K)]
  0x000001c13cfdc690 JavaThread "Attach Listener"            daemon [_thread_blocked, id=16868, stack(0x0000004b90a00000,0x0000004b90b00000) (1024K)]
  0x000001c13cfdd0f0 JavaThread "Service Thread"             daemon [_thread_blocked, id=16872, stack(0x0000004b90b00000,0x0000004b90c00000) (1024K)]
  0x000001c13cfddb50 JavaThread "Monitor Deflation Thread"   daemon [_thread_blocked, id=16876, stack(0x0000004b90c00000,0x0000004b90d00000) (1024K)]
  0x000001c13cfde8e0 JavaThread "C2 CompilerThread0"         daemon [_thread_blocked, id=16880, stack(0x0000004b90d00000,0x0000004b90e00000) (1024K)]
  0x000001c13cfe1550 JavaThread "C1 CompilerThread0"         daemon [_thread_blocked, id=17028, stack(0x0000004b90e00000,0x0000004b90f00000) (1024K)]
  0x000001c13d24aa90 JavaThread "Notification Thread"        daemon [_thread_blocked, id=17196, stack(0x0000004b90f00000,0x0000004b91000000) (1024K)]
  0x000001c13d24b6d0 JavaThread "Common-Cleaner"             daemon [_thread_blocked, id=17200, stack(0x0000004b91000000,0x0000004b91100000) (1024K)]
Total: 11

Other Threads:
  0x000001c13cfb4830 VMThread "VM Thread"                           [id=16784, stack(0x0000004b90600000,0x0000004b90700000) (1024K)] _threads_hazard_ptr=0x000001c13d21d990
  0x000001c13cf99040 WatcherThread "VM Periodic Task Thread"        [id=16684, stack(0x0000004b90500000,0x0000004b90600000) (1024K)]
  0x000001c120fac0f0 WorkerThread "GC Thread#0"                     [id=16640, stack(0x0000004b90000000,0x0000004b90100000) (1024K)]
  0x000001c120fbe4f0 ConcurrentGCThread "G1 Main Marker"            [id=16644, stack(0x0000004b90100000,0x0000004b90200000) (1024K)]
  0x000001c120fbeff0 WorkerThread "G1 Conc#0"                       [id=16648, stack(0x0000004b90200000,0x0000004b90300000) (1024K)]
  0x000001c13ce710a0 ConcurrentGCThread "G1 Refine#0"               [id=16652, stack(0x0000004b90300000,0x0000004b90400000) (1024K)]
  0x000001c12102d8e0 ConcurrentGCThread "G1 Service"                [id=16656, stack(0x0000004b90400000,0x0000004b90500000) (1024K)]
Total: 7

Threads with active compile tasks:
Total: 0

VM state: synchronizing (normal execution)

VM Mutex/Monitor currently owned by a thread:  ([mutex/lock_event])
[0x00007ff99b7dace8] Metaspace_lock - owner thread: 0x000001c11ede7e90
[0x00007ff99b7dcd68] Threads_lock - owner thread: 0x000001c13cfb4830

Heap address: 0x0000000082000000, size: 2016 MB, Compressed Oops mode: 32-bit

CDS archive(s) mapped at: [0x000001c13e000000-0x000001c13ec90000-0x000001c13ec90000), size 13172736, SharedBaseAddress: 0x000001c13e000000, ArchiveRelocationMode: 1.
Compressed class space mapped at: 0x000001c13f000000-0x000001c17f000000, reserved size: 1073741824
Narrow klass base: 0x000001c13e000000, Narrow klass shift: 0, Narrow klass range: 0x100000000

GC Precious Log:
 CardTable entry size: 512
 Card Set container configuration: InlinePtr #cards 5 size 8 Array Of Cards #cards 12 size 40 Howl #buckets 4 coarsen threshold 1843 Howl Bitmap #cards 512 size 80 coarsen threshold 460 Card regions per heap region 1 cards per card region 2048
 CPUs: 4 total, 4 available
 Memory: 8057M
 Large Page Support: Disabled
 NUMA Support: Disabled
 Compressed Oops: Enabled (32-bit)
 Heap Region Size: 1M
 Heap Min Capacity: 8M
 Heap Initial Capacity: 126M
 Heap Max Capacity: 2016M
 Pre-touch: Disabled
 Parallel Workers: 4
 Concurrent Workers: 1
 Concurrent Refinement Workers: 4
 Periodic GC: Disabled

Heap:
 garbage-first heap   total 129024K, used 4096K [0x0000000082000000, 0x0000000100000000)
  region size 1024K, 6 young (6144K), 0 survivors (0K)
 Metaspace       used 1772K, committed 1920K, reserved 1114112K
  class space    used 153K, committed 256K, reserved 1048576K

Heap Regions: E=young(eden), S=young(survivor), O=old, HS=humongous(starts), HC=humongous(continues), CS=collection set, F=free, TAMS=top-at-mark-start, PB=parsable bottom
|   0|0x0000000082000000, 0x0000000082000000, 0x0000000082100000|  0%| F|  |TAMS 0x0000000082000000| PB 0x0000000082000000| Untracked 
|   1|0x0000000082100000, 0x0000000082100000, 0x0000000082200000|  0%| F|  |TAMS 0x0000000082100000| PB 0x0000000082100000| Untracked 
|   2|0x0000000082200000, 0x0000000082200000, 0x0000000082300000|  0%| F|  |TAMS 0x0000000082200000| PB 0x0000000082200000| Untracked 
|   3|0x0000000082300000, 0x0000000082300000, 0x0000000082400000|  0%| F|  |TAMS 0x0000000082300000| PB 0x0000000082300000| Untracked 
|   4|0x0000000082400000, 0x0000000082400000, 0x0000000082500000|  0%| F|  |TAMS 0x0000000082400000| PB 0x0000000082400000| Untracked 
|   5|0x0000000082500000, 0x0000000082500000, 0x0000000082600000|  0%| F|  |TAMS 0x0000000082500000| PB 0x0000000082500000| Untracked 
|   6|0x0000000082600000, 0x0000000082600000, 0x0000000082700000|  0%| F|  |TAMS 0x0000000082600000| PB 0x0000000082600000| Untracked 
|   7|0x0000000082700000, 0x0000000082700000, 0x0000000082800000|  0%| F|  |TAMS 0x0000000082700000| PB 0x0000000082700000| Untracked 
|   8|0x0000000082800000, 0x0000000082800000, 0x0000000082900000|  0%| F|  |TAMS 0x0000000082800000| PB 0x0000000082800000| Untracked 
|   9|0x0000000082900000, 0x0000000082900000, 0x0000000082a00000|  0%| F|  |TAMS 0x0000000082900000| PB 0x0000000082900000| Untracked 
|  10|0x0000000082a00000, 0x0000000082a00000, 0x0000000082b00000|  0%| F|  |TAMS 0x0000000082a00000| PB 0x0000000082a00000| Untracked 
|  11|0x0000000082b00000, 0x0000000082b00000, 0x0000000082c00000|  0%| F|  |TAMS 0x0000000082b00000| PB 0x0000000082b00000| Untracked 
|  12|0x0000000082c00000, 0x0000000082c00000, 0x0000000082d00000|  0%| F|  |TAMS 0x0000000082c00000| PB 0x0000000082c00000| Untracked 
|  13|0x0000000082d00000, 0x0000000082d00000, 0x0000000082e00000|  0%| F|  |TAMS 0x0000000082d00000| PB 0x0000000082d00000| Untracked 
|  14|0x0000000082e00000, 0x0000000082e00000, 0x0000000082f00000|  0%| F|  |TAMS 0x0000000082e00000| PB 0x0000000082e00000| Untracked 
|  15|0x0000000082f00000, 0x0000000082f00000, 0x0000000083000000|  0%| F|  |TAMS 0x0000000082f00000| PB 0x0000000082f00000| Untracked 
|  16|0x0000000083000000, 0x0000000083000000, 0x0000000083100000|  0%| F|  |TAMS 0x0000000083000000| PB 0x0000000083000000| Untracked 
|  17|0x0000000083100000, 0x0000000083100000, 0x0000000083200000|  0%| F|  |TAMS 0x0000000083100000| PB 0x0000000083100000| Untracked 
|  18|0x0000000083200000, 0x0000000083200000, 0x0000000083300000|  0%| F|  |TAMS 0x0000000083200000| PB 0x0000000083200000| Untracked 
|  19|0x0000000083300000, 0x0000000083300000, 0x0000000083400000|  0%| F|  |TAMS 0x0000000083300000| PB 0x0000000083300000| Untracked 
|  20|0x0000000083400000, 0x0000000083400000, 0x0000000083500000|  0%| F|  |TAMS 0x0000000083400000| PB 0x0000000083400000| Untracked 
|  21|0x0000000083500000, 0x0000000083500000, 0x0000000083600000|  0%| F|  |TAMS 0x0000000083500000| PB 0x0000000083500000| Untracked 
|  22|0x0000000083600000, 0x0000000083600000, 0x0000000083700000|  0%| F|  |TAMS 0x0000000083600000| PB 0x0000000083600000| Untracked 
|  23|0x0000000083700000, 0x0000000083700000, 0x0000000083800000|  0%| F|  |TAMS 0x0000000083700000| PB 0x0000000083700000| Untracked 
|  24|0x0000000083800000, 0x0000000083800000, 0x0000000083900000|  0%| F|  |TAMS 0x0000000083800000| PB 0x0000000083800000| Untracked 
|  25|0x0000000083900000, 0x0000000083900000, 0x0000000083a00000|  0%| F|  |TAMS 0x0000000083900000| PB 0x0000000083900000| Untracked 
|  26|0x0000000083a00000, 0x0000000083a00000, 0x0000000083b00000|  0%| F|  |TAMS 0x0000000083a00000| PB 0x0000000083a00000| Untracked 
|  27|0x0000000083b00000, 0x0000000083b00000, 0x0000000083c00000|  0%| F|  |TAMS 0x0000000083b00000| PB 0x0000000083b00000| Untracked 
|  28|0x0000000083c00000, 0x0000000083c00000, 0x0000000083d00000|  0%| F|  |TAMS 0x0000000083c00000| PB 0x0000000083c00000| Untracked 
|  29|0x0000000083d00000, 0x0000000083d00000, 0x0000000083e00000|  0%| F|  |TAMS 0x0000000083d00000| PB 0x0000000083d00000| Untracked 
|  30|0x0000000083e00000, 0x0000000083e00000, 0x0000000083f00000|  0%| F|  |TAMS 0x0000000083e00000| PB 0x0000000083e00000| Untracked 
|  31|0x0000000083f00000, 0x0000000083f00000, 0x0000000084000000|  0%| F|  |TAMS 0x0000000083f00000| PB 0x0000000083f00000| Untracked 
|  32|0x0000000084000000, 0x0000000084000000, 0x0000000084100000|  0%| F|  |TAMS 0x0000000084000000| PB 0x0000000084000000| Untracked 
|  33|0x0000000084100000, 0x0000000084100000, 0x0000000084200000|  0%| F|  |TAMS 0x0000000084100000| PB 0x0000000084100000| Untracked 
|  34|0x0000000084200000, 0x0000000084200000, 0x0000000084300000|  0%| F|  |TAMS 0x0000000084200000| PB 0x0000000084200000| Untracked 
|  35|0x0000000084300000, 0x0000000084300000, 0x0000000084400000|  0%| F|  |TAMS 0x0000000084300000| PB 0x0000000084300000| Untracked 
|  36|0x0000000084400000, 0x0000000084400000, 0x0000000084500000|  0%| F|  |TAMS 0x0000000084400000| PB 0x0000000084400000| Untracked 
|  37|0x0000000084500000, 0x0000000084500000, 0x0000000084600000|  0%| F|  |TAMS 0x0000000084500000| PB 0x0000000084500000| Untracked 
|  38|0x0000000084600000, 0x0000000084600000, 0x0000000084700000|  0%| F|  |TAMS 0x0000000084600000| PB 0x0000000084600000| Untracked 
|  39|0x0000000084700000, 0x0000000084700000, 0x0000000084800000|  0%| F|  |TAMS 0x0000000084700000| PB 0x0000000084700000| Untracked 
|  40|0x0000000084800000, 0x0000000084800000, 0x0000000084900000|  0%| F|  |TAMS 0x0000000084800000| PB 0x0000000084800000| Untracked 
|  41|0x0000000084900000, 0x0000000084900000, 0x0000000084a00000|  0%| F|  |TAMS 0x0000000084900000| PB 0x0000000084900000| Untracked 
|  42|0x0000000084a00000, 0x0000000084a00000, 0x0000000084b00000|  0%| F|  |TAMS 0x0000000084a00000| PB 0x0000000084a00000| Untracked 
|  43|0x0000000084b00000, 0x0000000084b00000, 0x0000000084c00000|  0%| F|  |TAMS 0x0000000084b00000| PB 0x0000000084b00000| Untracked 
|  44|0x0000000084c00000, 0x0000000084c00000, 0x0000000084d00000|  0%| F|  |TAMS 0x0000000084c00000| PB 0x0000000084c00000| Untracked 
|  45|0x0000000084d00000, 0x0000000084d00000, 0x0000000084e00000|  0%| F|  |TAMS 0x0000000084d00000| PB 0x0000000084d00000| Untracked 
|  46|0x0000000084e00000, 0x0000000084e00000, 0x0000000084f00000|  0%| F|  |TAMS 0x0000000084e00000| PB 0x0000000084e00000| Untracked 
|  47|0x0000000084f00000, 0x0000000084f00000, 0x0000000085000000|  0%| F|  |TAMS 0x0000000084f00000| PB 0x0000000084f00000| Untracked 
|  48|0x0000000085000000, 0x0000000085000000, 0x0000000085100000|  0%| F|  |TAMS 0x0000000085000000| PB 0x0000000085000000| Untracked 
|  49|0x0000000085100000, 0x0000000085100000, 0x0000000085200000|  0%| F|  |TAMS 0x0000000085100000| PB 0x0000000085100000| Untracked 
|  50|0x0000000085200000, 0x0000000085200000, 0x0000000085300000|  0%| F|  |TAMS 0x0000000085200000| PB 0x0000000085200000| Untracked 
|  51|0x0000000085300000, 0x0000000085300000, 0x0000000085400000|  0%| F|  |TAMS 0x0000000085300000| PB 0x0000000085300000| Untracked 
|  52|0x0000000085400000, 0x0000000085400000, 0x0000000085500000|  0%| F|  |TAMS 0x0000000085400000| PB 0x0000000085400000| Untracked 
|  53|0x0000000085500000, 0x0000000085500000, 0x0000000085600000|  0%| F|  |TAMS 0x0000000085500000| PB 0x0000000085500000| Untracked 
|  54|0x0000000085600000, 0x0000000085600000, 0x0000000085700000|  0%| F|  |TAMS 0x0000000085600000| PB 0x0000000085600000| Untracked 
|  55|0x0000000085700000, 0x0000000085700000, 0x0000000085800000|  0%| F|  |TAMS 0x0000000085700000| PB 0x0000000085700000| Untracked 
|  56|0x0000000085800000, 0x0000000085800000, 0x0000000085900000|  0%| F|  |TAMS 0x0000000085800000| PB 0x0000000085800000| Untracked 
|  57|0x0000000085900000, 0x0000000085900000, 0x0000000085a00000|  0%| F|  |TAMS 0x0000000085900000| PB 0x0000000085900000| Untracked 
|  58|0x0000000085a00000, 0x0000000085a00000, 0x0000000085b00000|  0%| F|  |TAMS 0x0000000085a00000| PB 0x0000000085a00000| Untracked 
|  59|0x0000000085b00000, 0x0000000085b00000, 0x0000000085c00000|  0%| F|  |TAMS 0x0000000085b00000| PB 0x0000000085b00000| Untracked 
|  60|0x0000000085c00000, 0x0000000085c00000, 0x0000000085d00000|  0%| F|  |TAMS 0x0000000085c00000| PB 0x0000000085c00000| Untracked 
|  61|0x0000000085d00000, 0x0000000085d00000, 0x0000000085e00000|  0%| F|  |TAMS 0x0000000085d00000| PB 0x0000000085d00000| Untracked 
|  62|0x0000000085e00000, 0x0000000085e00000, 0x0000000085f00000|  0%| F|  |TAMS 0x0000000085e00000| PB 0x0000000085e00000| Untracked 
|  63|0x0000000085f00000, 0x0000000085f00000, 0x0000000086000000|  0%| F|  |TAMS 0x0000000085f00000| PB 0x0000000085f00000| Untracked 
|  64|0x0000000086000000, 0x0000000086000000, 0x0000000086100000|  0%| F|  |TAMS 0x0000000086000000| PB 0x0000000086000000| Untracked 
|  65|0x0000000086100000, 0x0000000086100000, 0x0000000086200000|  0%| F|  |TAMS 0x0000000086100000| PB 0x0000000086100000| Untracked 
|  66|0x0000000086200000, 0x0000000086200000, 0x0000000086300000|  0%| F|  |TAMS 0x0000000086200000| PB 0x0000000086200000| Untracked 
|  67|0x0000000086300000, 0x0000000086300000, 0x0000000086400000|  0%| F|  |TAMS 0x0000000086300000| PB 0x0000000086300000| Untracked 
|  68|0x0000000086400000, 0x0000000086400000, 0x0000000086500000|  0%| F|  |TAMS 0x0000000086400000| PB 0x0000000086400000| Untracked 
|  69|0x0000000086500000, 0x0000000086500000, 0x0000000086600000|  0%| F|  |TAMS 0x0000000086500000| PB 0x0000000086500000| Untracked 
|  70|0x0000000086600000, 0x0000000086600000, 0x0000000086700000|  0%| F|  |TAMS 0x0000000086600000| PB 0x0000000086600000| Untracked 
|  71|0x0000000086700000, 0x0000000086700000, 0x0000000086800000|  0%| F|  |TAMS 0x0000000086700000| PB 0x0000000086700000| Untracked 
|  72|0x0000000086800000, 0x0000000086800000, 0x0000000086900000|  0%| F|  |TAMS 0x0000000086800000| PB 0x0000000086800000| Untracked 
|  73|0x0000000086900000, 0x0000000086900000, 0x0000000086a00000|  0%| F|  |TAMS 0x0000000086900000| PB 0x0000000086900000| Untracked 
|  74|0x0000000086a00000, 0x0000000086a00000, 0x0000000086b00000|  0%| F|  |TAMS 0x0000000086a00000| PB 0x0000000086a00000| Untracked 
|  75|0x0000000086b00000, 0x0000000086b00000, 0x0000000086c00000|  0%| F|  |TAMS 0x0000000086b00000| PB 0x0000000086b00000| Untracked 
|  76|0x0000000086c00000, 0x0000000086c00000, 0x0000000086d00000|  0%| F|  |TAMS 0x0000000086c00000| PB 0x0000000086c00000| Untracked 
|  77|0x0000000086d00000, 0x0000000086d00000, 0x0000000086e00000|  0%| F|  |TAMS 0x0000000086d00000| PB 0x0000000086d00000| Untracked 
|  78|0x0000000086e00000, 0x0000000086e00000, 0x0000000086f00000|  0%| F|  |TAMS 0x0000000086e00000| PB 0x0000000086e00000| Untracked 
|  79|0x0000000086f00000, 0x0000000086f00000, 0x0000000087000000|  0%| F|  |TAMS 0x0000000086f00000| PB 0x0000000086f00000| Untracked 
|  80|0x0000000087000000, 0x0000000087000000, 0x0000000087100000|  0%| F|  |TAMS 0x0000000087000000| PB 0x0000000087000000| Untracked 
|  81|0x0000000087100000, 0x0000000087100000, 0x0000000087200000|  0%| F|  |TAMS 0x0000000087100000| PB 0x0000000087100000| Untracked 
|  82|0x0000000087200000, 0x0000000087200000, 0x0000000087300000|  0%| F|  |TAMS 0x0000000087200000| PB 0x0000000087200000| Untracked 
|  83|0x0000000087300000, 0x0000000087300000, 0x0000000087400000|  0%| F|  |TAMS 0x0000000087300000| PB 0x0000000087300000| Untracked 
|  84|0x0000000087400000, 0x0000000087400000, 0x0000000087500000|  0%| F|  |TAMS 0x0000000087400000| PB 0x0000000087400000| Untracked 
|  85|0x0000000087500000, 0x0000000087500000, 0x0000000087600000|  0%| F|  |TAMS 0x0000000087500000| PB 0x0000000087500000| Untracked 
|  86|0x0000000087600000, 0x0000000087600000, 0x0000000087700000|  0%| F|  |TAMS 0x0000000087600000| PB 0x0000000087600000| Untracked 
|  87|0x0000000087700000, 0x0000000087700000, 0x0000000087800000|  0%| F|  |TAMS 0x0000000087700000| PB 0x0000000087700000| Untracked 
|  88|0x0000000087800000, 0x0000000087800000, 0x0000000087900000|  0%| F|  |TAMS 0x0000000087800000| PB 0x0000000087800000| Untracked 
|  89|0x0000000087900000, 0x0000000087900000, 0x0000000087a00000|  0%| F|  |TAMS 0x0000000087900000| PB 0x0000000087900000| Untracked 
|  90|0x0000000087a00000, 0x0000000087a00000, 0x0000000087b00000|  0%| F|  |TAMS 0x0000000087a00000| PB 0x0000000087a00000| Untracked 
|  91|0x0000000087b00000, 0x0000000087b00000, 0x0000000087c00000|  0%| F|  |TAMS 0x0000000087b00000| PB 0x0000000087b00000| Untracked 
|  92|0x0000000087c00000, 0x0000000087c00000, 0x0000000087d00000|  0%| F|  |TAMS 0x0000000087c00000| PB 0x0000000087c00000| Untracked 
|  93|0x0000000087d00000, 0x0000000087d00000, 0x0000000087e00000|  0%| F|  |TAMS 0x0000000087d00000| PB 0x0000000087d00000| Untracked 
|  94|0x0000000087e00000, 0x0000000087e00000, 0x0000000087f00000|  0%| F|  |TAMS 0x0000000087e00000| PB 0x0000000087e00000| Untracked 
|  95|0x0000000087f00000, 0x0000000087f00000, 0x0000000088000000|  0%| F|  |TAMS 0x0000000087f00000| PB 0x0000000087f00000| Untracked 
|  96|0x0000000088000000, 0x0000000088000000, 0x0000000088100000|  0%| F|  |TAMS 0x0000000088000000| PB 0x0000000088000000| Untracked 
|  97|0x0000000088100000, 0x0000000088100000, 0x0000000088200000|  0%| F|  |TAMS 0x0000000088100000| PB 0x0000000088100000| Untracked 
|  98|0x0000000088200000, 0x0000000088200000, 0x0000000088300000|  0%| F|  |TAMS 0x0000000088200000| PB 0x0000000088200000| Untracked 
|  99|0x0000000088300000, 0x0000000088300000, 0x0000000088400000|  0%| F|  |TAMS 0x0000000088300000| PB 0x0000000088300000| Untracked 
| 100|0x0000000088400000, 0x0000000088400000, 0x0000000088500000|  0%| F|  |TAMS 0x0000000088400000| PB 0x0000000088400000| Untracked 
| 101|0x0000000088500000, 0x0000000088500000, 0x0000000088600000|  0%| F|  |TAMS 0x0000000088500000| PB 0x0000000088500000| Untracked 
| 102|0x0000000088600000, 0x0000000088600000, 0x0000000088700000|  0%| F|  |TAMS 0x0000000088600000| PB 0x0000000088600000| Untracked 
| 103|0x0000000088700000, 0x0000000088700000, 0x0000000088800000|  0%| F|  |TAMS 0x0000000088700000| PB 0x0000000088700000| Untracked 
| 104|0x0000000088800000, 0x0000000088800000, 0x0000000088900000|  0%| F|  |TAMS 0x0000000088800000| PB 0x0000000088800000| Untracked 
| 105|0x0000000088900000, 0x0000000088900000, 0x0000000088a00000|  0%| F|  |TAMS 0x0000000088900000| PB 0x0000000088900000| Untracked 
| 106|0x0000000088a00000, 0x0000000088a00000, 0x0000000088b00000|  0%| F|  |TAMS 0x0000000088a00000| PB 0x0000000088a00000| Untracked 
| 107|0x0000000088b00000, 0x0000000088b00000, 0x0000000088c00000|  0%| F|  |TAMS 0x0000000088b00000| PB 0x0000000088b00000| Untracked 
| 108|0x0000000088c00000, 0x0000000088c00000, 0x0000000088d00000|  0%| F|  |TAMS 0x0000000088c00000| PB 0x0000000088c00000| Untracked 
| 109|0x0000000088d00000, 0x0000000088d00000, 0x0000000088e00000|  0%| F|  |TAMS 0x0000000088d00000| PB 0x0000000088d00000| Untracked 
| 110|0x0000000088e00000, 0x0000000088e00000, 0x0000000088f00000|  0%| F|  |TAMS 0x0000000088e00000| PB 0x0000000088e00000| Untracked 
| 111|0x0000000088f00000, 0x0000000088f00000, 0x0000000089000000|  0%| F|  |TAMS 0x0000000088f00000| PB 0x0000000088f00000| Untracked 
| 112|0x0000000089000000, 0x0000000089000000, 0x0000000089100000|  0%| F|  |TAMS 0x0000000089000000| PB 0x0000000089000000| Untracked 
| 113|0x0000000089100000, 0x0000000089100000, 0x0000000089200000|  0%| F|  |TAMS 0x0000000089100000| PB 0x0000000089100000| Untracked 
| 114|0x0000000089200000, 0x0000000089200000, 0x0000000089300000|  0%| F|  |TAMS 0x0000000089200000| PB 0x0000000089200000| Untracked 
| 115|0x0000000089300000, 0x0000000089300000, 0x0000000089400000|  0%| F|  |TAMS 0x0000000089300000| PB 0x0000000089300000| Untracked 
| 116|0x0000000089400000, 0x0000000089400000, 0x0000000089500000|  0%| F|  |TAMS 0x0000000089400000| PB 0x0000000089400000| Untracked 
| 117|0x0000000089500000, 0x0000000089500000, 0x0000000089600000|  0%| F|  |TAMS 0x0000000089500000| PB 0x0000000089500000| Untracked 
| 118|0x0000000089600000, 0x0000000089600000, 0x0000000089700000|  0%| F|  |TAMS 0x0000000089600000| PB 0x0000000089600000| Untracked 
| 119|0x0000000089700000, 0x0000000089700000, 0x0000000089800000|  0%| F|  |TAMS 0x0000000089700000| PB 0x0000000089700000| Untracked 
| 120|0x0000000089800000, 0x00000000898cda30, 0x0000000089900000| 80%| E|  |TAMS 0x0000000089800000| PB 0x0000000089800000| Complete 
| 121|0x0000000089900000, 0x0000000089a00000, 0x0000000089a00000|100%| E|CS|TAMS 0x0000000089900000| PB 0x0000000089900000| Complete 
| 122|0x0000000089a00000, 0x0000000089b00000, 0x0000000089b00000|100%| E|CS|TAMS 0x0000000089a00000| PB 0x0000000089a00000| Complete 
| 123|0x0000000089b00000, 0x0000000089c00000, 0x0000000089c00000|100%| E|  |TAMS 0x0000000089b00000| PB 0x0000000089b00000| Complete 
| 124|0x0000000089c00000, 0x0000000089d00000, 0x0000000089d00000|100%| E|CS|TAMS 0x0000000089c00000| PB 0x0000000089c00000| Complete 
| 125|0x0000000089d00000, 0x0000000089e00000, 0x0000000089e00000|100%| E|CS|TAMS 0x0000000089d00000| PB 0x0000000089d00000| Complete 

Card table byte_map: [0x000001c1387c0000,0x000001c138bb0000] _byte_map_base: 0x000001c1383b0000

Marking Bits: (CMBitMap*) 0x000001c120fad000
 Bits: [0x000001c138bb0000, 0x000001c13ab30000)

Polling page: 0x000001c11edb0000

Metaspace:

Usage:
  Non-class:      1.58 MB used.
      Class:    153.08 KB used.
       Both:      1.73 MB used.

Virtual space:
  Non-class space:       64.00 MB reserved,       1.62 MB (  3%) committed,  1 nodes.
      Class space:        1.00 GB reserved,     256.00 KB ( <1%) committed,  1 nodes.
             Both:        1.06 GB reserved,       1.88 MB ( <1%) committed. 

Chunk freelists:
   Non-Class:  11.39 MB
       Class:  15.67 MB
        Both:  27.06 MB

MaxMetaspaceSize: unlimited
CompressedClassSpaceSize: 1.00 GB
Initial GC threshold: 21.00 MB
Current GC threshold: 21.00 MB
CDS: on
 - commit_granule_bytes: 65536.
 - commit_granule_words: 8192.
 - virtual_space_node_default_size: 8388608.
 - enlarge_chunks_in_place: 1.
 - use_allocation_guard: 0.


Internal statistics:

num_allocs_failed_limit: 0.
num_arena_births: 28.
num_arena_deaths: 0.
num_vsnodes_births: 2.
num_vsnodes_deaths: 0.
num_space_committed: 30.
num_space_uncommitted: 0.
num_chunks_returned_to_freelist: 0.
num_chunks_taken_from_freelist: 65.
num_chunk_merges: 0.
num_chunk_splits: 44.
num_chunks_enlarged: 32.
num_inconsistent_stats: 0.

CodeHeap 'non-profiled nmethods': size=120000Kb used=140Kb max_used=140Kb free=119859Kb
 bounds [0x000001c130ea0000, 0x000001c131110000, 0x000001c1383d0000]
CodeHeap 'profiled nmethods': size=120000Kb used=644Kb max_used=644Kb free=119355Kb
 bounds [0x000001c1293d0000, 0x000001c129640000, 0x000001c130900000]
CodeHeap 'non-nmethods': size=5760Kb used=1297Kb max_used=1311Kb free=4462Kb
 bounds [0x000001c130900000, 0x000001c130b70000, 0x000001c130ea0000]
 total_blobs=869 nmethods=456 adapters=318
 compilation: enabled
              stopped_count=0, restarted_count=0
 full_count=0

Compilation events (20 events):
Event: 11.483 Thread 0x000001c13cfe1550  446       3       jdk.internal.jimage.ImageLocation::readValue (61 bytes)
Event: 11.484 Thread 0x000001c13cfe1550 nmethod 446 0x000001c12946d710 code [0x000001c12946d8e0, 0x000001c12946dca0]
Event: 11.484 Thread 0x000001c13cfde8e0  447       4       java.nio.DirectByteBuffer::ix (10 bytes)
Event: 11.484 Thread 0x000001c13cfde8e0 nmethod 447 0x000001c130ec1e90 code [0x000001c130ec2020, 0x000001c130ec20b0]
Event: 11.486 Thread 0x000001c13cfe1550  448       1       java.nio.Buffer::position (5 bytes)
Event: 11.486 Thread 0x000001c13cfe1550 nmethod 448 0x000001c130ec2190 code [0x000001c130ec2320, 0x000001c130ec23e8]
Event: 11.488 Thread 0x000001c13cfe1550  450       3       java.util.ArrayDeque::pollFirst (36 bytes)
Event: 11.488 Thread 0x000001c13cfe1550 nmethod 450 0x000001c12946de10 code [0x000001c12946dfe0, 0x000001c12946e3e0]
Event: 11.489 Thread 0x000001c13cfe1550  451       3       java.lang.ref.Cleaner::register (25 bytes)
Event: 11.490 Thread 0x000001c13cfe1550 nmethod 451 0x000001c12946e590 code [0x000001c12946e780, 0x000001c12946ecc8]
Event: 11.490 Thread 0x000001c13cfe1550  452       3       jdk.internal.ref.CleanerImpl$PhantomCleanableRef::<init> (12 bytes)
Event: 11.490 Thread 0x000001c13cfe1550 nmethod 452 0x000001c12946ef10 code [0x000001c12946f0c0, 0x000001c12946f260]
Event: 11.490 Thread 0x000001c13cfe1550  454       3       java.util.LinkedHashMap::get (29 bytes)
Event: 11.491 Thread 0x000001c13cfe1550 nmethod 454 0x000001c12946f310 code [0x000001c12946f4e0, 0x000001c12946f730]
Event: 11.491 Thread 0x000001c13cfe1550  455       3       java.lang.AbstractStringBuilder::append (67 bytes)
Event: 11.492 Thread 0x000001c13cfe1550 nmethod 455 0x000001c12946f810 code [0x000001c12946fa20, 0x000001c1294700b8]
Event: 11.492 Thread 0x000001c13cfe1550  456       3       java.util.ArrayList::add (25 bytes)
Event: 11.493 Thread 0x000001c13cfe1550 nmethod 456 0x000001c129470290 code [0x000001c129470460, 0x000001c129470888]
Event: 11.493 Thread 0x000001c13cfe1550  457       3       java.util.ArrayList::add (23 bytes)
Event: 11.493 Thread 0x000001c13cfe1550 nmethod 457 0x000001c129470a90 code [0x000001c129470c60, 0x000001c129471008]

GC Heap History (0 events):
No events

Dll operation events (8 events):
Event: 0.871 Loaded shared library C:\Program Files\Java\jdk-21\bin\java.dll
Event: 3.012 Loaded shared library C:\Program Files\Java\jdk-21\bin\jsvml.dll
Event: 3.690 Loaded shared library C:\Program Files\Java\jdk-21\bin\net.dll
Event: 3.693 Loaded shared library C:\Program Files\Java\jdk-21\bin\nio.dll
Event: 3.700 Loaded shared library C:\Program Files\Java\jdk-21\bin\zip.dll
Event: 10.809 Loaded shared library C:\Program Files\Java\jdk-21\bin\jimage.dll
Event: 10.963 Loaded shared library C:\Program Files\NetBeans-21\netbeans\java\maven\lib\jansi-native\Windows\x86_64\jansi.dll
Event: 11.117 Loaded shared library C:\Program Files\Java\jdk-21\bin\verify.dll

Deoptimization events (8 events):
Event: 4.932 Thread 0x000001c11ede7e90 Uncommon trap: trap_request=0xffffff45 fr.pc=0x000001c130ea4d14 relative=0x00000000000001f4
Event: 4.932 Thread 0x000001c11ede7e90 Uncommon trap: reason=unstable_if action=reinterpret pc=0x000001c130ea4d14 method=java.lang.StringLatin1.hashCode([B)I @ 2 c2
Event: 4.932 Thread 0x000001c11ede7e90 DEOPT PACKING pc=0x000001c130ea4d14 sp=0x0000004b8fefd4d0
Event: 4.932 Thread 0x000001c11ede7e90 DEOPT UNPACKING pc=0x000001c1309546a2 sp=0x0000004b8fefd408 mode 2
Event: 7.288 Thread 0x000001c11ede7e90 Uncommon trap: trap_request=0xffffff45 fr.pc=0x000001c130eabdd0 relative=0x0000000000000130
Event: 7.288 Thread 0x000001c11ede7e90 Uncommon trap: reason=unstable_if action=reinterpret pc=0x000001c130eabdd0 method=java.lang.StringCoding.countPositives([BII)I @ 17 c2
Event: 7.288 Thread 0x000001c11ede7e90 DEOPT PACKING pc=0x000001c130eabdd0 sp=0x0000004b8fefa230
Event: 7.288 Thread 0x000001c11ede7e90 DEOPT UNPACKING pc=0x000001c1309546a2 sp=0x0000004b8fefa1d0 mode 2

Classes loaded (20 events):
Event: 11.181 Loading class java/util/LinkedHashMap$LinkedValueIterator
Event: 11.181 Loading class java/util/LinkedHashMap$LinkedValueIterator done
Event: 11.203 Loading class java/util/AbstractList$ListItr
Event: 11.203 Loading class java/util/AbstractList$Itr
Event: 11.203 Loading class java/util/AbstractList$Itr done
Event: 11.203 Loading class java/util/AbstractList$ListItr done
Event: 11.204 Loading class java/util/LinkedList$Node
Event: 11.204 Loading class java/util/LinkedList$Node done
Event: 11.214 Loading class java/util/Collections$UnmodifiableMap$UnmodifiableEntrySet
Event: 11.216 Loading class java/util/Collections$UnmodifiableMap$UnmodifiableEntrySet done
Event: 11.216 Loading class java/util/Collections$UnmodifiableMap$UnmodifiableEntrySet$1
Event: 11.216 Loading class java/util/Collections$UnmodifiableMap$UnmodifiableEntrySet$1 done
Event: 11.216 Loading class java/util/Collections$UnmodifiableMap$UnmodifiableEntrySet$UnmodifiableEntry
Event: 11.216 Loading class java/util/Collections$UnmodifiableMap$UnmodifiableEntrySet$UnmodifiableEntry done
Event: 11.479 Loading class java/util/Stack
Event: 11.479 Loading class java/util/Stack done
Event: 11.569 Loading class java/lang/Character$UnicodeBlock
Event: 11.570 Loading class java/lang/Character$Subset
Event: 11.570 Loading class java/lang/Character$Subset done
Event: 11.574 Loading class java/lang/Character$UnicodeBlock done

Classes unloaded (0 events):
No events

Classes redefined (0 events):
No events

Internal exceptions (18 events):
Event: 4.214 Thread 0x000001c11ede7e90 Exception <a 'java/lang/NoSuchMethodError'{0x0000000089b17870}: 'int java.lang.invoke.DirectMethodHandle$Holder.invokeSpecial(java.lang.Object, java.lang.Object, java.lang.Object)'> (0x0000000089b17870) 
thrown [s\open\src\hotspot\share\interpreter\linkResolver.cpp, line 773]
Event: 10.217 Thread 0x000001c11ede7e90 Exception <a 'java/lang/NoSuchMethodError'{0x0000000089936368}: 'java.lang.Object java.lang.invoke.Invokers$Holder.invokeExact_MT(java.lang.Object, java.lang.Object, java.lang.Object, java.lang.Object, java.lang.Object)'> (0x0000000089936368) 
thrown [s\open\src\hotspot\share\interpreter\linkResolver.cpp, line 773]
Event: 10.802 Thread 0x000001c11ede7e90 Exception <a 'java/lang/NullPointerException'{0x000000008998b0c8}> (0x000000008998b0c8) 
thrown [s\open\src\hotspot\share\interpreter\linkResolver.cpp, line 1372]
Event: 10.971 Thread 0x000001c11ede7e90 Exception <a 'java/lang/NullPointerException'{0x00000000899c3028}> (0x00000000899c3028) 
thrown [s\open\src\hotspot\share\interpreter\linkResolver.cpp, line 1372]
Event: 10.971 Thread 0x000001c11ede7e90 Exception <a 'java/lang/NullPointerException'{0x00000000899c3308}> (0x00000000899c3308) 
thrown [s\open\src\hotspot\share\interpreter\linkResolver.cpp, line 1372]
Event: 10.971 Thread 0x000001c11ede7e90 Exception <a 'java/lang/NullPointerException'{0x00000000899c35e8}> (0x00000000899c35e8) 
thrown [s\open\src\hotspot\share\interpreter\linkResolver.cpp, line 1372]
Event: 10.975 Thread 0x000001c11ede7e90 Exception <a 'java/lang/NullPointerException'{0x00000000899c8350}> (0x00000000899c8350) 
thrown [s\open\src\hotspot\share\interpreter\linkResolver.cpp, line 1372]
Event: 10.979 Thread 0x000001c11ede7e90 Exception <a 'java/lang/NullPointerException'{0x00000000899db5d0}> (0x00000000899db5d0) 
thrown [s\open\src\hotspot\share\interpreter\linkResolver.cpp, line 1372]
Event: 10.979 Thread 0x000001c11ede7e90 Exception <a 'java/lang/NullPointerException'{0x00000000899db8b0}> (0x00000000899db8b0) 
thrown [s\open\src\hotspot\share\interpreter\linkResolver.cpp, line 1372]
Event: 10.979 Thread 0x000001c11ede7e90 Exception <a 'java/lang/NullPointerException'{0x00000000899dbb90}> (0x00000000899dbb90) 
thrown [s\open\src\hotspot\share\interpreter\linkResolver.cpp, line 1372]
Event: 10.979 Thread 0x000001c11ede7e90 Exception <a 'java/lang/NullPointerException'{0x00000000899dbe70}> (0x00000000899dbe70) 
thrown [s\open\src\hotspot\share\interpreter\linkResolver.cpp, line 1372]
Event: 10.995 Thread 0x000001c11ede7e90 Exception <a 'sun/nio/fs/WindowsException'{0x0000000089804fb0}> (0x0000000089804fb0) 
thrown [s\open\src\hotspot\share\prims\jni.cpp, line 520]
Event: 10.996 Thread 0x000001c11ede7e90 Exception <a 'sun/nio/fs/WindowsException'{0x00000000898056d0}> (0x00000000898056d0) 
thrown [s\open\src\hotspot\share\prims\jni.cpp, line 520]
Event: 10.996 Thread 0x000001c11ede7e90 Exception <a 'sun/nio/fs/WindowsException'{0x0000000089805c48}> (0x0000000089805c48) 
thrown [s\open\src\hotspot\share\prims\jni.cpp, line 520]
Event: 10.996 Thread 0x000001c11ede7e90 Exception <a 'sun/nio/fs/WindowsException'{0x0000000089806158}> (0x0000000089806158) 
thrown [s\open\src\hotspot\share\prims\jni.cpp, line 520]
Event: 10.996 Thread 0x000001c11ede7e90 Exception <a 'sun/nio/fs/WindowsException'{0x0000000089806660}> (0x0000000089806660) 
thrown [s\open\src\hotspot\share\prims\jni.cpp, line 520]
Event: 10.996 Thread 0x000001c11ede7e90 Exception <a 'sun/nio/fs/WindowsException'{0x0000000089806b20}> (0x0000000089806b20) 
thrown [s\open\src\hotspot\share\prims\jni.cpp, line 520]
Event: 11.480 Thread 0x000001c11ede7e90 Exception <a 'java/lang/NoSuchMethodError'{0x0000000089876df8}: 'void java.lang.invoke.DirectMethodHandle$Holder.invokeStatic(java.lang.Object, java.lang.Object, java.lang.Object)'> (0x0000000089876df8) 
thrown [s\open\src\hotspot\share\interpreter\linkResolver.cpp, line 773]

ZGC Phase Switch (0 events):
No events

VM Operations (16 events):
Event: 3.356 Executing VM operation: Cleanup
Event: 3.432 Executing VM operation: Cleanup done
Event: 3.702 Executing VM operation: HandshakeAllThreads (Deoptimize)
Event: 3.702 Executing VM operation: HandshakeAllThreads (Deoptimize) done
Event: 4.709 Executing VM operation: Cleanup
Event: 4.930 Executing VM operation: Cleanup done
Event: 5.939 Executing VM operation: Cleanup
Event: 5.939 Executing VM operation: Cleanup done
Event: 7.957 Executing VM operation: Cleanup
Event: 8.068 Executing VM operation: Cleanup done
Event: 10.077 Executing VM operation: Cleanup
Event: 10.205 Executing VM operation: Cleanup done
Event: 10.800 Executing VM operation: HandshakeAllThreads (Deoptimize)
Event: 10.800 Executing VM operation: HandshakeAllThreads (Deoptimize) done
Event: 10.818 Executing VM operation: HandshakeAllThreads (Deoptimize)
Event: 10.818 Executing VM operation: HandshakeAllThreads (Deoptimize) done

Events (11 events):
Event: 0.922 Thread 0x000001c11ede7e90 Thread added: 0x000001c11ede7e90
Event: 2.383 Thread 0x000001c13cfd5870 Thread added: 0x000001c13cfd5870
Event: 2.383 Thread 0x000001c13cfd6940 Thread added: 0x000001c13cfd6940
Event: 2.384 Thread 0x000001c13cfd9720 Thread added: 0x000001c13cfd9720
Event: 2.384 Thread 0x000001c13cfdc690 Thread added: 0x000001c13cfdc690
Event: 2.384 Thread 0x000001c13cfdd0f0 Thread added: 0x000001c13cfdd0f0
Event: 2.384 Thread 0x000001c13cfddb50 Thread added: 0x000001c13cfddb50
Event: 2.384 Thread 0x000001c13cfde8e0 Thread added: 0x000001c13cfde8e0
Event: 2.644 Thread 0x000001c13cfe1550 Thread added: 0x000001c13cfe1550
Event: 3.441 Thread 0x000001c13d24aa90 Thread added: 0x000001c13d24aa90
Event: 3.448 Thread 0x000001c13d24b6d0 Thread added: 0x000001c13d24b6d0


Dynamic libraries:
0x00007ff652d90000 - 0x00007ff652da0000 	C:\Program Files\Java\jdk-21\bin\java.exe
0x00007ff9c74f0000 - 0x00007ff9c76e8000 	C:\Windows\SYSTEM32\ntdll.dll
0x00007ff9c73e0000 - 0x00007ff9c749d000 	C:\Windows\System32\KERNEL32.DLL
0x00007ff9c5040000 - 0x00007ff9c5336000 	C:\Windows\System32\KERNELBASE.dll
0x00007ff9c5390000 - 0x00007ff9c5490000 	C:\Windows\System32\ucrtbase.dll
0x00007ff9c1810000 - 0x00007ff9c1829000 	C:\Program Files\Java\jdk-21\bin\jli.dll
0x00007ff9c6bc0000 - 0x00007ff9c6c70000 	C:\Windows\System32\ADVAPI32.dll
0x00007ff9c6a70000 - 0x00007ff9c6b0e000 	C:\Windows\System32\msvcrt.dll
0x00007ff9c67f0000 - 0x00007ff9c6890000 	C:\Windows\System32\sechost.dll
0x00007ff9c72b0000 - 0x00007ff9c73d5000 	C:\Windows\System32\RPCRT4.dll
0x00007ff9c4ec0000 - 0x00007ff9c4ee7000 	C:\Windows\System32\bcrypt.dll
0x00007ff9c5610000 - 0x00007ff9c57ae000 	C:\Windows\System32\USER32.dll
0x00007ff9c4ef0000 - 0x00007ff9c4f12000 	C:\Windows\System32\win32u.dll
0x00007ff9c66f0000 - 0x00007ff9c671b000 	C:\Windows\System32\GDI32.dll
0x00007ff9c4f20000 - 0x00007ff9c5037000 	C:\Windows\System32\gdi32full.dll
0x00007ff9c4e20000 - 0x00007ff9c4ebd000 	C:\Windows\System32\msvcp_win.dll
0x00007ff9be6c0000 - 0x00007ff9be6db000 	C:\Program Files\Java\jdk-21\bin\VCRUNTIME140.dll
0x00007ff9b5df0000 - 0x00007ff9b608a000 	C:\Windows\WinSxS\amd64_microsoft.windows.common-controls_6595b64144ccf1df_6.0.19041.3636_none_60b6a03d71f818d5\COMCTL32.dll
0x00007ff9b33c0000 - 0x00007ff9b33ca000 	C:\Windows\SYSTEM32\VERSION.dll
0x00007ff9c5520000 - 0x00007ff9c5552000 	C:\Windows\System32\IMM32.DLL
0x00007ff9c0660000 - 0x00007ff9c066c000 	C:\Program Files\Java\jdk-21\bin\vcruntime140_1.dll
0x00007ff9b2fe0000 - 0x00007ff9b306e000 	C:\Program Files\Java\jdk-21\bin\msvcp140.dll
0x00007ff99aba0000 - 0x00007ff99b8b7000 	C:\Program Files\Java\jdk-21\bin\server\jvm.dll
0x00007ff9c6780000 - 0x00007ff9c67eb000 	C:\Windows\System32\WS2_32.dll
0x00007ff9c4140000 - 0x00007ff9c418b000 	C:\Windows\SYSTEM32\POWRPROF.dll
0x00007ff9b6c60000 - 0x00007ff9b6c87000 	C:\Windows\SYSTEM32\WINMM.dll
0x00007ff9c3fb0000 - 0x00007ff9c3fc2000 	C:\Windows\SYSTEM32\UMPDC.dll
0x00007ff9c2a50000 - 0x00007ff9c2a62000 	C:\Windows\SYSTEM32\kernel.appcore.dll
0x00007ff9bf6d0000 - 0x00007ff9bf6da000 	C:\Program Files\Java\jdk-21\bin\jimage.dll
0x00007ff9b0000000 - 0x00007ff9b01e4000 	C:\Windows\SYSTEM32\DBGHELP.DLL
0x00007ff9affc0000 - 0x00007ff9afff4000 	C:\Windows\SYSTEM32\dbgcore.DLL
0x00007ff9c5490000 - 0x00007ff9c5512000 	C:\Windows\System32\bcryptPrimitives.dll
0x00007ff9be6a0000 - 0x00007ff9be6bf000 	C:\Program Files\Java\jdk-21\bin\java.dll
0x00007ff9c58d0000 - 0x00007ff9c603b000 	C:\Windows\System32\SHELL32.dll
0x00007ff9c2c50000 - 0x00007ff9c33ee000 	C:\Windows\SYSTEM32\windows.storage.dll
0x00007ff9c6c70000 - 0x00007ff9c6fc3000 	C:\Windows\System32\combase.dll
0x00007ff9c45d0000 - 0x00007ff9c45fe000 	C:\Windows\SYSTEM32\Wldp.dll
0x00007ff9c6040000 - 0x00007ff9c610d000 	C:\Windows\System32\OLEAUT32.dll
0x00007ff9c5560000 - 0x00007ff9c560d000 	C:\Windows\System32\SHCORE.dll
0x00007ff9c6170000 - 0x00007ff9c61c5000 	C:\Windows\System32\shlwapi.dll
0x00007ff9c4ad0000 - 0x00007ff9c4af5000 	C:\Windows\SYSTEM32\profapi.dll
0x00007ff9b30a0000 - 0x00007ff9b3177000 	C:\Program Files\Java\jdk-21\bin\jsvml.dll
0x00007ff9bdf60000 - 0x00007ff9bdf70000 	C:\Program Files\Java\jdk-21\bin\net.dll
0x00007ff9ba400000 - 0x00007ff9ba50a000 	C:\Windows\SYSTEM32\WINHTTP.dll
0x00007ff9c4330000 - 0x00007ff9c439a000 	C:\Windows\system32\mswsock.dll
0x00007ff9ba3b0000 - 0x00007ff9ba3c6000 	C:\Program Files\Java\jdk-21\bin\nio.dll
0x00007ff9b3080000 - 0x00007ff9b3098000 	C:\Program Files\Java\jdk-21\bin\zip.dll
0x0000000069ac0000 - 0x0000000069ae4000 	C:\Program Files\NetBeans-21\netbeans\java\maven\lib\jansi-native\Windows\x86_64\jansi.dll
0x00007ff9bdf50000 - 0x00007ff9bdf60000 	C:\Program Files\Java\jdk-21\bin\verify.dll

dbghelp: loaded successfully - version: 4.0.5 - missing functions: none
symbol engine: initialized successfully - sym options: 0x614 - pdb path: .;C:\Program Files\Java\jdk-21\bin;C:\Windows\SYSTEM32;C:\Windows\WinSxS\amd64_microsoft.windows.common-controls_6595b64144ccf1df_6.0.19041.3636_none_60b6a03d71f818d5;C:\Program Files\Java\jdk-21\bin\server;C:\Program Files\NetBeans-21\netbeans\java\maven\lib\jansi-native\Windows\x86_64

VM Arguments:
jvm_args: -Dclassworlds.conf=C:\Program Files\NetBeans-21\netbeans\java\maven\bin\m2.conf -Dmaven.home=C:\Program Files\NetBeans-21\netbeans\java\maven -Dlibrary.jansi.path=C:\Program Files\NetBeans-21\netbeans\java\maven\lib\jansi-native -Dmaven.multiModuleProjectDirectory=C:\Users\JM\Documents\NetBeansProjects\SGB 
java_command: org.codehaus.plexus.classworlds.launcher.Launcher -Dmaven.ext.class.path=C:\Program Files\NetBeans-21\netbeans\java\maven-nblib\netbeans-eventspy.jar --no-transfer-progress install
java_class_path (initial): C:\Program Files\NetBeans-21\netbeans\java\maven\boot\plexus-classworlds-2.7.0.jar
Launcher Type: SUN_STANDARD

[Global flags]
     intx CICompilerCount                          = 3                                         {product} {ergonomic}
     uint ConcGCThreads                            = 1                                         {product} {ergonomic}
     uint G1ConcRefinementThreads                  = 4                                         {product} {ergonomic}
   size_t G1HeapRegionSize                         = 1048576                                   {product} {ergonomic}
    uintx GCDrainStackTargetSize                   = 64                                        {product} {ergonomic}
   size_t InitialHeapSize                          = 132120576                                 {product} {ergonomic}
   size_t MarkStackSize                            = 4194304                                   {product} {ergonomic}
   size_t MaxHeapSize                              = 2113929216                                {product} {ergonomic}
   size_t MaxNewSize                               = 1267728384                                {product} {ergonomic}
   size_t MinHeapDeltaBytes                        = 1048576                                   {product} {ergonomic}
   size_t MinHeapSize                              = 8388608                                   {product} {ergonomic}
    uintx NonNMethodCodeHeapSize                   = 5832780                                {pd product} {ergonomic}
    uintx NonProfiledCodeHeapSize                  = 122912730                              {pd product} {ergonomic}
    uintx ProfiledCodeHeapSize                     = 122912730                              {pd product} {ergonomic}
    uintx ReservedCodeCacheSize                    = 251658240                              {pd product} {ergonomic}
     bool SegmentedCodeCache                       = true                                      {product} {ergonomic}
   size_t SoftMaxHeapSize                          = 2113929216                             {manageable} {ergonomic}
     bool UseCompressedOops                        = true                           {product lp64_product} {ergonomic}
     bool UseG1GC                                  = true                                      {product} {ergonomic}
     bool UseLargePagesIndividualAllocation        = false                                  {pd product} {ergonomic}

Logging:
Log output configuration:
 #0: stdout all=warning uptime,level,tags foldmultilines=false
 #1: stderr all=off uptime,level,tags foldmultilines=false

Environment Variables:
JAVA_HOME=C:\Program Files\Java\jdk-21
PATH=C:\Program Files\Common Files\Oracle\Java\javapath;C:\Windows\system32;C:\Windows;C:\Windows\System32\Wbem;C:\Windows\System32\WindowsPowerShell\v1.0\;C:\Windows\System32\OpenSSH\;C:\Program Files\Git\cmd;C:\Program Files\nodejs\;C:\Users\JM\AppData\Local\Microsoft\WindowsApps;;C:\Program Files\JetBrains\IntelliJ IDEA 2023.3.5\bin;;C:\Users\JM\AppData\Roaming\npm
USERNAME=JM
OS=Windows_NT
PROCESSOR_IDENTIFIER=Intel64 Family 6 Model 58 Stepping 9, GenuineIntel
TMP=C:\Users\JM\AppData\Local\Temp
TEMP=C:\Users\JM\AppData\Local\Temp




Periodic native trim disabled

---------------  S Y S T E M  ---------------

OS:
 Windows 10 , 64 bit Build 19041 (10.0.19041.3636)
OS uptime: 2 days 4:54 hours

CPU: total 4 (initial active 4) (2 cores per cpu, 2 threads per core) family 6 model 58 stepping 9 microcode 0x21, cx8, cmov, fxsr, ht, mmx, sse, sse2, sse3, ssse3, sse4.1, sse4.2, popcnt, tsc, tscinvbit, avx, aes, erms, clmul, vzeroupper, clflush, rdtscp, f16c
Processor Information for all 4 processors :
  Max Mhz: 2501, Current Mhz: 2501, Mhz Limit: 2501

Memory: 4k page, system-wide physical 8057M (512M free)
TotalPageFile size 22281M (AvailPageFile size 731M)
current process WorkingSet (physical memory assigned to process): 44M, peak: 44M
current process commit charge ("private bytes"): 203M, peak: 203M

vm_info: Java HotSpot(TM) 64-Bit Server VM (21.0.2+13-LTS-58) for windows-amd64 JRE (21.0.2+13-LTS-58), built on 2024-01-05T18:32:24Z by "mach5one" with MS VC++ 17.1 (VS2022)

END.
