#
# There is insufficient memory for the Java Runtime Environment to continue.
# Native memory allocation (mmap) failed to map 132120576 bytes for G1 virtual space
# Possible reasons:
#   The system is out of physical RAM or swap space
#   The process is running with CompressedOops enabled, and the Java Heap may be blocking the growth of the native heap
# Possible solutions:
#   Reduce memory load on the system
#   Increase physical memory or swap space
#   Check if swap backing store is full
#   Decrease Java heap size (-Xmx/-Xms)
#   Decrease number of Java threads
#   Decrease Java thread stack sizes (-Xss)
#   Set larger code cache with -XX:ReservedCodeCacheSize=
#   JVM is running with Unscaled Compressed Oops mode in which the Java heap is
#     placed in the first 4GB address space. The Java Heap base address is the
#     maximum limit for the native heap growth. Please use -XX:HeapBaseMinAddress
#     to set the Java Heap base and to place the Java Heap above 4GB virtual address.
# This output file may be truncated or incomplete.
#
#  Out of Memory Error (os_windows.cpp:3600), pid=16580, tid=17080
#
# JRE version:  (21.0.2+13) (build )
# Java VM: Java HotSpot(TM) 64-Bit Server VM (21.0.2+13-LTS-58, mixed mode, sharing, tiered, compressed oops, compressed class ptrs, g1 gc, windows-amd64)
# No core dump will be written. Minidumps are not enabled by default on client versions of Windows
#

---------------  S U M M A R Y ------------

Command Line: -Dclassworlds.conf=C:\Program Files\NetBeans-21\netbeans\java\maven\bin\m2.conf -Dmaven.home=C:\Program Files\NetBeans-21\netbeans\java\maven -Dlibrary.jansi.path=C:\Program Files\NetBeans-21\netbeans\java\maven\lib\jansi-native -Dmaven.multiModuleProjectDirectory=C:\Users\JM\Documents\NetBeansProjects\SGB org.codehaus.plexus.classworlds.launcher.Launcher -Dmaven.ext.class.path=C:\Program Files\NetBeans-21\netbeans\java\maven-nblib\netbeans-eventspy.jar --no-transfer-progress install

Host: Intel(R) Core(TM) i5-3210M CPU @ 2.50GHz, 4 cores, 7G,  Windows 10 , 64 bit Build 19041 (10.0.19041.3636)
Time: Fri Mar 29 12:24:58 2024 Hora est. Pacífico, Sudamérica elapsed time: 7.430928 seconds (0d 0h 0m 7s)

---------------  T H R E A D  ---------------

Current thread (0x0000014e9fb27e90):  JavaThread "Unknown thread" [_thread_in_vm, id=17080, stack(0x0000002c75800000,0x0000002c75900000) (1024K)]

Stack: [0x0000002c75800000,0x0000002c75900000]
Native frames: (J=compiled Java code, j=interpreted, Vv=VM code, C=native code)
V  [jvm.dll+0x6cade9]
V  [jvm.dll+0x8569c1]
V  [jvm.dll+0x858d2e]
V  [jvm.dll+0x859413]
V  [jvm.dll+0x280e56]
V  [jvm.dll+0x6c74d5]
V  [jvm.dll+0x6bbeca]
V  [jvm.dll+0x355bca]
V  [jvm.dll+0x35d816]
V  [jvm.dll+0x3ae67e]
V  [jvm.dll+0x3ae928]
V  [jvm.dll+0x3295dc]
V  [jvm.dll+0x32a16b]
V  [jvm.dll+0x81efa9]
V  [jvm.dll+0x3bba01]
V  [jvm.dll+0x807928]
V  [jvm.dll+0x44f50e]
V  [jvm.dll+0x450e11]
C  [jli.dll+0x52a3]
C  [ucrtbase.dll+0x21bb2]
C  [KERNEL32.DLL+0x17344]
C  [ntdll.dll+0x526b1]


---------------  P R O C E S S  ---------------

Threads class SMR info:
_java_thread_list=0x00007ff99b76bb88, length=0, elements={
}

Java Threads: ( => current thread )
Total: 0

Other Threads:
  0x0000014e9fc7c0f0 WorkerThread "GC Thread#0"                     [id=18080, stack(0x0000002c75a00000,0x0000002c75b00000) (1024K)]
  0x0000014e9fc8e4f0 ConcurrentGCThread "G1 Main Marker"            [id=18084, stack(0x0000002c75b00000,0x0000002c75c00000) (1024K)]
  0x0000014e9fc8f1a0 WorkerThread "G1 Conc#0"                       [id=18088, stack(0x0000002c75c00000,0x0000002c75d00000) (1024K)]

[error occurred during error reporting (printing all threads), id 0xc0000005, EXCEPTION_ACCESS_VIOLATION (0xc0000005) at pc=0x00007ff99aedc6a7]
VM state: not at safepoint (not fully initialized)

VM Mutex/Monitor currently owned by a thread:  ([mutex/lock_event])
[0x00007ff99b7dce68] Heap_lock - owner thread: 0x0000014e9fb27e90

Heap address: 0x0000000082000000, size: 2016 MB, Compressed Oops mode: 32-bit

CDS archive(s) mapped at: [0x0000000000000000-0x0000000000000000-0x0000000000000000), size 0, SharedBaseAddress: 0x0000000800000000, ArchiveRelocationMode: 1.
Narrow klass base: 0x0000000000000000, Narrow klass shift: 0, Narrow klass range: 0x0

GC Precious Log:
 CardTable entry size: 512
 Card Set container configuration: InlinePtr #cards 5 size 8 Array Of Cards #cards 12 size 40 Howl #buckets 4 coarsen threshold 1843 Howl Bitmap #cards 512 size 80 coarsen threshold 460 Card regions per heap region 1 cards per card region 2048

Heap:
 garbage-first heap   total 0K, used 0K [0x0000000082000000, 0x0000000100000000)
  region size 1024K, 0 young (0K), 0 survivors (0K)

[error occurred during error reporting (printing heap information), id 0xc0000005, EXCEPTION_ACCESS_VIOLATION (0xc0000005) at pc=0x00007ff99b2c39f9]
GC Heap History (0 events):
No events

Dll operation events (1 events):
Event: 6.349 Loaded shared library C:\Program Files\Java\jdk-21\bin\java.dll

Deoptimization events (0 events):
No events

Classes loaded (0 events):
No events

Classes unloaded (0 events):
No events

Classes redefined (0 events):
No events

Internal exceptions (0 events):
No events

ZGC Phase Switch (0 events):
No events

VM Operations (0 events):
No events

Events (0 events):
No events


Dynamic libraries:
0x00007ff652d90000 - 0x00007ff652da0000 	C:\Program Files\Java\jdk-21\bin\java.exe
0x00007ff9c74f0000 - 0x00007ff9c76e8000 	C:\Windows\SYSTEM32\ntdll.dll
0x00007ff9c73e0000 - 0x00007ff9c749d000 	C:\Windows\System32\KERNEL32.DLL
0x00007ff9c5040000 - 0x00007ff9c5336000 	C:\Windows\System32\KERNELBASE.dll
0x00007ff9c5390000 - 0x00007ff9c5490000 	C:\Windows\System32\ucrtbase.dll
0x00007ff9c1810000 - 0x00007ff9c1829000 	C:\Program Files\Java\jdk-21\bin\jli.dll
0x00007ff9c6bc0000 - 0x00007ff9c6c70000 	C:\Windows\System32\ADVAPI32.dll
0x00007ff9c6a70000 - 0x00007ff9c6b0e000 	C:\Windows\System32\msvcrt.dll
0x00007ff9c67f0000 - 0x00007ff9c6890000 	C:\Windows\System32\sechost.dll
0x00007ff9c72b0000 - 0x00007ff9c73d5000 	C:\Windows\System32\RPCRT4.dll
0x00007ff9c4ec0000 - 0x00007ff9c4ee7000 	C:\Windows\System32\bcrypt.dll
0x00007ff9c5610000 - 0x00007ff9c57ae000 	C:\Windows\System32\USER32.dll
0x00007ff9c4ef0000 - 0x00007ff9c4f12000 	C:\Windows\System32\win32u.dll
0x00007ff9c66f0000 - 0x00007ff9c671b000 	C:\Windows\System32\GDI32.dll
0x00007ff9c4f20000 - 0x00007ff9c5037000 	C:\Windows\System32\gdi32full.dll
0x00007ff9c4e20000 - 0x00007ff9c4ebd000 	C:\Windows\System32\msvcp_win.dll
0x00007ff9be6c0000 - 0x00007ff9be6db000 	C:\Program Files\Java\jdk-21\bin\VCRUNTIME140.dll
0x00007ff9b5df0000 - 0x00007ff9b608a000 	C:\Windows\WinSxS\amd64_microsoft.windows.common-controls_6595b64144ccf1df_6.0.19041.3636_none_60b6a03d71f818d5\COMCTL32.dll
0x00007ff9b33c0000 - 0x00007ff9b33ca000 	C:\Windows\SYSTEM32\VERSION.dll
0x00007ff9c5520000 - 0x00007ff9c5552000 	C:\Windows\System32\IMM32.DLL
0x00007ff9c0660000 - 0x00007ff9c066c000 	C:\Program Files\Java\jdk-21\bin\vcruntime140_1.dll
0x00007ff9b2fe0000 - 0x00007ff9b306e000 	C:\Program Files\Java\jdk-21\bin\msvcp140.dll
0x00007ff99aba0000 - 0x00007ff99b8b7000 	C:\Program Files\Java\jdk-21\bin\server\jvm.dll
0x00007ff9c6780000 - 0x00007ff9c67eb000 	C:\Windows\System32\WS2_32.dll
0x00007ff9c4140000 - 0x00007ff9c418b000 	C:\Windows\SYSTEM32\POWRPROF.dll
0x00007ff9b6c60000 - 0x00007ff9b6c87000 	C:\Windows\SYSTEM32\WINMM.dll
0x00007ff9c3fb0000 - 0x00007ff9c3fc2000 	C:\Windows\SYSTEM32\UMPDC.dll
0x00007ff9c2a50000 - 0x00007ff9c2a62000 	C:\Windows\SYSTEM32\kernel.appcore.dll
0x00007ff9bf6d0000 - 0x00007ff9bf6da000 	C:\Program Files\Java\jdk-21\bin\jimage.dll
0x00007ff9b0000000 - 0x00007ff9b01e4000 	C:\Windows\SYSTEM32\DBGHELP.DLL
0x00007ff9affc0000 - 0x00007ff9afff4000 	C:\Windows\SYSTEM32\dbgcore.DLL
0x00007ff9c5490000 - 0x00007ff9c5512000 	C:\Windows\System32\bcryptPrimitives.dll
0x00007ff9be6a0000 - 0x00007ff9be6bf000 	C:\Program Files\Java\jdk-21\bin\java.dll

dbghelp: loaded successfully - version: 4.0.5 - missing functions: none
symbol engine: initialized successfully - sym options: 0x614 - pdb path: .;C:\Program Files\Java\jdk-21\bin;C:\Windows\SYSTEM32;C:\Windows\WinSxS\amd64_microsoft.windows.common-controls_6595b64144ccf1df_6.0.19041.3636_none_60b6a03d71f818d5;C:\Program Files\Java\jdk-21\bin\server

VM Arguments:
jvm_args: -Dclassworlds.conf=C:\Program Files\NetBeans-21\netbeans\java\maven\bin\m2.conf -Dmaven.home=C:\Program Files\NetBeans-21\netbeans\java\maven -Dlibrary.jansi.path=C:\Program Files\NetBeans-21\netbeans\java\maven\lib\jansi-native -Dmaven.multiModuleProjectDirectory=C:\Users\JM\Documents\NetBeansProjects\SGB 
java_command: org.codehaus.plexus.classworlds.launcher.Launcher -Dmaven.ext.class.path=C:\Program Files\NetBeans-21\netbeans\java\maven-nblib\netbeans-eventspy.jar --no-transfer-progress install
java_class_path (initial): C:\Program Files\NetBeans-21\netbeans\java\maven\boot\plexus-classworlds-2.7.0.jar
Launcher Type: SUN_STANDARD

[Global flags]
     intx CICompilerCount                          = 3                                         {product} {ergonomic}
     uint ConcGCThreads                            = 1                                         {product} {ergonomic}
     uint G1ConcRefinementThreads                  = 4                                         {product} {ergonomic}
   size_t G1HeapRegionSize                         = 1048576                                   {product} {ergonomic}
    uintx GCDrainStackTargetSize                   = 64                                        {product} {ergonomic}
   size_t InitialHeapSize                          = 132120576                                 {product} {ergonomic}
   size_t MarkStackSize                            = 4194304                                   {product} {ergonomic}
   size_t MaxHeapSize                              = 2113929216                                {product} {ergonomic}
   size_t MinHeapDeltaBytes                        = 1048576                                   {product} {ergonomic}
   size_t MinHeapSize                              = 8388608                                   {product} {ergonomic}
    uintx NonNMethodCodeHeapSize                   = 5832780                                {pd product} {ergonomic}
    uintx NonProfiledCodeHeapSize                  = 122912730                              {pd product} {ergonomic}
    uintx ProfiledCodeHeapSize                     = 122912730                              {pd product} {ergonomic}
    uintx ReservedCodeCacheSize                    = 251658240                              {pd product} {ergonomic}
     bool SegmentedCodeCache                       = true                                      {product} {ergonomic}
   size_t SoftMaxHeapSize                          = 2113929216                             {manageable} {ergonomic}
     bool UseCompressedOops                        = true                           {product lp64_product} {ergonomic}
     bool UseG1GC                                  = true                                      {product} {ergonomic}
     bool UseLargePagesIndividualAllocation        = false                                  {pd product} {ergonomic}

Logging:
Log output configuration:
 #0: stdout all=warning uptime,level,tags foldmultilines=false
 #1: stderr all=off uptime,level,tags foldmultilines=false

Environment Variables:
JAVA_HOME=C:\Program Files\Java\jdk-21
PATH=C:\Program Files\Common Files\Oracle\Java\javapath;C:\Windows\system32;C:\Windows;C:\Windows\System32\Wbem;C:\Windows\System32\WindowsPowerShell\v1.0\;C:\Windows\System32\OpenSSH\;C:\Program Files\Git\cmd;C:\Program Files\nodejs\;C:\Users\JM\AppData\Local\Microsoft\WindowsApps;;C:\Program Files\JetBrains\IntelliJ IDEA 2023.3.5\bin;;C:\Users\JM\AppData\Roaming\npm
USERNAME=JM
OS=Windows_NT
PROCESSOR_IDENTIFIER=Intel64 Family 6 Model 58 Stepping 9, GenuineIntel
TMP=C:\Users\JM\AppData\Local\Temp
TEMP=C:\Users\JM\AppData\Local\Temp




Periodic native trim disabled

---------------  S Y S T E M  ---------------

OS:
 Windows 10 , 64 bit Build 19041 (10.0.19041.3636)
OS uptime: 2 days 4:54 hours

CPU: total 4 (initial active 4) (2 cores per cpu, 2 threads per core) family 6 model 58 stepping 9 microcode 0x21, cx8, cmov, fxsr, ht, mmx, sse, sse2, sse3, ssse3, sse4.1, sse4.2, popcnt, tsc, tscinvbit, avx, aes, erms, clmul, vzeroupper, clflush, rdtscp, f16c
Processor Information for all 4 processors :
  Max Mhz: 2501, Current Mhz: 2501, Mhz Limit: 2501

Memory: 4k page, system-wide physical 8057M (402M free)
TotalPageFile size 22281M (AvailPageFile size 21M)
current process WorkingSet (physical memory assigned to process): 9M, peak: 9M
current process commit charge ("private bytes"): 51M, peak: 177M

vm_info: Java HotSpot(TM) 64-Bit Server VM (21.0.2+13-LTS-58) for windows-amd64 JRE (21.0.2+13-LTS-58), built on 2024-01-05T18:32:24Z by "mach5one" with MS VC++ 17.1 (VS2022)

END.
